before:  
# Memory
used_memory:931808
used_memory_human:909.97K
used_memory_rss:41476096
used_memory_rss_human:39.55M
used_memory_peak:2601715552
used_memory_peak_human:2.42G
used_memory_peak_perc:0.04%
used_memory_overhead:871952
used_memory_startup:810072
used_memory_dataset:59856
used_memory_dataset_perc:49.17%
allocator_allocated:1026464
allocator_active:13414400
allocator_resident:39133184
total_system_memory:16479883264
total_system_memory_human:15.35G
used_memory_lua:37888
used_memory_lua_human:37.00K
used_memory_scripts:0
used_memory_scripts_human:0B
number_of_cached_scripts:0
maxmemory:0
maxmemory_human:0B
maxmemory_policy:noeviction
allocator_frag_ratio:13.07
allocator_frag_bytes:12387936
allocator_rss_ratio:2.92
allocator_rss_bytes:25718784
rss_overhead_ratio:1.06
rss_overhead_bytes:2342912
mem_fragmentation_ratio:46.56
mem_fragmentation_bytes:40585312
mem_not_counted_for_evict:378
mem_replication_backlog:0
mem_clients_slaves:0
mem_clients_normal:61496
mem_aof_buffer:384
mem_allocator:jemalloc-5.1.0
active_defrag_running:0
lazyfree_pending_objects:0
lazyfreed_objects:0


after: 
# Memory
used_memory:101126112
used_memory_human:96.44M
used_memory_rss:130154496
used_memory_rss_human:124.12M
used_memory_peak:2601715552
used_memory_peak_human:2.42G
used_memory_peak_perc:3.89%
used_memory_overhead:25066272
used_memory_startup:810072
used_memory_dataset:76059840
used_memory_dataset_perc:75.82%
allocator_allocated:100959448
allocator_active:102027264
allocator_resident:140288000
total_system_memory:16479883264
total_system_memory_human:15.35G
used_memory_lua:37888
used_memory_lua_human:37.00K
used_memory_scripts:0
used_memory_scripts_human:0B
number_of_cached_scripts:0
maxmemory:0
maxmemory_human:0B
maxmemory_policy:noeviction
allocator_frag_ratio:1.01
allocator_frag_bytes:1067816
allocator_rss_ratio:1.38
allocator_rss_bytes:38260736
rss_overhead_ratio:0.93
rss_overhead_bytes:-10133504
mem_fragmentation_ratio:1.29
mem_fragmentation_bytes:29314880
mem_not_counted_for_evict:378
mem_replication_backlog:0
mem_clients_slaves:0
mem_clients_normal:61512
mem_aof_buffer:384
mem_allocator:jemalloc-5.1.0
active_defrag_running:0
lazyfree_pending_objects:0
lazyfreed_objects:0
