before:  
# Memory
used_memory:931504
used_memory_human:909.67K
used_memory_rss:39677952
used_memory_rss_human:37.84M
used_memory_peak:2601715552
used_memory_peak_human:2.42G
used_memory_peak_perc:0.04%
used_memory_overhead:871952
used_memory_startup:810072
used_memory_dataset:59552
used_memory_dataset_perc:49.04%
allocator_allocated:1028904
allocator_active:11620352
allocator_resident:37339136
total_system_memory:16479883264
total_system_memory_human:15.35G
used_memory_lua:37888
used_memory_lua_human:37.00K
used_memory_scripts:0
used_memory_scripts_human:0B
number_of_cached_scripts:0
maxmemory:0
maxmemory_human:0B
maxmemory_policy:noeviction
allocator_frag_ratio:11.29
allocator_frag_bytes:10591448
allocator_rss_ratio:3.21
allocator_rss_bytes:25718784
rss_overhead_ratio:1.06
rss_overhead_bytes:2338816
mem_fragmentation_ratio:44.56
mem_fragmentation_bytes:38787472
mem_not_counted_for_evict:378
mem_replication_backlog:0
mem_clients_slaves:0
mem_clients_normal:61496
mem_aof_buffer:384
mem_allocator:jemalloc-5.1.0
active_defrag_running:0
lazyfree_pending_objects:0
lazyfreed_objects:0


after: 
# Memory
used_memory:51028656
used_memory_human:48.66M
used_memory_rss:79859712
used_memory_rss_human:76.16M
used_memory_peak:2601715552
used_memory_peak_human:2.42G
used_memory_peak_perc:1.96%
used_memory_overhead:12969120
used_memory_startup:810072
used_memory_dataset:38059536
used_memory_dataset_perc:75.79%
allocator_allocated:50960256
allocator_active:52023296
allocator_resident:77697024
total_system_memory:16479883264
total_system_memory_human:15.35G
used_memory_lua:37888
used_memory_lua_human:37.00K
used_memory_scripts:0
used_memory_scripts_human:0B
number_of_cached_scripts:0
maxmemory:0
maxmemory_human:0B
maxmemory_policy:noeviction
allocator_frag_ratio:1.02
allocator_frag_bytes:1063040
allocator_rss_ratio:1.49
allocator_rss_bytes:25673728
rss_overhead_ratio:1.03
rss_overhead_bytes:2162688
mem_fragmentation_ratio:1.57
mem_fragmentation_bytes:29012336
mem_not_counted_for_evict:378
mem_replication_backlog:0
mem_clients_slaves:0
mem_clients_normal:61512
mem_aof_buffer:384
mem_allocator:jemalloc-5.1.0
active_defrag_running:0
lazyfree_pending_objects:0
lazyfreed_objects:0
