before:  
# Memory
used_memory:931200
used_memory_human:909.38K
used_memory_rss:35815424
used_memory_rss_human:34.16M
used_memory_peak:2601715552
used_memory_peak_human:2.42G
used_memory_peak_perc:0.04%
used_memory_overhead:871952
used_memory_startup:810072
used_memory_dataset:59248
used_memory_dataset_perc:48.91%
allocator_allocated:1019568
allocator_active:7749632
allocator_resident:33468416
total_system_memory:16479883264
total_system_memory_human:15.35G
used_memory_lua:37888
used_memory_lua_human:37.00K
used_memory_scripts:0
used_memory_scripts_human:0B
number_of_cached_scripts:0
maxmemory:0
maxmemory_human:0B
maxmemory_policy:noeviction
allocator_frag_ratio:7.60
allocator_frag_bytes:6730064
allocator_rss_ratio:4.32
allocator_rss_bytes:25718784
rss_overhead_ratio:1.07
rss_overhead_bytes:2347008
mem_fragmentation_ratio:40.23
mem_fragmentation_bytes:34925248
mem_not_counted_for_evict:378
mem_replication_backlog:0
mem_clients_slaves:0
mem_clients_normal:61496
mem_aof_buffer:384
mem_allocator:jemalloc-5.1.0
active_defrag_running:0
lazyfree_pending_objects:0
lazyfreed_objects:0


after: 
# Memory
used_memory:16382464
used_memory_human:15.62M
used_memory_rss:46841856
used_memory_rss_human:44.67M
used_memory_peak:2601715552
used_memory_peak_human:2.42G
used_memory_peak_perc:0.63%
used_memory_overhead:4923232
used_memory_startup:810072
used_memory_dataset:11459232
used_memory_dataset_perc:73.59%
allocator_allocated:16469360
allocator_active:18485248
allocator_resident:56143872
total_system_memory:16479883264
total_system_memory_human:15.35G
used_memory_lua:37888
used_memory_lua_human:37.00K
used_memory_scripts:0
used_memory_scripts_human:0B
number_of_cached_scripts:0
maxmemory:0
maxmemory_human:0B
maxmemory_policy:noeviction
allocator_frag_ratio:1.12
allocator_frag_bytes:2015888
allocator_rss_ratio:3.04
allocator_rss_bytes:37658624
rss_overhead_ratio:0.83
rss_overhead_bytes:-9302016
mem_fragmentation_ratio:2.87
mem_fragmentation_bytes:30492448
mem_not_counted_for_evict:3066
mem_replication_backlog:0
mem_clients_slaves:0
mem_clients_normal:61512
mem_aof_buffer:3072
mem_allocator:jemalloc-5.1.0
active_defrag_running:0
lazyfree_pending_objects:0
lazyfreed_objects:0
