before:  
# Memory
used_memory:931656
used_memory_human:909.82K
used_memory_rss:41922560
used_memory_rss_human:39.98M
used_memory_peak:2601715552
used_memory_peak_human:2.42G
used_memory_peak_perc:0.04%
used_memory_overhead:871952
used_memory_startup:810072
used_memory_dataset:59704
used_memory_dataset_perc:49.11%
allocator_allocated:1030368
allocator_active:13869056
allocator_resident:39587840
total_system_memory:16479883264
total_system_memory_human:15.35G
used_memory_lua:37888
used_memory_lua_human:37.00K
used_memory_scripts:0
used_memory_scripts_human:0B
number_of_cached_scripts:0
maxmemory:0
maxmemory_human:0B
maxmemory_policy:noeviction
allocator_frag_ratio:13.46
allocator_frag_bytes:12838688
allocator_rss_ratio:2.85
allocator_rss_bytes:25718784
rss_overhead_ratio:1.06
rss_overhead_bytes:2334720
mem_fragmentation_ratio:47.07
mem_fragmentation_bytes:41031928
mem_not_counted_for_evict:378
mem_replication_backlog:0
mem_clients_slaves:0
mem_clients_normal:61496
mem_aof_buffer:384
mem_allocator:jemalloc-5.1.0
active_defrag_running:0
lazyfree_pending_objects:0
lazyfreed_objects:0


after: 
# Memory
used_memory:72325960
used_memory_human:68.98M
used_memory_rss:101044224
used_memory_rss_human:96.36M
used_memory_peak:2601715552
used_memory_peak_human:2.42G
used_memory_peak_perc:2.78%
used_memory_overhead:19066272
used_memory_startup:810072
used_memory_dataset:53259688
used_memory_dataset_perc:74.47%
allocator_allocated:72215080
allocator_active:73289728
allocator_resident:98963456
total_system_memory:16479883264
total_system_memory_human:15.35G
used_memory_lua:37888
used_memory_lua_human:37.00K
used_memory_scripts:0
used_memory_scripts_human:0B
number_of_cached_scripts:0
maxmemory:0
maxmemory_human:0B
maxmemory_policy:noeviction
allocator_frag_ratio:1.01
allocator_frag_bytes:1074648
allocator_rss_ratio:1.35
allocator_rss_bytes:25673728
rss_overhead_ratio:1.02
rss_overhead_bytes:2080768
mem_fragmentation_ratio:1.40
mem_fragmentation_bytes:28941400
mem_not_counted_for_evict:378
mem_replication_backlog:0
mem_clients_slaves:0
mem_clients_normal:61512
mem_aof_buffer:384
mem_allocator:jemalloc-5.1.0
active_defrag_running:0
lazyfree_pending_objects:0
lazyfreed_objects:0
