before:  
# Memory
used_memory:934040
used_memory_human:912.15K
used_memory_rss:38576128
used_memory_rss_human:36.79M
used_memory_peak:2601715552
used_memory_peak_human:2.42G
used_memory_peak_perc:0.04%
used_memory_overhead:874640
used_memory_startup:810072
used_memory_dataset:59400
used_memory_dataset_perc:47.92%
allocator_allocated:1028672
allocator_active:10518528
allocator_resident:36237312
total_system_memory:16479883264
total_system_memory_human:15.35G
used_memory_lua:37888
used_memory_lua_human:37.00K
used_memory_scripts:0
used_memory_scripts_human:0B
number_of_cached_scripts:0
maxmemory:0
maxmemory_human:0B
maxmemory_policy:noeviction
allocator_frag_ratio:10.23
allocator_frag_bytes:9489856
allocator_rss_ratio:3.45
allocator_rss_bytes:25718784
rss_overhead_ratio:1.06
rss_overhead_bytes:2338816
mem_fragmentation_ratio:43.20
mem_fragmentation_bytes:37683112
mem_not_counted_for_evict:3066
mem_replication_backlog:0
mem_clients_slaves:0
mem_clients_normal:61496
mem_aof_buffer:3072
mem_allocator:jemalloc-5.1.0
active_defrag_running:0
lazyfree_pending_objects:0
lazyfreed_objects:0


after: 
# Memory
used_memory:21179928
used_memory_human:20.20M
used_memory_rss:50532352
used_memory_rss_human:48.19M
used_memory_peak:2601715552
used_memory_peak_human:2.42G
used_memory_peak_perc:0.81%
used_memory_overhead:5920544
used_memory_startup:810072
used_memory_dataset:15259384
used_memory_dataset_perc:74.91%
allocator_allocated:21142768
allocator_active:22548480
allocator_resident:48222208
total_system_memory:16479883264
total_system_memory_human:15.35G
used_memory_lua:37888
used_memory_lua_human:37.00K
used_memory_scripts:0
used_memory_scripts_human:0B
number_of_cached_scripts:0
maxmemory:0
maxmemory_human:0B
maxmemory_policy:noeviction
allocator_frag_ratio:1.07
allocator_frag_bytes:1405712
allocator_rss_ratio:2.14
allocator_rss_bytes:25673728
rss_overhead_ratio:1.05
rss_overhead_bytes:2310144
mem_fragmentation_ratio:2.40
mem_fragmentation_bytes:29503944
mem_not_counted_for_evict:378
mem_replication_backlog:0
mem_clients_slaves:0
mem_clients_normal:61512
mem_aof_buffer:384
mem_allocator:jemalloc-5.1.0
active_defrag_running:0
lazyfree_pending_objects:0
lazyfreed_objects:0
