before:  
# Memory
used_memory:931024
used_memory_human:909.20K
used_memory_rss:34566144
used_memory_rss_human:32.96M
used_memory_peak:2601715552
used_memory_peak_human:2.42G
used_memory_peak_perc:0.04%
used_memory_overhead:871952
used_memory_startup:810072
used_memory_dataset:59072
used_memory_dataset_perc:48.84%
allocator_allocated:1027792
allocator_active:6500352
allocator_resident:32219136
total_system_memory:16479883264
total_system_memory_human:15.35G
used_memory_lua:37888
used_memory_lua_human:37.00K
used_memory_scripts:0
used_memory_scripts_human:0B
number_of_cached_scripts:0
maxmemory:0
maxmemory_human:0B
maxmemory_policy:noeviction
allocator_frag_ratio:6.32
allocator_frag_bytes:5472560
allocator_rss_ratio:4.96
allocator_rss_bytes:25718784
rss_overhead_ratio:1.07
rss_overhead_bytes:2347008
mem_fragmentation_ratio:38.84
mem_fragmentation_bytes:33676144
mem_not_counted_for_evict:378
mem_replication_backlog:0
mem_clients_slaves:0
mem_clients_normal:61496
mem_aof_buffer:384
mem_allocator:jemalloc-5.1.0
active_defrag_running:0
lazyfree_pending_objects:0
lazyfreed_objects:0


after: 
# Memory
used_memory:5993168
used_memory_human:5.72M
used_memory_rss:37126144
used_memory_rss_human:35.41M
used_memory_peak:2601715552
used_memory_peak_human:2.42G
used_memory_peak_perc:0.23%
used_memory_overhead:2134112
used_memory_startup:810072
used_memory_dataset:3859056
used_memory_dataset_perc:74.45%
allocator_allocated:5960736
allocator_active:9170944
allocator_resident:34844672
total_system_memory:16479883264
total_system_memory_human:15.35G
used_memory_lua:37888
used_memory_lua_human:37.00K
used_memory_scripts:0
used_memory_scripts_human:0B
number_of_cached_scripts:0
maxmemory:0
maxmemory_human:0B
maxmemory_policy:noeviction
allocator_frag_ratio:1.54
allocator_frag_bytes:3210208
allocator_rss_ratio:3.80
allocator_rss_bytes:25673728
rss_overhead_ratio:1.07
rss_overhead_bytes:2281472
mem_fragmentation_ratio:6.35
mem_fragmentation_bytes:31282192
mem_not_counted_for_evict:378
mem_replication_backlog:0
mem_clients_slaves:0
mem_clients_normal:61512
mem_aof_buffer:384
mem_allocator:jemalloc-5.1.0
active_defrag_running:0
lazyfree_pending_objects:0
lazyfreed_objects:0
