before:  
# Memory
used_memory:930896
used_memory_human:909.08K
used_memory_rss:41390080
used_memory_rss_human:39.47M
used_memory_peak:2601715552
used_memory_peak_human:2.42G
used_memory_peak_perc:0.04%
used_memory_overhead:851328
used_memory_startup:810072
used_memory_dataset:79568
used_memory_dataset_perc:65.85%
allocator_allocated:1014288
allocator_active:12767232
allocator_resident:39051264
total_system_memory:16479883264
total_system_memory_human:15.35G
used_memory_lua:37888
used_memory_lua_human:37.00K
used_memory_scripts:0
used_memory_scripts_human:0B
number_of_cached_scripts:0
maxmemory:0
maxmemory_human:0B
maxmemory_policy:noeviction
allocator_frag_ratio:12.59
allocator_frag_bytes:11752944
allocator_rss_ratio:3.06
allocator_rss_bytes:26284032
rss_overhead_ratio:1.06
rss_overhead_bytes:2338816
mem_fragmentation_ratio:47.64
mem_fragmentation_bytes:40521192
mem_not_counted_for_evict:252
mem_replication_backlog:0
mem_clients_slaves:0
mem_clients_normal:41000
mem_aof_buffer:256
mem_allocator:jemalloc-5.1.0
active_defrag_running:0
lazyfree_pending_objects:0
lazyfreed_objects:0


after: 
# Memory
used_memory:2982096
used_memory_human:2.84M
used_memory_rss:41091072
used_memory_rss_human:39.19M
used_memory_peak:2601715552
used_memory_peak_human:2.42G
used_memory_peak_perc:0.11%
used_memory_overhead:1403040
used_memory_startup:810072
used_memory_dataset:1579056
used_memory_dataset_perc:72.70%
allocator_allocated:3106960
allocator_active:8708096
allocator_resident:38748160
total_system_memory:16479883264
total_system_memory_human:15.35G
used_memory_lua:37888
used_memory_lua_human:37.00K
used_memory_scripts:0
used_memory_scripts_human:0B
number_of_cached_scripts:0
maxmemory:0
maxmemory_human:0B
maxmemory_policy:noeviction
allocator_frag_ratio:2.80
allocator_frag_bytes:5601136
allocator_rss_ratio:4.45
allocator_rss_bytes:30040064
rss_overhead_ratio:1.06
rss_overhead_bytes:2342912
mem_fragmentation_ratio:13.76
mem_fragmentation_bytes:38105296
mem_not_counted_for_evict:378
mem_replication_backlog:0
mem_clients_slaves:0
mem_clients_normal:61512
mem_aof_buffer:384
mem_allocator:jemalloc-5.1.0
active_defrag_running:0
lazyfree_pending_objects:0
lazyfreed_objects:0
