before:  
# Memory
used_memory:926584
used_memory_human:904.87K
used_memory_rss:19070976
used_memory_rss_human:18.19M
used_memory_peak:735381976
used_memory_peak_human:701.31M
used_memory_peak_perc:0.13%
used_memory_overhead:872080
used_memory_startup:810072
used_memory_dataset:54504
used_memory_dataset_perc:46.78%
allocator_allocated:1036608
allocator_active:10780672
allocator_resident:16564224
total_system_memory:16479883264
total_system_memory_human:15.35G
used_memory_lua:37888
used_memory_lua_human:37.00K
used_memory_scripts:0
used_memory_scripts_human:0B
number_of_cached_scripts:0
maxmemory:0
maxmemory_human:0B
maxmemory_policy:noeviction
allocator_frag_ratio:10.40
allocator_frag_bytes:9744064
allocator_rss_ratio:1.54
allocator_rss_bytes:5783552
rss_overhead_ratio:1.15
rss_overhead_bytes:2506752
mem_fragmentation_ratio:21.54
mem_fragmentation_bytes:18185416
mem_not_counted_for_evict:506
mem_replication_backlog:0
mem_clients_slaves:0
mem_clients_normal:61496
mem_aof_buffer:512
mem_allocator:jemalloc-5.1.0
active_defrag_running:0
lazyfree_pending_objects:0
lazyfreed_objects:0


after: 
# Memory
used_memory:141120888
used_memory_human:134.58M
used_memory_rss:150114304
used_memory_rss_human:143.16M
used_memory_peak:735381976
used_memory_peak_human:701.31M
used_memory_peak_perc:19.19%
used_memory_overhead:25066400
used_memory_startup:810072
used_memory_dataset:116054488
used_memory_dataset_perc:82.71%
allocator_allocated:140717552
allocator_active:141312000
allocator_resident:159907840
total_system_memory:16479883264
total_system_memory_human:15.35G
used_memory_lua:37888
used_memory_lua_human:37.00K
used_memory_scripts:0
used_memory_scripts_human:0B
number_of_cached_scripts:0
maxmemory:0
maxmemory_human:0B
maxmemory_policy:noeviction
allocator_frag_ratio:1.00
allocator_frag_bytes:594448
allocator_rss_ratio:1.13
allocator_rss_bytes:18595840
rss_overhead_ratio:0.94
rss_overhead_bytes:-9793536
mem_fragmentation_ratio:1.07
mem_fragmentation_bytes:9511064
mem_not_counted_for_evict:506
mem_replication_backlog:0
mem_clients_slaves:0
mem_clients_normal:61512
mem_aof_buffer:512
mem_allocator:jemalloc-5.1.0
active_defrag_running:0
lazyfree_pending_objects:0
lazyfreed_objects:0
