before:  
# Memory
used_memory:925608
used_memory_human:903.91K
used_memory_rss:19050496
used_memory_rss_human:18.17M
used_memory_peak:735381976
used_memory_peak_human:701.31M
used_memory_peak_perc:0.13%
used_memory_overhead:851392
used_memory_startup:810072
used_memory_dataset:74216
used_memory_dataset_perc:64.24%
allocator_allocated:1014816
allocator_active:10821632
allocator_resident:16560128
total_system_memory:16479883264
total_system_memory_human:15.35G
used_memory_lua:37888
used_memory_lua_human:37.00K
used_memory_scripts:0
used_memory_scripts_human:0B
number_of_cached_scripts:0
maxmemory:0
maxmemory_human:0B
maxmemory_policy:noeviction
allocator_frag_ratio:10.66
allocator_frag_bytes:9806816
allocator_rss_ratio:1.53
allocator_rss_bytes:5738496
rss_overhead_ratio:1.15
rss_overhead_bytes:2490368
mem_fragmentation_ratio:22.06
mem_fragmentation_bytes:18186864
mem_not_counted_for_evict:314
mem_replication_backlog:0
mem_clients_slaves:0
mem_clients_normal:41000
mem_aof_buffer:320
mem_allocator:jemalloc-5.1.0
active_defrag_running:0
lazyfree_pending_objects:0
lazyfreed_objects:0


after: 
# Memory
used_memory:3776872
used_memory_human:3.60M
used_memory_rss:19283968
used_memory_rss_human:18.39M
used_memory_peak:735381976
used_memory_peak_human:701.31M
used_memory_peak_perc:0.51%
used_memory_overhead:1403168
used_memory_startup:810072
used_memory_dataset:2373704
used_memory_dataset_perc:80.01%
allocator_allocated:3539856
allocator_active:7753728
allocator_resident:16904192
total_system_memory:16479883264
total_system_memory_human:15.35G
used_memory_lua:37888
used_memory_lua_human:37.00K
used_memory_scripts:0
used_memory_scripts_human:0B
number_of_cached_scripts:0
maxmemory:0
maxmemory_human:0B
maxmemory_policy:noeviction
allocator_frag_ratio:2.19
allocator_frag_bytes:4213872
allocator_rss_ratio:2.18
allocator_rss_bytes:9150464
rss_overhead_ratio:1.14
rss_overhead_bytes:2379776
mem_fragmentation_ratio:5.65
mem_fragmentation_bytes:15868632
mem_not_counted_for_evict:506
mem_replication_backlog:0
mem_clients_slaves:0
mem_clients_normal:61512
mem_aof_buffer:512
mem_allocator:jemalloc-5.1.0
active_defrag_running:0
lazyfree_pending_objects:0
lazyfreed_objects:0
