before:  
# Memory
used_memory:926280
used_memory_human:904.57K
used_memory_rss:18153472
used_memory_rss_human:17.31M
used_memory_peak:735381976
used_memory_peak_human:701.31M
used_memory_peak_perc:0.13%
used_memory_overhead:872080
used_memory_startup:810072
used_memory_dataset:54200
used_memory_dataset_perc:46.64%
allocator_allocated:1039536
allocator_active:9879552
allocator_resident:15663104
total_system_memory:16479883264
total_system_memory_human:15.35G
used_memory_lua:37888
used_memory_lua_human:37.00K
used_memory_scripts:0
used_memory_scripts_human:0B
number_of_cached_scripts:0
maxmemory:0
maxmemory_human:0B
maxmemory_policy:noeviction
allocator_frag_ratio:9.50
allocator_frag_bytes:8840016
allocator_rss_ratio:1.59
allocator_rss_bytes:5783552
rss_overhead_ratio:1.16
rss_overhead_bytes:2490368
mem_fragmentation_ratio:20.51
mem_fragmentation_bytes:17268216
mem_not_counted_for_evict:506
mem_replication_backlog:0
mem_clients_slaves:0
mem_clients_normal:61496
mem_aof_buffer:512
mem_allocator:jemalloc-5.1.0
active_defrag_running:0
lazyfree_pending_objects:0
lazyfreed_objects:0


after: 
# Memory
used_memory:71023432
used_memory_human:67.73M
used_memory_rss:79486976
used_memory_rss_human:75.80M
used_memory_peak:735381976
used_memory_peak_human:701.31M
used_memory_peak_perc:9.66%
used_memory_overhead:12969248
used_memory_startup:810072
used_memory_dataset:58054184
used_memory_dataset_perc:82.68%
allocator_allocated:70631528
allocator_active:71225344
allocator_resident:89550848
total_system_memory:16479883264
total_system_memory_human:15.35G
used_memory_lua:37888
used_memory_lua_human:37.00K
used_memory_scripts:0
used_memory_scripts_human:0B
number_of_cached_scripts:0
maxmemory:0
maxmemory_human:0B
maxmemory_policy:noeviction
allocator_frag_ratio:1.01
allocator_frag_bytes:593816
allocator_rss_ratio:1.26
allocator_rss_bytes:18325504
rss_overhead_ratio:0.89
rss_overhead_bytes:-10063872
mem_fragmentation_ratio:1.13
mem_fragmentation_bytes:8968680
mem_not_counted_for_evict:506
mem_replication_backlog:0
mem_clients_slaves:0
mem_clients_normal:61512
mem_aof_buffer:512
mem_allocator:jemalloc-5.1.0
active_defrag_running:0
lazyfree_pending_objects:0
lazyfreed_objects:0
