before:  
# Memory
used_memory:926432
used_memory_human:904.72K
used_memory_rss:19042304
used_memory_rss_human:18.16M
used_memory_peak:735381976
used_memory_peak_human:701.31M
used_memory_peak_perc:0.13%
used_memory_overhead:872080
used_memory_startup:810072
used_memory_dataset:54352
used_memory_dataset_perc:46.71%
allocator_allocated:1038072
allocator_active:10760192
allocator_resident:16543744
total_system_memory:16479883264
total_system_memory_human:15.35G
used_memory_lua:37888
used_memory_lua_human:37.00K
used_memory_scripts:0
used_memory_scripts_human:0B
number_of_cached_scripts:0
maxmemory:0
maxmemory_human:0B
maxmemory_policy:noeviction
allocator_frag_ratio:10.37
allocator_frag_bytes:9722120
allocator_rss_ratio:1.54
allocator_rss_bytes:5783552
rss_overhead_ratio:1.15
rss_overhead_bytes:2498560
mem_fragmentation_ratio:21.51
mem_fragmentation_bytes:18156896
mem_not_counted_for_evict:506
mem_replication_backlog:0
mem_clients_slaves:0
mem_clients_normal:61496
mem_aof_buffer:512
mem_allocator:jemalloc-5.1.0
active_defrag_running:0
lazyfree_pending_objects:0
lazyfreed_objects:0


after: 
# Memory
used_memory:100320736
used_memory_human:95.67M
used_memory_rss:110878720
used_memory_rss_human:105.74M
used_memory_peak:735381976
used_memory_peak_human:701.31M
used_memory_peak_perc:13.64%
used_memory_overhead:19066400
used_memory_startup:810072
used_memory_dataset:81254336
used_memory_dataset_perc:81.65%
allocator_allocated:100077936
allocator_active:100675584
allocator_resident:108515328
total_system_memory:16479883264
total_system_memory_human:15.35G
used_memory_lua:37888
used_memory_lua_human:37.00K
used_memory_scripts:0
used_memory_scripts_human:0B
number_of_cached_scripts:0
maxmemory:0
maxmemory_human:0B
maxmemory_policy:noeviction
allocator_frag_ratio:1.01
allocator_frag_bytes:597648
allocator_rss_ratio:1.08
allocator_rss_bytes:7839744
rss_overhead_ratio:1.02
rss_overhead_bytes:2363392
mem_fragmentation_ratio:1.11
mem_fragmentation_bytes:10921408
mem_not_counted_for_evict:506
mem_replication_backlog:0
mem_clients_slaves:0
mem_clients_normal:61512
mem_aof_buffer:512
mem_allocator:jemalloc-5.1.0
active_defrag_running:0
lazyfree_pending_objects:0
lazyfreed_objects:0
