before:  
# Memory
used_memory:925800
used_memory_human:904.10K
used_memory_rss:13926400
used_memory_rss_human:13.28M
used_memory_peak:735381976
used_memory_peak_human:701.31M
used_memory_peak_perc:0.13%
used_memory_overhead:872080
used_memory_startup:810072
used_memory_dataset:53720
used_memory_dataset_perc:46.42%
allocator_allocated:1034760
allocator_active:5652480
allocator_resident:11436032
total_system_memory:16479883264
total_system_memory_human:15.35G
used_memory_lua:37888
used_memory_lua_human:37.00K
used_memory_scripts:0
used_memory_scripts_human:0B
number_of_cached_scripts:0
maxmemory:0
maxmemory_human:0B
maxmemory_policy:noeviction
allocator_frag_ratio:5.46
allocator_frag_bytes:4617720
allocator_rss_ratio:2.02
allocator_rss_bytes:5783552
rss_overhead_ratio:1.22
rss_overhead_bytes:2490368
mem_fragmentation_ratio:15.74
mem_fragmentation_bytes:13041624
mem_not_counted_for_evict:506
mem_replication_backlog:0
mem_clients_slaves:0
mem_clients_normal:61496
mem_aof_buffer:512
mem_allocator:jemalloc-5.1.0
active_defrag_running:0
lazyfree_pending_objects:0
lazyfreed_objects:0


after: 
# Memory
used_memory:7987944
used_memory_human:7.62M
used_memory_rss:17764352
used_memory_rss_human:16.94M
used_memory_peak:735381976
used_memory_peak_human:701.31M
used_memory_peak_perc:1.09%
used_memory_overhead:2134240
used_memory_startup:810072
used_memory_dataset:5853704
used_memory_dataset_perc:81.55%
allocator_allocated:7821400
allocator_active:9682944
allocator_resident:15421440
total_system_memory:16479883264
total_system_memory_human:15.35G
used_memory_lua:37888
used_memory_lua_human:37.00K
used_memory_scripts:0
used_memory_scripts_human:0B
number_of_cached_scripts:0
maxmemory:0
maxmemory_human:0B
maxmemory_policy:noeviction
allocator_frag_ratio:1.24
allocator_frag_bytes:1861544
allocator_rss_ratio:1.59
allocator_rss_bytes:5738496
rss_overhead_ratio:1.15
rss_overhead_bytes:2342912
mem_fragmentation_ratio:2.31
mem_fragmentation_bytes:10070200
mem_not_counted_for_evict:506
mem_replication_backlog:0
mem_clients_slaves:0
mem_clients_normal:61512
mem_aof_buffer:512
mem_allocator:jemalloc-5.1.0
active_defrag_running:0
lazyfree_pending_objects:0
lazyfreed_objects:0
