before:  
# Memory
used_memory:926128
used_memory_human:904.42K
used_memory_rss:16822272
used_memory_rss_human:16.04M
used_memory_peak:735381976
used_memory_peak_human:701.31M
used_memory_peak_perc:0.13%
used_memory_overhead:872080
used_memory_startup:810072
used_memory_dataset:54048
used_memory_dataset_perc:46.57%
allocator_allocated:1032504
allocator_active:8544256
allocator_resident:14327808
total_system_memory:16479883264
total_system_memory_human:15.35G
used_memory_lua:37888
used_memory_lua_human:37.00K
used_memory_scripts:0
used_memory_scripts_human:0B
number_of_cached_scripts:0
maxmemory:0
maxmemory_human:0B
maxmemory_policy:noeviction
allocator_frag_ratio:8.28
allocator_frag_bytes:7511752
allocator_rss_ratio:1.68
allocator_rss_bytes:5783552
rss_overhead_ratio:1.17
rss_overhead_bytes:2494464
mem_fragmentation_ratio:19.01
mem_fragmentation_bytes:15937168
mem_not_counted_for_evict:506
mem_replication_backlog:0
mem_clients_slaves:0
mem_clients_normal:61496
mem_aof_buffer:512
mem_allocator:jemalloc-5.1.0
active_defrag_running:0
lazyfree_pending_objects:0
lazyfreed_objects:0


after: 
# Memory
used_memory:29174704
used_memory_human:27.82M
used_memory_rss:37560320
used_memory_rss_human:35.82M
used_memory_peak:735381976
used_memory_peak_human:701.31M
used_memory_peak_perc:3.97%
used_memory_overhead:5920672
used_memory_startup:810072
used_memory_dataset:23254032
used_memory_dataset_perc:81.98%
allocator_allocated:28949376
allocator_active:29540352
allocator_resident:46284800
total_system_memory:16479883264
total_system_memory_human:15.35G
used_memory_lua:37888
used_memory_lua_human:37.00K
used_memory_scripts:0
used_memory_scripts_human:0B
number_of_cached_scripts:0
maxmemory:0
maxmemory_human:0B
maxmemory_policy:noeviction
allocator_frag_ratio:1.02
allocator_frag_bytes:590976
allocator_rss_ratio:1.57
allocator_rss_bytes:16744448
rss_overhead_ratio:0.81
rss_overhead_bytes:-8724480
mem_fragmentation_ratio:1.30
mem_fragmentation_bytes:8730000
mem_not_counted_for_evict:506
mem_replication_backlog:0
mem_clients_slaves:0
mem_clients_normal:61512
mem_aof_buffer:512
mem_allocator:jemalloc-5.1.0
active_defrag_running:0
lazyfree_pending_objects:0
lazyfreed_objects:0
