before:  
# Memory
used_memory:925976
used_memory_human:904.27K
used_memory_rss:15429632
used_memory_rss_human:14.71M
used_memory_peak:735381976
used_memory_peak_human:701.31M
used_memory_peak_perc:0.13%
used_memory_overhead:872080
used_memory_startup:810072
used_memory_dataset:53896
used_memory_dataset_perc:46.50%
allocator_allocated:1031960
allocator_active:7151616
allocator_resident:12935168
total_system_memory:16479883264
total_system_memory_human:15.35G
used_memory_lua:37888
used_memory_lua_human:37.00K
used_memory_scripts:0
used_memory_scripts_human:0B
number_of_cached_scripts:0
maxmemory:0
maxmemory_human:0B
maxmemory_policy:noeviction
allocator_frag_ratio:6.93
allocator_frag_bytes:6119656
allocator_rss_ratio:1.81
allocator_rss_bytes:5783552
rss_overhead_ratio:1.19
rss_overhead_bytes:2494464
mem_fragmentation_ratio:17.44
mem_fragmentation_bytes:14544680
mem_not_counted_for_evict:506
mem_replication_backlog:0
mem_clients_slaves:0
mem_clients_normal:61496
mem_aof_buffer:512
mem_allocator:jemalloc-5.1.0
active_defrag_running:0
lazyfree_pending_objects:0
lazyfreed_objects:0


after: 
# Memory
used_memory:22374552
used_memory_human:21.34M
used_memory_rss:31035392
used_memory_rss_human:29.60M
used_memory_peak:735381976
used_memory_peak_human:701.31M
used_memory_peak_perc:3.04%
used_memory_overhead:4920672
used_memory_startup:810072
used_memory_dataset:17453880
used_memory_dataset_perc:80.94%
allocator_allocated:22257160
allocator_active:22855680
allocator_resident:28618752
total_system_memory:16479883264
total_system_memory_human:15.35G
used_memory_lua:37888
used_memory_lua_human:37.00K
used_memory_scripts:0
used_memory_scripts_human:0B
number_of_cached_scripts:0
maxmemory:0
maxmemory_human:0B
maxmemory_policy:noeviction
allocator_frag_ratio:1.03
allocator_frag_bytes:598520
allocator_rss_ratio:1.25
allocator_rss_bytes:5763072
rss_overhead_ratio:1.08
rss_overhead_bytes:2416640
mem_fragmentation_ratio:1.40
mem_fragmentation_bytes:8893976
mem_not_counted_for_evict:506
mem_replication_backlog:0
mem_clients_slaves:0
mem_clients_normal:61512
mem_aof_buffer:512
mem_allocator:jemalloc-5.1.0
active_defrag_running:0
lazyfree_pending_objects:0
lazyfreed_objects:0
