before:  
# Memory
used_memory:922992
used_memory_human:901.36K
used_memory_rss:13357056
used_memory_rss_human:12.74M
used_memory_peak:735381976
used_memory_peak_human:701.31M
used_memory_peak_perc:0.13%
used_memory_overhead:871680
used_memory_startup:810072
used_memory_dataset:51312
used_memory_dataset_perc:45.44%
allocator_allocated:993720
allocator_active:5201920
allocator_resident:10977280
total_system_memory:16479883264
total_system_memory_human:15.35G
used_memory_lua:37888
used_memory_lua_human:37.00K
used_memory_scripts:0
used_memory_scripts_human:0B
number_of_cached_scripts:0
maxmemory:0
maxmemory_human:0B
maxmemory_policy:noeviction
allocator_frag_ratio:5.23
allocator_frag_bytes:4208200
allocator_rss_ratio:2.11
allocator_rss_bytes:5775360
rss_overhead_ratio:1.22
rss_overhead_bytes:2379776
mem_fragmentation_ratio:15.14
mem_fragmentation_bytes:12475088
mem_not_counted_for_evict:108
mem_replication_backlog:0
mem_clients_slaves:0
mem_clients_normal:61496
mem_aof_buffer:112
mem_allocator:jemalloc-5.1.0
active_defrag_running:0
lazyfree_pending_objects:0
lazyfreed_objects:0


after: 
# Memory
used_memory:9171568
used_memory_human:8.75M
used_memory_rss:17559552
used_memory_rss_human:16.75M
used_memory_peak:735381976
used_memory_peak_human:701.31M
used_memory_peak_perc:1.25%
used_memory_overhead:5920272
used_memory_startup:810072
used_memory_dataset:3251296
used_memory_dataset_perc:38.88%
allocator_allocated:9188416
allocator_active:9666560
allocator_resident:15396864
total_system_memory:16479883264
total_system_memory_human:15.35G
used_memory_lua:37888
used_memory_lua_human:37.00K
used_memory_scripts:0
used_memory_scripts_human:0B
number_of_cached_scripts:0
maxmemory:0
maxmemory_human:0B
maxmemory_policy:noeviction
allocator_frag_ratio:1.05
allocator_frag_bytes:478144
allocator_rss_ratio:1.59
allocator_rss_bytes:5730304
rss_overhead_ratio:1.14
rss_overhead_bytes:2162688
mem_fragmentation_ratio:1.93
mem_fragmentation_bytes:8476504
mem_not_counted_for_evict:108
mem_replication_backlog:0
mem_clients_slaves:0
mem_clients_normal:61512
mem_aof_buffer:112
mem_allocator:jemalloc-5.1.0
active_defrag_running:0
lazyfree_pending_objects:0
lazyfreed_objects:0
