before:  
# Memory
used_memory:922816
used_memory_human:901.19K
used_memory_rss:11780096
used_memory_rss_human:11.23M
used_memory_peak:735381976
used_memory_peak_human:701.31M
used_memory_peak_perc:0.13%
used_memory_overhead:851184
used_memory_startup:810072
used_memory_dataset:71632
used_memory_dataset_perc:63.54%
allocator_allocated:1001696
allocator_active:3645440
allocator_resident:9420800
total_system_memory:16479883264
total_system_memory_human:15.35G
used_memory_lua:37888
used_memory_lua_human:37.00K
used_memory_scripts:0
used_memory_scripts_human:0B
number_of_cached_scripts:0
maxmemory:0
maxmemory_human:0B
maxmemory_policy:noeviction
allocator_frag_ratio:3.64
allocator_frag_bytes:2643744
allocator_rss_ratio:2.58
allocator_rss_bytes:5775360
rss_overhead_ratio:1.25
rss_overhead_bytes:2359296
mem_fragmentation_ratio:13.68
mem_fragmentation_bytes:10919256
mem_not_counted_for_evict:108
mem_replication_backlog:0
mem_clients_slaves:0
mem_clients_normal:41000
mem_aof_buffer:112
mem_allocator:jemalloc-5.1.0
active_defrag_running:0
lazyfree_pending_objects:0
lazyfreed_objects:0


after: 
# Memory
used_memory:1773888
used_memory_human:1.69M
used_memory_rss:11935744
used_memory_rss_human:11.38M
used_memory_peak:735381976
used_memory_peak_human:701.31M
used_memory_peak_perc:0.24%
used_memory_overhead:1402768
used_memory_startup:810072
used_memory_dataset:371120
used_memory_dataset_perc:38.51%
allocator_allocated:1827464
allocator_active:3874816
allocator_resident:9711616
total_system_memory:16479883264
total_system_memory_human:15.35G
used_memory_lua:37888
used_memory_lua_human:37.00K
used_memory_scripts:0
used_memory_scripts_human:0B
number_of_cached_scripts:0
maxmemory:0
maxmemory_human:0B
maxmemory_policy:noeviction
allocator_frag_ratio:2.12
allocator_frag_bytes:2047352
allocator_rss_ratio:2.51
allocator_rss_bytes:5836800
rss_overhead_ratio:1.23
rss_overhead_bytes:2224128
mem_fragmentation_ratio:6.95
mem_fragmentation_bytes:10218536
mem_not_counted_for_evict:108
mem_replication_backlog:0
mem_clients_slaves:0
mem_clients_normal:61512
mem_aof_buffer:112
mem_allocator:jemalloc-5.1.0
active_defrag_running:0
lazyfree_pending_objects:0
lazyfreed_objects:0
