before:  
# Memory
used_memory:923144
used_memory_human:901.51K
used_memory_rss:14434304
used_memory_rss_human:13.77M
used_memory_peak:735381976
used_memory_peak_human:701.31M
used_memory_peak_perc:0.13%
used_memory_overhead:871680
used_memory_startup:810072
used_memory_dataset:51464
used_memory_dataset_perc:45.51%
allocator_allocated:997768
allocator_active:6295552
allocator_resident:12070912
total_system_memory:16479883264
total_system_memory_human:15.35G
used_memory_lua:37888
used_memory_lua_human:37.00K
used_memory_scripts:0
used_memory_scripts_human:0B
number_of_cached_scripts:0
maxmemory:0
maxmemory_human:0B
maxmemory_policy:noeviction
allocator_frag_ratio:6.31
allocator_frag_bytes:5297784
allocator_rss_ratio:1.92
allocator_rss_bytes:5775360
rss_overhead_ratio:1.20
rss_overhead_bytes:2363392
mem_fragmentation_ratio:16.36
mem_fragmentation_bytes:13552184
mem_not_counted_for_evict:108
mem_replication_backlog:0
mem_clients_slaves:0
mem_clients_normal:61496
mem_aof_buffer:112
mem_allocator:jemalloc-5.1.0
active_defrag_running:0
lazyfree_pending_objects:0
lazyfreed_objects:0


after: 
# Memory
used_memory:21020296
used_memory_human:20.05M
used_memory_rss:29437952
used_memory_rss_human:28.07M
used_memory_peak:735381976
used_memory_peak_human:701.31M
used_memory_peak_perc:2.86%
used_memory_overhead:12968848
used_memory_startup:810072
used_memory_dataset:8051448
used_memory_dataset_perc:39.84%
allocator_allocated:21030464
allocator_active:21495808
allocator_resident:27230208
total_system_memory:16479883264
total_system_memory_human:15.35G
used_memory_lua:37888
used_memory_lua_human:37.00K
used_memory_scripts:0
used_memory_scripts_human:0B
number_of_cached_scripts:0
maxmemory:0
maxmemory_human:0B
maxmemory_policy:noeviction
allocator_frag_ratio:1.02
allocator_frag_bytes:465344
allocator_rss_ratio:1.27
allocator_rss_bytes:5734400
rss_overhead_ratio:1.08
rss_overhead_bytes:2207744
mem_fragmentation_ratio:1.41
mem_fragmentation_bytes:8515392
mem_not_counted_for_evict:108
mem_replication_backlog:0
mem_clients_slaves:0
mem_clients_normal:61512
mem_aof_buffer:112
mem_allocator:jemalloc-5.1.0
active_defrag_running:0
lazyfree_pending_objects:0
lazyfreed_objects:0
