before:  
# Memory
used_memory:922816
used_memory_human:901.19K
used_memory_rss:11780096
used_memory_rss_human:11.23M
used_memory_peak:735381976
used_memory_peak_human:701.31M
used_memory_peak_perc:0.13%
used_memory_overhead:871680
used_memory_startup:810072
used_memory_dataset:51136
used_memory_dataset_perc:45.36%
allocator_allocated:995424
allocator_active:3624960
allocator_resident:9400320
total_system_memory:16479883264
total_system_memory_human:15.35G
used_memory_lua:37888
used_memory_lua_human:37.00K
used_memory_scripts:0
used_memory_scripts_human:0B
number_of_cached_scripts:0
maxmemory:0
maxmemory_human:0B
maxmemory_policy:noeviction
allocator_frag_ratio:3.64
allocator_frag_bytes:2629536
allocator_rss_ratio:2.59
allocator_rss_bytes:5775360
rss_overhead_ratio:1.25
rss_overhead_bytes:2379776
mem_fragmentation_ratio:13.36
mem_fragmentation_bytes:10898304
mem_not_counted_for_evict:108
mem_replication_backlog:0
mem_clients_slaves:0
mem_clients_normal:61496
mem_aof_buffer:112
mem_allocator:jemalloc-5.1.0
active_defrag_running:0
lazyfree_pending_objects:0
lazyfreed_objects:0


after: 
# Memory
used_memory:2984960
used_memory_human:2.85M
used_memory_rss:12603392
used_memory_rss_human:12.02M
used_memory_peak:735381976
used_memory_peak_human:701.31M
used_memory_peak_perc:0.41%
used_memory_overhead:2133840
used_memory_startup:810072
used_memory_dataset:851120
used_memory_dataset_perc:39.13%
allocator_allocated:2965872
allocator_active:4468736
allocator_resident:10272768
total_system_memory:16479883264
total_system_memory_human:15.35G
used_memory_lua:37888
used_memory_lua_human:37.00K
used_memory_scripts:0
used_memory_scripts_human:0B
number_of_cached_scripts:0
maxmemory:0
maxmemory_human:0B
maxmemory_policy:noeviction
allocator_frag_ratio:1.51
allocator_frag_bytes:1502864
allocator_rss_ratio:2.30
allocator_rss_bytes:5804032
rss_overhead_ratio:1.23
rss_overhead_bytes:2330624
mem_fragmentation_ratio:4.41
mem_fragmentation_bytes:9745832
mem_not_counted_for_evict:108
mem_replication_backlog:0
mem_clients_slaves:0
mem_clients_normal:61512
mem_aof_buffer:112
mem_allocator:jemalloc-5.1.0
active_defrag_running:0
lazyfree_pending_objects:0
lazyfreed_objects:0
