before:  
# Memory
used_memory:923448
used_memory_human:901.80K
used_memory_rss:16371712
used_memory_rss_human:15.61M
used_memory_peak:735381976
used_memory_peak_human:701.31M
used_memory_peak_perc:0.13%
used_memory_overhead:871680
used_memory_startup:810072
used_memory_dataset:51768
used_memory_dataset_perc:45.66%
allocator_allocated:999008
allocator_active:8216576
allocator_resident:13991936
total_system_memory:16479883264
total_system_memory_human:15.35G
used_memory_lua:37888
used_memory_lua_human:37.00K
used_memory_scripts:0
used_memory_scripts_human:0B
number_of_cached_scripts:0
maxmemory:0
maxmemory_human:0B
maxmemory_policy:noeviction
allocator_frag_ratio:8.22
allocator_frag_bytes:7217568
allocator_rss_ratio:1.70
allocator_rss_bytes:5775360
rss_overhead_ratio:1.17
rss_overhead_bytes:2379776
mem_fragmentation_ratio:18.55
mem_fragmentation_bytes:15489288
mem_not_counted_for_evict:108
mem_replication_backlog:0
mem_clients_slaves:0
mem_clients_normal:61496
mem_aof_buffer:112
mem_allocator:jemalloc-5.1.0
active_defrag_running:0
lazyfree_pending_objects:0
lazyfreed_objects:0


after: 
# Memory
used_memory:41117752
used_memory_human:39.21M
used_memory_rss:49672192
used_memory_rss_human:47.37M
used_memory_peak:735381976
used_memory_peak_human:701.31M
used_memory_peak_perc:5.59%
used_memory_overhead:25066000
used_memory_startup:810072
used_memory_dataset:16051752
used_memory_dataset_perc:39.82%
allocator_allocated:41200656
allocator_active:41676800
allocator_resident:56606720
total_system_memory:16479883264
total_system_memory_human:15.35G
used_memory_lua:37888
used_memory_lua_human:37.00K
used_memory_scripts:0
used_memory_scripts_human:0B
number_of_cached_scripts:0
maxmemory:0
maxmemory_human:0B
maxmemory_policy:noeviction
allocator_frag_ratio:1.01
allocator_frag_bytes:476144
allocator_rss_ratio:1.36
allocator_rss_bytes:14929920
rss_overhead_ratio:0.88
rss_overhead_bytes:-6934528
mem_fragmentation_ratio:1.21
mem_fragmentation_bytes:8579312
mem_not_counted_for_evict:108
mem_replication_backlog:0
mem_clients_slaves:0
mem_clients_normal:61512
mem_aof_buffer:112
mem_allocator:jemalloc-5.1.0
active_defrag_running:0
lazyfree_pending_objects:0
lazyfreed_objects:0
