before:  
# Memory
used_memory:923296
used_memory_human:901.66K
used_memory_rss:16125952
used_memory_rss_human:15.38M
used_memory_peak:735381976
used_memory_peak_human:701.31M
used_memory_peak_perc:0.13%
used_memory_overhead:871680
used_memory_startup:810072
used_memory_dataset:51616
used_memory_dataset_perc:45.59%
allocator_allocated:998632
allocator_active:7970816
allocator_resident:13746176
total_system_memory:16479883264
total_system_memory_human:15.35G
used_memory_lua:37888
used_memory_lua_human:37.00K
used_memory_scripts:0
used_memory_scripts_human:0B
number_of_cached_scripts:0
maxmemory:0
maxmemory_human:0B
maxmemory_policy:noeviction
allocator_frag_ratio:7.98
allocator_frag_bytes:6972184
allocator_rss_ratio:1.72
allocator_rss_bytes:5775360
rss_overhead_ratio:1.17
rss_overhead_bytes:2379776
mem_fragmentation_ratio:18.28
mem_fragmentation_bytes:15243680
mem_not_counted_for_evict:108
mem_replication_backlog:0
mem_clients_slaves:0
mem_clients_normal:61496
mem_aof_buffer:112
mem_allocator:jemalloc-5.1.0
active_defrag_running:0
lazyfree_pending_objects:0
lazyfreed_objects:0


after: 
# Memory
used_memory:30317600
used_memory_human:28.91M
used_memory_rss:40869888
used_memory_rss_human:38.98M
used_memory_peak:735381976
used_memory_peak_human:701.31M
used_memory_peak_perc:4.12%
used_memory_overhead:19066000
used_memory_startup:810072
used_memory_dataset:11251600
used_memory_dataset_perc:38.13%
allocator_allocated:30378784
allocator_active:30842880
allocator_resident:38674432
total_system_memory:16479883264
total_system_memory_human:15.35G
used_memory_lua:37888
used_memory_lua_human:37.00K
used_memory_scripts:0
used_memory_scripts_human:0B
number_of_cached_scripts:0
maxmemory:0
maxmemory_human:0B
maxmemory_policy:noeviction
allocator_frag_ratio:1.02
allocator_frag_bytes:464096
allocator_rss_ratio:1.25
allocator_rss_bytes:7831552
rss_overhead_ratio:1.06
rss_overhead_bytes:2195456
mem_fragmentation_ratio:1.35
mem_fragmentation_bytes:10598688
mem_not_counted_for_evict:108
mem_replication_backlog:0
mem_clients_slaves:0
mem_clients_normal:61512
mem_aof_buffer:112
mem_allocator:jemalloc-5.1.0
active_defrag_running:0
lazyfree_pending_objects:0
lazyfreed_objects:0
