before:  
# Memory
used_memory:922816
used_memory_human:901.19K
used_memory_rss:12320768
used_memory_rss_human:11.75M
used_memory_peak:735381976
used_memory_peak_human:701.31M
used_memory_peak_perc:0.13%
used_memory_overhead:871680
used_memory_startup:810072
used_memory_dataset:51136
used_memory_dataset_perc:45.36%
allocator_allocated:994896
allocator_active:3956736
allocator_resident:9940992
total_system_memory:16479883264
total_system_memory_human:15.35G
used_memory_lua:37888
used_memory_lua_human:37.00K
used_memory_scripts:0
used_memory_scripts_human:0B
number_of_cached_scripts:0
maxmemory:0
maxmemory_human:0B
maxmemory_policy:noeviction
allocator_frag_ratio:3.98
allocator_frag_bytes:2961840
allocator_rss_ratio:2.51
allocator_rss_bytes:5984256
rss_overhead_ratio:1.24
rss_overhead_bytes:2379776
mem_fragmentation_ratio:13.97
mem_fragmentation_bytes:11438976
mem_not_counted_for_evict:108
mem_replication_backlog:0
mem_clients_slaves:0
mem_clients_normal:61496
mem_aof_buffer:112
mem_allocator:jemalloc-5.1.0
active_defrag_running:0
lazyfree_pending_objects:0
lazyfreed_objects:0


after: 
# Memory
used_memory:7371392
used_memory_human:7.03M
used_memory_rss:16277504
used_memory_rss_human:15.52M
used_memory_peak:735381976
used_memory_peak_human:701.31M
used_memory_peak_perc:1.00%
used_memory_overhead:4920272
used_memory_startup:810072
used_memory_dataset:2451120
used_memory_dataset_perc:37.36%
allocator_allocated:7474424
allocator_active:7938048
allocator_resident:14098432
total_system_memory:16479883264
total_system_memory_human:15.35G
used_memory_lua:37888
used_memory_lua_human:37.00K
used_memory_scripts:0
used_memory_scripts_human:0B
number_of_cached_scripts:0
maxmemory:0
maxmemory_human:0B
maxmemory_policy:noeviction
allocator_frag_ratio:1.06
allocator_frag_bytes:463624
allocator_rss_ratio:1.78
allocator_rss_bytes:6160384
rss_overhead_ratio:1.15
rss_overhead_bytes:2179072
mem_fragmentation_ratio:2.21
mem_fragmentation_bytes:8908232
mem_not_counted_for_evict:108
mem_replication_backlog:0
mem_clients_slaves:0
mem_clients_normal:61512
mem_aof_buffer:112
mem_allocator:jemalloc-5.1.0
active_defrag_running:0
lazyfree_pending_objects:0
lazyfreed_objects:0
