before:  
# Memory
used_memory:928848
used_memory_human:907.08K
used_memory_rss:36265984
used_memory_rss_human:34.59M
used_memory_peak:2601715552
used_memory_peak_human:2.42G
used_memory_peak_perc:0.04%
used_memory_overhead:871728
used_memory_startup:810072
used_memory_dataset:57120
used_memory_dataset_perc:48.09%
allocator_allocated:1007272
allocator_active:8220672
allocator_resident:33894400
total_system_memory:16479883264
total_system_memory_human:15.35G
used_memory_lua:37888
used_memory_lua_human:37.00K
used_memory_scripts:0
used_memory_scripts_human:0B
number_of_cached_scripts:0
maxmemory:0
maxmemory_human:0B
maxmemory_policy:noeviction
allocator_frag_ratio:8.16
allocator_frag_bytes:7213400
allocator_rss_ratio:4.12
allocator_rss_bytes:25673728
rss_overhead_ratio:1.07
rss_overhead_bytes:2371584
mem_fragmentation_ratio:40.85
mem_fragmentation_bytes:35378160
mem_not_counted_for_evict:156
mem_replication_backlog:0
mem_clients_slaves:0
mem_clients_normal:61496
mem_aof_buffer:160
mem_allocator:jemalloc-5.1.0
active_defrag_running:0
lazyfree_pending_objects:0
lazyfreed_objects:0


after: 
# Memory
used_memory:38723152
used_memory_human:36.93M
used_memory_rss:69427200
used_memory_rss_human:66.21M
used_memory_peak:2601715552
used_memory_peak_human:2.42G
used_memory_peak_perc:1.49%
used_memory_overhead:19066048
used_memory_startup:810072
used_memory_dataset:19657104
used_memory_dataset_perc:51.85%
allocator_allocated:38662400
allocator_active:39419904
allocator_resident:67194880
total_system_memory:16479883264
total_system_memory_human:15.35G
used_memory_lua:37888
used_memory_lua_human:37.00K
used_memory_scripts:0
used_memory_scripts_human:0B
number_of_cached_scripts:0
maxmemory:0
maxmemory_human:0B
maxmemory_policy:noeviction
allocator_frag_ratio:1.02
allocator_frag_bytes:757504
allocator_rss_ratio:1.70
allocator_rss_bytes:27774976
rss_overhead_ratio:1.03
rss_overhead_bytes:2232320
mem_fragmentation_ratio:1.80
mem_fragmentation_bytes:30873424
mem_not_counted_for_evict:156
mem_replication_backlog:0
mem_clients_slaves:0
mem_clients_normal:61512
mem_aof_buffer:160
mem_allocator:jemalloc-5.1.0
active_defrag_running:0
lazyfree_pending_objects:0
lazyfreed_objects:0
