before:  
# Memory
used_memory:929536
used_memory_human:907.75K
used_memory_rss:33169408
used_memory_rss_human:31.63M
used_memory_peak:2601715552
used_memory_peak_human:2.42G
used_memory_peak_perc:0.04%
used_memory_overhead:852352
used_memory_startup:810072
used_memory_dataset:77184
used_memory_dataset_perc:64.61%
allocator_allocated:2095360
allocator_active:5242880
allocator_resident:30973952
total_system_memory:16479883264
total_system_memory_human:15.35G
used_memory_lua:37888
used_memory_lua_human:37.00K
used_memory_scripts:0
used_memory_scripts_human:0B
number_of_cached_scripts:0
maxmemory:0
maxmemory_human:0B
maxmemory_policy:noeviction
allocator_frag_ratio:2.50
allocator_frag_bytes:3147520
allocator_rss_ratio:5.91
allocator_rss_bytes:25731072
rss_overhead_ratio:1.07
rss_overhead_bytes:2195456
mem_fragmentation_ratio:16.94
mem_fragmentation_bytes:31210856
mem_not_counted_for_evict:1274
mem_replication_backlog:0
mem_clients_slaves:0
mem_clients_normal:41000
mem_aof_buffer:1280
mem_allocator:jemalloc-5.1.0
active_defrag_running:0
lazyfree_pending_objects:0
lazyfreed_objects:0


after: 
# Memory
used_memory:2019440
used_memory_human:1.93M
used_memory_rss:33402880
used_memory_rss_human:31.86M
used_memory_peak:2601715552
used_memory_peak_human:2.42G
used_memory_peak_perc:0.08%
used_memory_overhead:1402816
used_memory_startup:810072
used_memory_dataset:616624
used_memory_dataset_perc:50.99%
allocator_allocated:2033936
allocator_active:5287936
allocator_resident:31080448
total_system_memory:16479883264
total_system_memory_human:15.35G
used_memory_lua:37888
used_memory_lua_human:37.00K
used_memory_scripts:0
used_memory_scripts_human:0B
number_of_cached_scripts:0
maxmemory:0
maxmemory_human:0B
maxmemory_policy:noeviction
allocator_frag_ratio:2.60
allocator_frag_bytes:3254000
allocator_rss_ratio:5.88
allocator_rss_bytes:25792512
rss_overhead_ratio:1.07
rss_overhead_bytes:2322432
mem_fragmentation_ratio:17.36
mem_fragmentation_bytes:31478736
mem_not_counted_for_evict:156
mem_replication_backlog:0
mem_clients_slaves:0
mem_clients_normal:61512
mem_aof_buffer:160
mem_allocator:jemalloc-5.1.0
active_defrag_running:0
lazyfree_pending_objects:0
lazyfreed_objects:0
