before:  
# Memory
used_memory:928368
used_memory_human:906.61K
used_memory_rss:33112064
used_memory_rss_human:31.58M
used_memory_peak:2601715552
used_memory_peak_human:2.42G
used_memory_peak_perc:0.04%
used_memory_overhead:871728
used_memory_startup:810072
used_memory_dataset:56640
used_memory_dataset_perc:47.88%
allocator_allocated:1007816
allocator_active:5038080
allocator_resident:30756864
total_system_memory:16479883264
total_system_memory_human:15.35G
used_memory_lua:37888
used_memory_lua_human:37.00K
used_memory_scripts:0
used_memory_scripts_human:0B
number_of_cached_scripts:0
maxmemory:0
maxmemory_human:0B
maxmemory_policy:noeviction
allocator_frag_ratio:5.00
allocator_frag_bytes:4030264
allocator_rss_ratio:6.10
allocator_rss_bytes:25718784
rss_overhead_ratio:1.08
rss_overhead_bytes:2355200
mem_fragmentation_ratio:37.32
mem_fragmentation_bytes:32224720
mem_not_counted_for_evict:156
mem_replication_backlog:0
mem_clients_slaves:0
mem_clients_normal:61496
mem_aof_buffer:160
mem_allocator:jemalloc-5.1.0
active_defrag_running:0
lazyfree_pending_objects:0
lazyfreed_objects:0


after: 
# Memory
used_memory:3590512
used_memory_human:3.42M
used_memory_rss:34369536
used_memory_rss_human:32.78M
used_memory_peak:2601715552
used_memory_peak_human:2.42G
used_memory_peak_perc:0.14%
used_memory_overhead:2133888
used_memory_startup:810072
used_memory_dataset:1456624
used_memory_dataset_perc:52.39%
allocator_allocated:3655432
allocator_active:6430720
allocator_resident:32104448
total_system_memory:16479883264
total_system_memory_human:15.35G
used_memory_lua:37888
used_memory_lua_human:37.00K
used_memory_scripts:0
used_memory_scripts_human:0B
number_of_cached_scripts:0
maxmemory:0
maxmemory_human:0B
maxmemory_policy:noeviction
allocator_frag_ratio:1.76
allocator_frag_bytes:2775288
allocator_rss_ratio:4.99
allocator_rss_bytes:25673728
rss_overhead_ratio:1.07
rss_overhead_bytes:2265088
mem_fragmentation_ratio:9.69
mem_fragmentation_bytes:30824176
mem_not_counted_for_evict:156
mem_replication_backlog:0
mem_clients_slaves:0
mem_clients_normal:61512
mem_aof_buffer:160
mem_allocator:jemalloc-5.1.0
active_defrag_running:0
lazyfree_pending_objects:0
lazyfreed_objects:0
