before:  
# Memory
used_memory:928544
used_memory_human:906.78K
used_memory_rss:34426880
used_memory_rss_human:32.83M
used_memory_peak:2601715552
used_memory_peak_human:2.42G
used_memory_peak_perc:0.04%
used_memory_overhead:871728
used_memory_startup:810072
used_memory_dataset:56816
used_memory_dataset_perc:47.96%
allocator_allocated:1006784
allocator_active:6381568
allocator_resident:32055296
total_system_memory:16479883264
total_system_memory_human:15.35G
used_memory_lua:37888
used_memory_lua_human:37.00K
used_memory_scripts:0
used_memory_scripts_human:0B
number_of_cached_scripts:0
maxmemory:0
maxmemory_human:0B
maxmemory_policy:noeviction
allocator_frag_ratio:6.34
allocator_frag_bytes:5374784
allocator_rss_ratio:5.02
allocator_rss_bytes:25673728
rss_overhead_ratio:1.07
rss_overhead_bytes:2371584
mem_fragmentation_ratio:38.79
mem_fragmentation_bytes:33539360
mem_not_counted_for_evict:156
mem_replication_backlog:0
mem_clients_slaves:0
mem_clients_normal:61496
mem_aof_buffer:160
mem_allocator:jemalloc-5.1.0
active_defrag_running:0
lazyfree_pending_objects:0
lazyfreed_objects:0


after: 
# Memory
used_memory:11577120
used_memory_human:11.04M
used_memory_rss:40275968
used_memory_rss_human:38.41M
used_memory_peak:2601715552
used_memory_peak_human:2.42G
used_memory_peak_perc:0.44%
used_memory_overhead:5920320
used_memory_startup:810072
used_memory_dataset:5656800
used_memory_dataset_perc:52.54%
allocator_allocated:11581856
allocator_active:12341248
allocator_resident:38014976
total_system_memory:16479883264
total_system_memory_human:15.35G
used_memory_lua:37888
used_memory_lua_human:37.00K
used_memory_scripts:0
used_memory_scripts_human:0B
number_of_cached_scripts:0
maxmemory:0
maxmemory_human:0B
maxmemory_policy:noeviction
allocator_frag_ratio:1.07
allocator_frag_bytes:759392
allocator_rss_ratio:3.08
allocator_rss_bytes:25673728
rss_overhead_ratio:1.06
rss_overhead_bytes:2260992
mem_fragmentation_ratio:3.51
mem_fragmentation_bytes:28803040
mem_not_counted_for_evict:156
mem_replication_backlog:0
mem_clients_slaves:0
mem_clients_normal:61512
mem_aof_buffer:160
mem_allocator:jemalloc-5.1.0
active_defrag_running:0
lazyfree_pending_objects:0
lazyfreed_objects:0
