before:  
# Memory
used_memory:929000
used_memory_human:907.23K
used_memory_rss:36220928
used_memory_rss_human:34.54M
used_memory_peak:2601715552
used_memory_peak_human:2.42G
used_memory_peak_perc:0.04%
used_memory_overhead:871728
used_memory_startup:810072
used_memory_dataset:57272
used_memory_dataset_perc:48.16%
allocator_allocated:1007168
allocator_active:8167424
allocator_resident:33886208
total_system_memory:16479883264
total_system_memory_human:15.35G
used_memory_lua:37888
used_memory_lua_human:37.00K
used_memory_scripts:0
used_memory_scripts_human:0B
number_of_cached_scripts:0
maxmemory:0
maxmemory_human:0B
maxmemory_policy:noeviction
allocator_frag_ratio:8.11
allocator_frag_bytes:7160256
allocator_rss_ratio:4.15
allocator_rss_bytes:25718784
rss_overhead_ratio:1.07
rss_overhead_bytes:2334720
mem_fragmentation_ratio:40.79
mem_fragmentation_bytes:35332952
mem_not_counted_for_evict:156
mem_replication_backlog:0
mem_clients_slaves:0
mem_clients_normal:61496
mem_aof_buffer:160
mem_allocator:jemalloc-5.1.0
active_defrag_running:0
lazyfree_pending_objects:0
lazyfreed_objects:0


after: 
# Memory
used_memory:53126216
used_memory_human:50.67M
used_memory_rss:81932288
used_memory_rss_human:78.14M
used_memory_peak:2601715552
used_memory_peak_human:2.42G
used_memory_peak_perc:2.04%
used_memory_overhead:25068960
used_memory_startup:810072
used_memory_dataset:28057256
used_memory_dataset_perc:53.63%
allocator_allocated:53194872
allocator_active:53956608
allocator_resident:79630336
total_system_memory:16479883264
total_system_memory_human:15.35G
used_memory_lua:37888
used_memory_lua_human:37.00K
used_memory_scripts:0
used_memory_scripts_human:0B
number_of_cached_scripts:0
maxmemory:0
maxmemory_human:0B
maxmemory_policy:noeviction
allocator_frag_ratio:1.01
allocator_frag_bytes:761736
allocator_rss_ratio:1.48
allocator_rss_bytes:25673728
rss_overhead_ratio:1.03
rss_overhead_bytes:2301952
mem_fragmentation_ratio:1.54
mem_fragmentation_bytes:28850456
mem_not_counted_for_evict:3066
mem_replication_backlog:0
mem_clients_slaves:0
mem_clients_normal:61512
mem_aof_buffer:3072
mem_allocator:jemalloc-5.1.0
active_defrag_running:0
lazyfree_pending_objects:0
lazyfreed_objects:0
