before:  
# Memory
used_memory:928368
used_memory_human:906.61K
used_memory_rss:33910784
used_memory_rss_human:32.34M
used_memory_peak:2601715552
used_memory_peak_human:2.42G
used_memory_peak_perc:0.04%
used_memory_overhead:871728
used_memory_startup:810072
used_memory_dataset:56640
used_memory_dataset_perc:47.88%
allocator_allocated:1007720
allocator_active:5836800
allocator_resident:31555584
total_system_memory:16479883264
total_system_memory_human:15.35G
used_memory_lua:37888
used_memory_lua_human:37.00K
used_memory_scripts:0
used_memory_scripts_human:0B
number_of_cached_scripts:0
maxmemory:0
maxmemory_human:0B
maxmemory_policy:noeviction
allocator_frag_ratio:5.79
allocator_frag_bytes:4829080
allocator_rss_ratio:5.41
allocator_rss_bytes:25718784
rss_overhead_ratio:1.07
rss_overhead_bytes:2355200
mem_fragmentation_ratio:38.22
mem_fragmentation_bytes:33023440
mem_not_counted_for_evict:156
mem_replication_backlog:0
mem_clients_slaves:0
mem_clients_normal:61496
mem_aof_buffer:160
mem_allocator:jemalloc-5.1.0
active_defrag_running:0
lazyfree_pending_objects:0
lazyfreed_objects:0


after: 
# Memory
used_memory:9176944
used_memory_human:8.75M
used_memory_rss:38830080
used_memory_rss_human:37.03M
used_memory_peak:2601715552
used_memory_peak_human:2.42G
used_memory_peak_perc:0.35%
used_memory_overhead:4920320
used_memory_startup:810072
used_memory_dataset:4256624
used_memory_dataset_perc:50.87%
allocator_allocated:9163104
allocator_active:10326016
allocator_resident:36487168
total_system_memory:16479883264
total_system_memory_human:15.35G
used_memory_lua:37888
used_memory_lua_human:37.00K
used_memory_scripts:0
used_memory_scripts_human:0B
number_of_cached_scripts:0
maxmemory:0
maxmemory_human:0B
maxmemory_policy:noeviction
allocator_frag_ratio:1.13
allocator_frag_bytes:1162912
allocator_rss_ratio:3.53
allocator_rss_bytes:26161152
rss_overhead_ratio:1.06
rss_overhead_bytes:2342912
mem_fragmentation_ratio:4.29
mem_fragmentation_bytes:29779888
mem_not_counted_for_evict:156
mem_replication_backlog:0
mem_clients_slaves:0
mem_clients_normal:61512
mem_aof_buffer:160
mem_allocator:jemalloc-5.1.0
active_defrag_running:0
lazyfree_pending_objects:0
lazyfreed_objects:0
