before:  
# Memory
used_memory:928696
used_memory_human:906.93K
used_memory_rss:34226176
used_memory_rss_human:32.64M
used_memory_peak:2601715552
used_memory_peak_human:2.42G
used_memory_peak_perc:0.04%
used_memory_overhead:871728
used_memory_startup:810072
used_memory_dataset:56968
used_memory_dataset_perc:48.02%
allocator_allocated:1005904
allocator_active:6180864
allocator_resident:31854592
total_system_memory:16479883264
total_system_memory_human:15.35G
used_memory_lua:37888
used_memory_lua_human:37.00K
used_memory_scripts:0
used_memory_scripts_human:0B
number_of_cached_scripts:0
maxmemory:0
maxmemory_human:0B
maxmemory_policy:noeviction
allocator_frag_ratio:6.14
allocator_frag_bytes:5174960
allocator_rss_ratio:5.15
allocator_rss_bytes:25673728
rss_overhead_ratio:1.07
rss_overhead_bytes:2371584
mem_fragmentation_ratio:38.56
mem_fragmentation_bytes:33338504
mem_not_counted_for_evict:156
mem_replication_backlog:0
mem_clients_slaves:0
mem_clients_normal:61496
mem_aof_buffer:160
mem_allocator:jemalloc-5.1.0
active_defrag_running:0
lazyfree_pending_objects:0
lazyfreed_objects:0


after: 
# Memory
used_memory:27025848
used_memory_human:25.77M
used_memory_rss:55705600
used_memory_rss_human:53.12M
used_memory_peak:2601715552
used_memory_peak_human:2.42G
used_memory_peak_perc:1.04%
used_memory_overhead:12968896
used_memory_startup:810072
used_memory_dataset:14056952
used_memory_dataset_perc:53.62%
allocator_allocated:27113176
allocator_active:27860992
allocator_resident:53534720
total_system_memory:16479883264
total_system_memory_human:15.35G
used_memory_lua:37888
used_memory_lua_human:37.00K
used_memory_scripts:0
used_memory_scripts_human:0B
number_of_cached_scripts:0
maxmemory:0
maxmemory_human:0B
maxmemory_policy:noeviction
allocator_frag_ratio:1.03
allocator_frag_bytes:747816
allocator_rss_ratio:1.92
allocator_rss_bytes:25673728
rss_overhead_ratio:1.04
rss_overhead_bytes:2170880
mem_fragmentation_ratio:2.06
mem_fragmentation_bytes:28706760
mem_not_counted_for_evict:156
mem_replication_backlog:0
mem_clients_slaves:0
mem_clients_normal:61512
mem_aof_buffer:160
mem_allocator:jemalloc-5.1.0
active_defrag_running:0
lazyfree_pending_objects:0
lazyfreed_objects:0
