before:  
# Memory
used_memory:934960
used_memory_human:913.05K
used_memory_rss:35799040
used_memory_rss_human:34.14M
used_memory_peak:2601715552
used_memory_peak_human:2.42G
used_memory_peak_perc:0.04%
used_memory_overhead:871608
used_memory_startup:810072
used_memory_dataset:63352
used_memory_dataset_perc:50.73%
allocator_allocated:1093392
allocator_active:7684096
allocator_resident:33415168
total_system_memory:16479883264
total_system_memory_human:15.35G
used_memory_lua:37888
used_memory_lua_human:37.00K
used_memory_scripts:0
used_memory_scripts_human:0B
number_of_cached_scripts:0
maxmemory:0
maxmemory_human:0B
maxmemory_policy:noeviction
allocator_frag_ratio:7.03
allocator_frag_bytes:6590704
allocator_rss_ratio:4.35
allocator_rss_bytes:25731072
rss_overhead_ratio:1.07
rss_overhead_bytes:2383872
mem_fragmentation_ratio:40.05
mem_fragmentation_bytes:34905104
mem_not_counted_for_evict:36
mem_replication_backlog:0
mem_clients_slaves:0
mem_clients_normal:61496
mem_aof_buffer:40
mem_allocator:jemalloc-5.1.0
active_defrag_running:0
lazyfree_pending_objects:0
lazyfreed_objects:0


after: 
# Memory
used_memory:521983504
used_memory_human:497.80M
used_memory_rss:555413504
used_memory_rss_human:529.68M
used_memory_peak:2601715552
used_memory_peak_human:2.42G
used_memory_peak_perc:20.06%
used_memory_overhead:5920168
used_memory_startup:810072
used_memory_dataset:516063336
used_memory_dataset_perc:99.02%
allocator_allocated:519485024
allocator_active:521334784
allocator_resident:571142144
total_system_memory:16479883264
total_system_memory_human:15.35G
used_memory_lua:37888
used_memory_lua_human:37.00K
used_memory_scripts:0
used_memory_scripts_human:0B
number_of_cached_scripts:0
maxmemory:0
maxmemory_human:0B
maxmemory_policy:noeviction
allocator_frag_ratio:1.00
allocator_frag_bytes:1849760
allocator_rss_ratio:1.10
allocator_rss_bytes:49807360
rss_overhead_ratio:0.97
rss_overhead_bytes:-15728640
mem_fragmentation_ratio:1.07
mem_fragmentation_bytes:36061400
mem_not_counted_for_evict:4
mem_replication_backlog:0
mem_clients_slaves:0
mem_clients_normal:61512
mem_aof_buffer:8
mem_allocator:jemalloc-5.1.0
active_defrag_running:0
lazyfree_pending_objects:0
lazyfreed_objects:0
