before:  
# Memory
used_memory:934776
used_memory_human:912.87K
used_memory_rss:34820096
used_memory_rss_human:33.21M
used_memory_peak:2601715552
used_memory_peak_human:2.42G
used_memory_peak_perc:0.04%
used_memory_overhead:871576
used_memory_startup:810072
used_memory_dataset:63200
used_memory_dataset_perc:50.68%
allocator_allocated:1072104
allocator_active:6709248
allocator_resident:32440320
total_system_memory:16479883264
total_system_memory_human:15.35G
used_memory_lua:37888
used_memory_lua_human:37.00K
used_memory_scripts:0
used_memory_scripts_human:0B
number_of_cached_scripts:0
maxmemory:0
maxmemory_human:0B
maxmemory_policy:noeviction
allocator_frag_ratio:6.26
allocator_frag_bytes:5637144
allocator_rss_ratio:4.84
allocator_rss_bytes:25731072
rss_overhead_ratio:1.07
rss_overhead_bytes:2379776
mem_fragmentation_ratio:38.96
mem_fragmentation_bytes:33926344
mem_not_counted_for_evict:4
mem_replication_backlog:0
mem_clients_slaves:0
mem_clients_normal:61496
mem_aof_buffer:8
mem_allocator:jemalloc-5.1.0
active_defrag_running:0
lazyfree_pending_objects:0
lazyfreed_objects:0


after: 
# Memory
used_memory:391983352
used_memory_human:373.82M
used_memory_rss:421433344
used_memory_rss_human:401.91M
used_memory_peak:2601715552
used_memory_peak_human:2.42G
used_memory_peak_perc:15.07%
used_memory_overhead:4920168
used_memory_startup:810072
used_memory_dataset:387063184
used_memory_dataset_perc:98.95%
allocator_allocated:386896912
allocator_active:389361664
allocator_resident:426582016
total_system_memory:16479883264
total_system_memory_human:15.35G
used_memory_lua:37888
used_memory_lua_human:37.00K
used_memory_scripts:0
used_memory_scripts_human:0B
number_of_cached_scripts:0
maxmemory:0
maxmemory_human:0B
maxmemory_policy:noeviction
allocator_frag_ratio:1.01
allocator_frag_bytes:2464752
allocator_rss_ratio:1.10
allocator_rss_bytes:37220352
rss_overhead_ratio:0.99
rss_overhead_bytes:-5148672
mem_fragmentation_ratio:1.09
mem_fragmentation_bytes:34676192
mem_not_counted_for_evict:4
mem_replication_backlog:0
mem_clients_slaves:0
mem_clients_normal:61512
mem_aof_buffer:8
mem_allocator:jemalloc-5.1.0
active_defrag_running:0
lazyfree_pending_objects:0
lazyfreed_objects:0
