before:  
# Memory
used_memory:935232
used_memory_human:913.31K
used_memory_rss:37601280
used_memory_rss_human:35.86M
used_memory_peak:2601715552
used_memory_peak_human:2.42G
used_memory_peak_perc:0.04%
used_memory_overhead:871576
used_memory_startup:810072
used_memory_dataset:63656
used_memory_dataset_perc:50.86%
allocator_allocated:1115512
allocator_active:9482240
allocator_resident:47800320
total_system_memory:16479883264
total_system_memory_human:15.35G
used_memory_lua:37888
used_memory_lua_human:37.00K
used_memory_scripts:0
used_memory_scripts_human:0B
number_of_cached_scripts:0
maxmemory:0
maxmemory_human:0B
maxmemory_policy:noeviction
allocator_frag_ratio:8.50
allocator_frag_bytes:8366728
allocator_rss_ratio:5.04
allocator_rss_bytes:38318080
rss_overhead_ratio:0.79
rss_overhead_bytes:-10199040
mem_fragmentation_ratio:42.05
mem_fragmentation_bytes:36707072
mem_not_counted_for_evict:4
mem_replication_backlog:0
mem_clients_slaves:0
mem_clients_normal:61496
mem_aof_buffer:8
mem_allocator:jemalloc-5.1.0
active_defrag_running:0
lazyfree_pending_objects:0
lazyfreed_objects:0


after: 
# Memory
used_memory:1825129536
used_memory_human:1.70G
used_memory_rss:1863065600
used_memory_rss_human:1.74G
used_memory_peak:2601715552
used_memory_peak_human:2.42G
used_memory_peak_perc:70.15%
used_memory_overhead:19065896
used_memory_startup:810072
used_memory_dataset:1806063640
used_memory_dataset_perc:99.00%
allocator_allocated:1821770128
allocator_active:1822879744
allocator_resident:1873739776
total_system_memory:16479883264
total_system_memory_human:15.35G
used_memory_lua:37888
used_memory_lua_human:37.00K
used_memory_scripts:0
used_memory_scripts_human:0B
number_of_cached_scripts:0
maxmemory:0
maxmemory_human:0B
maxmemory_policy:noeviction
allocator_frag_ratio:1.00
allocator_frag_bytes:1109616
allocator_rss_ratio:1.03
allocator_rss_bytes:50860032
rss_overhead_ratio:0.99
rss_overhead_bytes:-10674176
mem_fragmentation_ratio:1.02
mem_fragmentation_bytes:41435864
mem_not_counted_for_evict:4
mem_replication_backlog:0
mem_clients_slaves:0
mem_clients_normal:61512
mem_aof_buffer:8
mem_allocator:jemalloc-5.1.0
active_defrag_running:0
lazyfree_pending_objects:0
lazyfreed_objects:0
