before:  
# Memory
used_memory:934448
used_memory_human:912.55K
used_memory_rss:37937152
used_memory_rss_human:36.18M
used_memory_peak:2601715552
used_memory_peak_human:2.42G
used_memory_peak_perc:0.04%
used_memory_overhead:851080
used_memory_startup:810072
used_memory_dataset:83368
used_memory_dataset_perc:67.03%
allocator_allocated:1029056
allocator_active:9928704
allocator_resident:35614720
total_system_memory:16479883264
total_system_memory_human:15.35G
used_memory_lua:37888
used_memory_lua_human:37.00K
used_memory_scripts:0
used_memory_scripts_human:0B
number_of_cached_scripts:0
maxmemory:0
maxmemory_human:0B
maxmemory_policy:noeviction
allocator_frag_ratio:9.65
allocator_frag_bytes:8899648
allocator_rss_ratio:3.59
allocator_rss_bytes:25686016
rss_overhead_ratio:1.07
rss_overhead_bytes:2322432
mem_fragmentation_ratio:43.48
mem_fragmentation_bytes:37064712
mem_not_counted_for_evict:4
mem_replication_backlog:0
mem_clients_slaves:0
mem_clients_normal:41000
mem_aof_buffer:8
mem_allocator:jemalloc-5.1.0
active_defrag_running:0
lazyfree_pending_objects:0
lazyfreed_objects:0


after: 
# Memory
used_memory:53065520
used_memory_human:50.61M
used_memory_rss:84922368
used_memory_rss_human:80.99M
used_memory_peak:2601715552
used_memory_peak_human:2.42G
used_memory_peak_perc:2.04%
used_memory_overhead:1402664
used_memory_startup:810072
used_memory_dataset:51662856
used_memory_dataset_perc:98.87%
allocator_allocated:47841440
allocator_active:55992320
allocator_resident:84328448
total_system_memory:16479883264
total_system_memory_human:15.35G
used_memory_lua:37888
used_memory_lua_human:37.00K
used_memory_scripts:0
used_memory_scripts_human:0B
number_of_cached_scripts:0
maxmemory:0
maxmemory_human:0B
maxmemory_policy:noeviction
allocator_frag_ratio:1.17
allocator_frag_bytes:8150880
allocator_rss_ratio:1.51
allocator_rss_bytes:28336128
rss_overhead_ratio:1.01
rss_overhead_bytes:593920
mem_fragmentation_ratio:1.78
mem_fragmentation_bytes:37235912
mem_not_counted_for_evict:4
mem_replication_backlog:0
mem_clients_slaves:0
mem_clients_normal:61512
mem_aof_buffer:8
mem_allocator:jemalloc-5.1.0
active_defrag_running:0
lazyfree_pending_objects:0
lazyfreed_objects:0
