before:  
# Memory
used_memory:935112
used_memory_human:913.20K
used_memory_rss:36458496
used_memory_rss_human:34.77M
used_memory_peak:2601715552
used_memory_peak_human:2.42G
used_memory_peak_perc:0.04%
used_memory_overhead:871608
used_memory_startup:810072
used_memory_dataset:63504
used_memory_dataset_perc:50.79%
allocator_allocated:1101144
allocator_active:8343552
allocator_resident:34074624
total_system_memory:16479883264
total_system_memory_human:15.35G
used_memory_lua:37888
used_memory_lua_human:37.00K
used_memory_scripts:0
used_memory_scripts_human:0B
number_of_cached_scripts:0
maxmemory:0
maxmemory_human:0B
maxmemory_policy:noeviction
allocator_frag_ratio:7.58
allocator_frag_bytes:7242408
allocator_rss_ratio:4.08
allocator_rss_bytes:25731072
rss_overhead_ratio:1.07
rss_overhead_bytes:2383872
mem_fragmentation_ratio:40.78
mem_fragmentation_bytes:35564408
mem_not_counted_for_evict:36
mem_replication_backlog:0
mem_clients_slaves:0
mem_clients_normal:61496
mem_aof_buffer:40
mem_allocator:jemalloc-5.1.0
active_defrag_running:0
lazyfree_pending_objects:0
lazyfreed_objects:0


after: 
# Memory
used_memory:1303032232
used_memory_human:1.21G
used_memory_rss:1342226432
used_memory_rss_human:1.25G
used_memory_peak:2601715552
used_memory_peak_human:2.42G
used_memory_peak_perc:50.08%
used_memory_overhead:12972871
used_memory_startup:810072
used_memory_dataset:1290059361
used_memory_dataset_perc:99.07%
allocator_allocated:1302639408
allocator_active:1303744512
allocator_resident:1342017536
total_system_memory:16479883264
total_system_memory_human:15.35G
used_memory_lua:37888
used_memory_lua_human:37.00K
used_memory_scripts:0
used_memory_scripts_human:0B
number_of_cached_scripts:0
maxmemory:0
maxmemory_human:0B
maxmemory_policy:noeviction
allocator_frag_ratio:1.00
allocator_frag_bytes:1105104
allocator_rss_ratio:1.03
allocator_rss_bytes:38273024
rss_overhead_ratio:1.00
rss_overhead_bytes:208896
mem_fragmentation_ratio:1.03
mem_fragmentation_bytes:39745376
mem_not_counted_for_evict:4
mem_replication_backlog:0
mem_clients_slaves:0
mem_clients_normal:65639
mem_aof_buffer:8
mem_allocator:jemalloc-5.1.0
active_defrag_running:0
lazyfree_pending_objects:0
lazyfreed_objects:0
