before:  
# Memory
used_memory:935416
used_memory_human:913.49K
used_memory_rss:36794368
used_memory_rss_human:35.09M
used_memory_peak:2601715552
used_memory_peak_human:2.42G
used_memory_peak_perc:0.04%
used_memory_overhead:871608
used_memory_startup:810072
used_memory_dataset:63808
used_memory_dataset_perc:50.91%
allocator_allocated:1114272
allocator_active:9306112
allocator_resident:35037184
total_system_memory:16479883264
total_system_memory_human:15.35G
used_memory_lua:37888
used_memory_lua_human:37.00K
used_memory_scripts:0
used_memory_scripts_human:0B
number_of_cached_scripts:0
maxmemory:0
maxmemory_human:0B
maxmemory_policy:noeviction
allocator_frag_ratio:8.35
allocator_frag_bytes:8191840
allocator_rss_ratio:3.76
allocator_rss_bytes:25731072
rss_overhead_ratio:1.05
rss_overhead_bytes:1757184
mem_fragmentation_ratio:41.14
mem_fragmentation_bytes:35899976
mem_not_counted_for_evict:36
mem_replication_backlog:0
mem_clients_slaves:0
mem_clients_normal:61496
mem_aof_buffer:40
mem_allocator:jemalloc-5.1.0
active_defrag_running:0
lazyfree_pending_objects:0
lazyfreed_objects:0


after: 
# Memory
used_memory:2605129720
used_memory_human:2.43G
used_memory_rss:2655981568
used_memory_rss_human:2.47G
used_memory_peak:2617722936
used_memory_peak_human:2.44G
used_memory_peak_perc:99.52%
used_memory_overhead:25070023
used_memory_startup:810072
used_memory_dataset:2580059697
used_memory_dataset_perc:99.07%
allocator_allocated:2605039136
allocator_active:2606137344
allocator_resident:2663297024
total_system_memory:16479883264
total_system_memory_human:15.35G
used_memory_lua:37888
used_memory_lua_human:37.00K
used_memory_scripts:0
used_memory_scripts_human:0B
number_of_cached_scripts:0
maxmemory:0
maxmemory_human:0B
maxmemory_policy:noeviction
allocator_frag_ratio:1.00
allocator_frag_bytes:1098208
allocator_rss_ratio:1.02
allocator_rss_bytes:57159680
rss_overhead_ratio:1.00
rss_overhead_bytes:-7315456
mem_fragmentation_ratio:1.02
mem_fragmentation_bytes:51106624
mem_not_counted_for_evict:4
mem_replication_backlog:0
mem_clients_slaves:0
mem_clients_normal:65639
mem_aof_buffer:8
mem_allocator:jemalloc-5.1.0
active_defrag_running:0
lazyfree_pending_objects:0
lazyfreed_objects:0
