before:  
# Memory
used_memory:934624
used_memory_human:912.72K
used_memory_rss:34250752
used_memory_rss_human:32.66M
used_memory_peak:2601715552
used_memory_peak_human:2.42G
used_memory_peak_perc:0.04%
used_memory_overhead:871576
used_memory_startup:810072
used_memory_dataset:63048
used_memory_dataset_perc:50.62%
allocator_allocated:1101760
allocator_active:6176768
allocator_resident:44449792
total_system_memory:16479883264
total_system_memory_human:15.35G
used_memory_lua:37888
used_memory_lua_human:37.00K
used_memory_scripts:0
used_memory_scripts_human:0B
number_of_cached_scripts:0
maxmemory:0
maxmemory_human:0B
maxmemory_policy:noeviction
allocator_frag_ratio:5.61
allocator_frag_bytes:5075008
allocator_rss_ratio:7.20
allocator_rss_bytes:38273024
rss_overhead_ratio:0.77
rss_overhead_bytes:-10199040
mem_fragmentation_ratio:38.33
mem_fragmentation_bytes:33357152
mem_not_counted_for_evict:4
mem_replication_backlog:0
mem_clients_slaves:0
mem_clients_normal:61496
mem_aof_buffer:8
mem_allocator:jemalloc-5.1.0
active_defrag_running:0
lazyfree_pending_objects:0
lazyfreed_objects:0


after: 
# Memory
used_memory:131065696
used_memory_human:124.99M
used_memory_rss:164917248
used_memory_rss_human:157.28M
used_memory_peak:2601715552
used_memory_peak_human:2.42G
used_memory_peak_perc:5.04%
used_memory_overhead:2002664
used_memory_startup:810072
used_memory_dataset:129063032
used_memory_dataset_perc:99.08%
allocator_allocated:142914096
allocator_active:146583552
allocator_resident:187301888
total_system_memory:16479883264
total_system_memory_human:15.35G
used_memory_lua:37888
used_memory_lua_human:37.00K
used_memory_scripts:0
used_memory_scripts_human:0B
number_of_cached_scripts:0
maxmemory:0
maxmemory_human:0B
maxmemory_policy:noeviction
allocator_frag_ratio:1.03
allocator_frag_bytes:3669456
allocator_rss_ratio:1.28
allocator_rss_bytes:40718336
rss_overhead_ratio:0.88
rss_overhead_bytes:-22384640
mem_fragmentation_ratio:1.16
mem_fragmentation_bytes:22142416
mem_not_counted_for_evict:4
mem_replication_backlog:0
mem_clients_slaves:0
mem_clients_normal:61512
mem_aof_buffer:8
mem_allocator:jemalloc-5.1.0
active_defrag_running:0
lazyfree_pending_objects:0
lazyfreed_objects:0
