before:  
# Memory
used_memory:930768
used_memory_human:908.95K
used_memory_rss:40501248
used_memory_rss_human:38.62M
used_memory_peak:2601715552
used_memory_peak_human:2.42G
used_memory_peak_perc:0.04%
used_memory_overhead:871824
used_memory_startup:810072
used_memory_dataset:58944
used_memory_dataset_perc:48.84%
allocator_allocated:1015928
allocator_active:12439552
allocator_resident:38158336
total_system_memory:16479883264
total_system_memory_human:15.35G
used_memory_lua:37888
used_memory_lua_human:37.00K
used_memory_scripts:0
used_memory_scripts_human:0B
number_of_cached_scripts:0
maxmemory:0
maxmemory_human:0B
maxmemory_policy:noeviction
allocator_frag_ratio:12.24
allocator_frag_bytes:11423624
allocator_rss_ratio:3.07
allocator_rss_bytes:25718784
rss_overhead_ratio:1.06
rss_overhead_bytes:2342912
mem_fragmentation_ratio:45.52
mem_fragmentation_bytes:39611504
mem_not_counted_for_evict:252
mem_replication_backlog:0
mem_clients_slaves:0
mem_clients_normal:61496
mem_aof_buffer:256
mem_allocator:jemalloc-5.1.0
active_defrag_running:0
lazyfree_pending_objects:0
lazyfreed_objects:0


after: 
# Memory
used_memory:73125072
used_memory_human:69.74M
used_memory_rss:101736448
used_memory_rss_human:97.02M
used_memory_peak:2601715552
used_memory_peak_human:2.42G
used_memory_peak_perc:2.81%
used_memory_overhead:25066144
used_memory_startup:810072
used_memory_dataset:48058928
used_memory_dataset_perc:66.46%
allocator_allocated:73115760
allocator_active:73883648
allocator_resident:99557376
total_system_memory:16479883264
total_system_memory_human:15.35G
used_memory_lua:37888
used_memory_lua_human:37.00K
used_memory_scripts:0
used_memory_scripts_human:0B
number_of_cached_scripts:0
maxmemory:0
maxmemory_human:0B
maxmemory_policy:noeviction
allocator_frag_ratio:1.01
allocator_frag_bytes:767888
allocator_rss_ratio:1.35
allocator_rss_bytes:25673728
rss_overhead_ratio:1.02
rss_overhead_bytes:2179072
mem_fragmentation_ratio:1.39
mem_fragmentation_bytes:28736120
mem_not_counted_for_evict:252
mem_replication_backlog:0
mem_clients_slaves:0
mem_clients_normal:61512
mem_aof_buffer:256
mem_allocator:jemalloc-5.1.0
active_defrag_running:0
lazyfree_pending_objects:0
lazyfreed_objects:0
