before:  
# Memory
used_memory:929920
used_memory_human:908.12K
used_memory_rss:36057088
used_memory_rss_human:34.39M
used_memory_peak:2601715552
used_memory_peak_human:2.42G
used_memory_peak_perc:0.04%
used_memory_overhead:851264
used_memory_startup:810072
used_memory_dataset:78656
used_memory_dataset_perc:65.63%
allocator_allocated:1007408
allocator_active:8044544
allocator_resident:33718272
total_system_memory:16479883264
total_system_memory_human:15.35G
used_memory_lua:37888
used_memory_lua_human:37.00K
used_memory_scripts:0
used_memory_scripts_human:0B
number_of_cached_scripts:0
maxmemory:0
maxmemory_human:0B
maxmemory_policy:noeviction
allocator_frag_ratio:7.99
allocator_frag_bytes:7037136
allocator_rss_ratio:4.19
allocator_rss_bytes:25673728
rss_overhead_ratio:1.07
rss_overhead_bytes:2338816
mem_fragmentation_ratio:41.54
mem_fragmentation_bytes:35189176
mem_not_counted_for_evict:188
mem_replication_backlog:0
mem_clients_slaves:0
mem_clients_normal:41000
mem_aof_buffer:192
mem_allocator:jemalloc-5.1.0
active_defrag_running:0
lazyfree_pending_objects:0
lazyfreed_objects:0


after: 
# Memory
used_memory:2421056
used_memory_human:2.31M
used_memory_rss:36601856
used_memory_rss_human:34.91M
used_memory_peak:2601715552
used_memory_peak_human:2.42G
used_memory_peak_perc:0.09%
used_memory_overhead:1402912
used_memory_startup:810072
used_memory_dataset:1018144
used_memory_dataset_perc:63.20%
allocator_allocated:2543856
allocator_active:7757824
allocator_resident:34390016
total_system_memory:16479883264
total_system_memory_human:15.35G
used_memory_lua:37888
used_memory_lua_human:37.00K
used_memory_scripts:0
used_memory_scripts_human:0B
number_of_cached_scripts:0
maxmemory:0
maxmemory_human:0B
maxmemory_policy:noeviction
allocator_frag_ratio:3.05
allocator_frag_bytes:5213968
allocator_rss_ratio:4.43
allocator_rss_bytes:26632192
rss_overhead_ratio:1.06
rss_overhead_bytes:2211840
mem_fragmentation_ratio:15.06
mem_fragmentation_bytes:34171872
mem_not_counted_for_evict:252
mem_replication_backlog:0
mem_clients_slaves:0
mem_clients_normal:61512
mem_aof_buffer:256
mem_allocator:jemalloc-5.1.0
active_defrag_running:0
lazyfree_pending_objects:0
lazyfreed_objects:0
