before:  
# Memory
used_memory:930312
used_memory_human:908.51K
used_memory_rss:37535744
used_memory_rss_human:35.80M
used_memory_peak:2601715552
used_memory_peak_human:2.42G
used_memory_peak_perc:0.04%
used_memory_overhead:871824
used_memory_startup:810072
used_memory_dataset:58488
used_memory_dataset_perc:48.64%
allocator_allocated:1015184
allocator_active:9469952
allocator_resident:35188736
total_system_memory:16479883264
total_system_memory_human:15.35G
used_memory_lua:37888
used_memory_lua_human:37.00K
used_memory_scripts:0
used_memory_scripts_human:0B
number_of_cached_scripts:0
maxmemory:0
maxmemory_human:0B
maxmemory_policy:noeviction
allocator_frag_ratio:9.33
allocator_frag_bytes:8454768
allocator_rss_ratio:3.72
allocator_rss_bytes:25718784
rss_overhead_ratio:1.07
rss_overhead_bytes:2347008
mem_fragmentation_ratio:42.21
mem_fragmentation_bytes:36646456
mem_not_counted_for_evict:252
mem_replication_backlog:0
mem_clients_slaves:0
mem_clients_normal:61496
mem_aof_buffer:256
mem_allocator:jemalloc-5.1.0
active_defrag_running:0
lazyfree_pending_objects:0
lazyfreed_objects:0


after: 
# Memory
used_memory:15578888
used_memory_human:14.86M
used_memory_rss:44576768
used_memory_rss_human:42.51M
used_memory_peak:2601715552
used_memory_peak_human:2.42G
used_memory_peak_perc:0.60%
used_memory_overhead:5920416
used_memory_startup:810072
used_memory_dataset:9658472
used_memory_dataset_perc:65.40%
allocator_allocated:15588312
allocator_active:16601088
allocator_resident:42274816
total_system_memory:16479883264
total_system_memory_human:15.35G
used_memory_lua:37888
used_memory_lua_human:37.00K
used_memory_scripts:0
used_memory_scripts_human:0B
number_of_cached_scripts:0
maxmemory:0
maxmemory_human:0B
maxmemory_policy:noeviction
allocator_frag_ratio:1.06
allocator_frag_bytes:1012776
allocator_rss_ratio:2.55
allocator_rss_bytes:25673728
rss_overhead_ratio:1.05
rss_overhead_bytes:2301952
mem_fragmentation_ratio:2.88
mem_fragmentation_bytes:29103720
mem_not_counted_for_evict:252
mem_replication_backlog:0
mem_clients_slaves:0
mem_clients_normal:61512
mem_aof_buffer:256
mem_allocator:jemalloc-5.1.0
active_defrag_running:0
lazyfree_pending_objects:0
lazyfreed_objects:0
