before:  
# Memory
used_memory:930160
used_memory_human:908.36K
used_memory_rss:35024896
used_memory_rss_human:33.40M
used_memory_peak:2601715552
used_memory_peak_human:2.42G
used_memory_peak_perc:0.04%
used_memory_overhead:871824
used_memory_startup:810072
used_memory_dataset:58336
used_memory_dataset_perc:48.58%
allocator_allocated:1016480
allocator_active:6963200
allocator_resident:32681984
total_system_memory:16479883264
total_system_memory_human:15.35G
used_memory_lua:37888
used_memory_lua_human:37.00K
used_memory_scripts:0
used_memory_scripts_human:0B
number_of_cached_scripts:0
maxmemory:0
maxmemory_human:0B
maxmemory_policy:noeviction
allocator_frag_ratio:6.85
allocator_frag_bytes:5946720
allocator_rss_ratio:4.69
allocator_rss_bytes:25718784
rss_overhead_ratio:1.07
rss_overhead_bytes:2342912
mem_fragmentation_ratio:39.39
mem_fragmentation_bytes:34135760
mem_not_counted_for_evict:252
mem_replication_backlog:0
mem_clients_slaves:0
mem_clients_normal:61496
mem_aof_buffer:256
mem_allocator:jemalloc-5.1.0
active_defrag_running:0
lazyfree_pending_objects:0
lazyfreed_objects:0


after: 
# Memory
used_memory:12178736
used_memory_human:11.61M
used_memory_rss:42037248
used_memory_rss_human:40.09M
used_memory_peak:2601715552
used_memory_peak_human:2.42G
used_memory_peak_perc:0.47%
used_memory_overhead:4920416
used_memory_startup:810072
used_memory_dataset:7258320
used_memory_dataset_perc:63.84%
allocator_allocated:12142824
allocator_active:13758464
allocator_resident:39792640
total_system_memory:16479883264
total_system_memory_human:15.35G
used_memory_lua:37888
used_memory_lua_human:37.00K
used_memory_scripts:0
used_memory_scripts_human:0B
number_of_cached_scripts:0
maxmemory:0
maxmemory_human:0B
maxmemory_policy:noeviction
allocator_frag_ratio:1.13
allocator_frag_bytes:1615640
allocator_rss_ratio:2.89
allocator_rss_bytes:26034176
rss_overhead_ratio:1.06
rss_overhead_bytes:2244608
mem_fragmentation_ratio:3.49
mem_fragmentation_bytes:30007328
mem_not_counted_for_evict:252
mem_replication_backlog:0
mem_clients_slaves:0
mem_clients_normal:61512
mem_aof_buffer:256
mem_allocator:jemalloc-5.1.0
active_defrag_running:0
lazyfree_pending_objects:0
lazyfreed_objects:0
