before:  
# Memory
used_memory:930464
used_memory_human:908.66K
used_memory_rss:38277120
used_memory_rss_human:36.50M
used_memory_peak:2601715552
used_memory_peak_human:2.42G
used_memory_peak_perc:0.04%
used_memory_overhead:871824
used_memory_startup:810072
used_memory_dataset:58640
used_memory_dataset_perc:48.71%
allocator_allocated:1017008
allocator_active:10211328
allocator_resident:35930112
total_system_memory:16479883264
total_system_memory_human:15.35G
used_memory_lua:37888
used_memory_lua_human:37.00K
used_memory_scripts:0
used_memory_scripts_human:0B
number_of_cached_scripts:0
maxmemory:0
maxmemory_human:0B
maxmemory_policy:noeviction
allocator_frag_ratio:10.04
allocator_frag_bytes:9194320
allocator_rss_ratio:3.52
allocator_rss_bytes:25718784
rss_overhead_ratio:1.07
rss_overhead_bytes:2347008
mem_fragmentation_ratio:43.04
mem_fragmentation_bytes:37387680
mem_not_counted_for_evict:252
mem_replication_backlog:0
mem_clients_slaves:0
mem_clients_normal:61496
mem_aof_buffer:256
mem_allocator:jemalloc-5.1.0
active_defrag_running:0
lazyfree_pending_objects:0
lazyfreed_objects:0


after: 
# Memory
used_memory:37027616
used_memory_human:35.31M
used_memory_rss:65642496
used_memory_rss_human:62.60M
used_memory_peak:2601715552
used_memory_peak_human:2.42G
used_memory_peak_perc:1.42%
used_memory_overhead:12968992
used_memory_startup:810072
used_memory_dataset:24058624
used_memory_dataset_perc:66.43%
allocator_allocated:36928888
allocator_active:37691392
allocator_resident:63373312
total_system_memory:16479883264
total_system_memory_human:15.35G
used_memory_lua:37888
used_memory_lua_human:37.00K
used_memory_scripts:0
used_memory_scripts_human:0B
number_of_cached_scripts:0
maxmemory:0
maxmemory_human:0B
maxmemory_policy:noeviction
allocator_frag_ratio:1.02
allocator_frag_bytes:762504
allocator_rss_ratio:1.68
allocator_rss_bytes:25681920
rss_overhead_ratio:1.04
rss_overhead_bytes:2269184
mem_fragmentation_ratio:1.78
mem_fragmentation_bytes:28829384
mem_not_counted_for_evict:252
mem_replication_backlog:0
mem_clients_slaves:0
mem_clients_normal:61512
mem_aof_buffer:256
mem_allocator:jemalloc-5.1.0
active_defrag_running:0
lazyfree_pending_objects:0
lazyfreed_objects:0
