before:  
# Memory
used_memory:929984
used_memory_human:908.19K
used_memory_rss:33570816
used_memory_rss_human:32.02M
used_memory_peak:2601715552
used_memory_peak_human:2.42G
used_memory_peak_perc:0.04%
used_memory_overhead:871824
used_memory_startup:810072
used_memory_dataset:58160
used_memory_dataset_perc:48.50%
allocator_allocated:1016416
allocator_active:5513216
allocator_resident:31232000
total_system_memory:16479883264
total_system_memory_human:15.35G
used_memory_lua:37888
used_memory_lua_human:37.00K
used_memory_scripts:0
used_memory_scripts_human:0B
number_of_cached_scripts:0
maxmemory:0
maxmemory_human:0B
maxmemory_policy:noeviction
allocator_frag_ratio:5.42
allocator_frag_bytes:4496800
allocator_rss_ratio:5.66
allocator_rss_bytes:25718784
rss_overhead_ratio:1.07
rss_overhead_bytes:2338816
mem_fragmentation_ratio:37.76
mem_fragmentation_bytes:32681856
mem_not_counted_for_evict:252
mem_replication_backlog:0
mem_clients_slaves:0
mem_clients_normal:61496
mem_aof_buffer:256
mem_allocator:jemalloc-5.1.0
active_defrag_running:0
lazyfree_pending_objects:0
lazyfreed_objects:0


after: 
# Memory
used_memory:4592128
used_memory_human:4.38M
used_memory_rss:35373056
used_memory_rss_human:33.73M
used_memory_peak:2601715552
used_memory_peak_human:2.42G
used_memory_peak_perc:0.18%
used_memory_overhead:2133984
used_memory_startup:810072
used_memory_dataset:2458144
used_memory_dataset_perc:64.99%
allocator_allocated:4626824
allocator_active:7458816
allocator_resident:33132544
total_system_memory:16479883264
total_system_memory_human:15.35G
used_memory_lua:37888
used_memory_lua_human:37.00K
used_memory_scripts:0
used_memory_scripts_human:0B
number_of_cached_scripts:0
maxmemory:0
maxmemory_human:0B
maxmemory_policy:noeviction
allocator_frag_ratio:1.61
allocator_frag_bytes:2831992
allocator_rss_ratio:4.44
allocator_rss_bytes:25673728
rss_overhead_ratio:1.07
rss_overhead_bytes:2240512
mem_fragmentation_ratio:7.85
mem_fragmentation_bytes:30865688
mem_not_counted_for_evict:252
mem_replication_backlog:0
mem_clients_slaves:0
mem_clients_normal:61512
mem_aof_buffer:256
mem_allocator:jemalloc-5.1.0
active_defrag_running:0
lazyfree_pending_objects:0
lazyfreed_objects:0
