before:  
# Memory
used_memory:930616
used_memory_human:908.80K
used_memory_rss:39333888
used_memory_rss_human:37.51M
used_memory_peak:2601715552
used_memory_peak_human:2.42G
used_memory_peak_perc:0.04%
used_memory_overhead:871824
used_memory_startup:810072
used_memory_dataset:58792
used_memory_dataset_perc:48.77%
allocator_allocated:1012920
allocator_active:11268096
allocator_resident:36986880
total_system_memory:16479883264
total_system_memory_human:15.35G
used_memory_lua:37888
used_memory_lua_human:37.00K
used_memory_scripts:0
used_memory_scripts_human:0B
number_of_cached_scripts:0
maxmemory:0
maxmemory_human:0B
maxmemory_policy:noeviction
allocator_frag_ratio:11.12
allocator_frag_bytes:10255176
allocator_rss_ratio:3.28
allocator_rss_bytes:25718784
rss_overhead_ratio:1.06
rss_overhead_bytes:2347008
mem_fragmentation_ratio:44.22
mem_fragmentation_bytes:38444296
mem_not_counted_for_evict:252
mem_replication_backlog:0
mem_clients_slaves:0
mem_clients_normal:61496
mem_aof_buffer:256
mem_allocator:jemalloc-5.1.0
active_defrag_running:0
lazyfree_pending_objects:0
lazyfreed_objects:0


after: 
# Memory
used_memory:52724920
used_memory_human:50.28M
used_memory_rss:83542016
used_memory_rss_human:79.67M
used_memory_peak:2601715552
used_memory_peak_human:2.42G
used_memory_peak_perc:2.03%
used_memory_overhead:19066144
used_memory_startup:810072
used_memory_dataset:33658776
used_memory_dataset_perc:64.83%
allocator_allocated:52730056
allocator_active:53501952
allocator_resident:81276928
total_system_memory:16479883264
total_system_memory_human:15.35G
used_memory_lua:37888
used_memory_lua_human:37.00K
used_memory_scripts:0
used_memory_scripts_human:0B
number_of_cached_scripts:0
maxmemory:0
maxmemory_human:0B
maxmemory_policy:noeviction
allocator_frag_ratio:1.01
allocator_frag_bytes:771896
allocator_rss_ratio:1.52
allocator_rss_bytes:27774976
rss_overhead_ratio:1.03
rss_overhead_bytes:2265088
mem_fragmentation_ratio:1.59
mem_fragmentation_bytes:30927424
mem_not_counted_for_evict:252
mem_replication_backlog:0
mem_clients_slaves:0
mem_clients_normal:61512
mem_aof_buffer:256
mem_allocator:jemalloc-5.1.0
active_defrag_running:0
lazyfree_pending_objects:0
lazyfreed_objects:0
