before:  
# Memory
used_memory:936112
used_memory_human:914.17K
used_memory_rss:33882112
used_memory_rss_human:32.31M
used_memory_peak:2601715552
used_memory_peak_human:2.42G
used_memory_peak_perc:0.04%
used_memory_overhead:874128
used_memory_startup:810072
used_memory_dataset:61984
used_memory_dataset_perc:49.18%
allocator_allocated:1024928
allocator_active:5459968
allocator_resident:31547392
total_system_memory:16479883264
total_system_memory_human:15.35G
used_memory_lua:37888
used_memory_lua_human:37.00K
used_memory_scripts:0
used_memory_scripts_human:0B
number_of_cached_scripts:0
maxmemory:0
maxmemory_human:0B
maxmemory_policy:noeviction
allocator_frag_ratio:5.33
allocator_frag_bytes:4435040
allocator_rss_ratio:5.78
allocator_rss_bytes:26087424
rss_overhead_ratio:1.07
rss_overhead_bytes:2334720
mem_fragmentation_ratio:37.85
mem_fragmentation_bytes:32987024
mem_not_counted_for_evict:2554
mem_replication_backlog:0
mem_clients_slaves:0
mem_clients_normal:61496
mem_aof_buffer:2560
mem_allocator:jemalloc-5.1.0
active_defrag_running:0
lazyfree_pending_objects:0
lazyfreed_objects:0


after: 
# Memory
used_memory:28798256
used_memory_human:27.46M
used_memory_rss:58925056
used_memory_rss_human:56.20M
used_memory_peak:2601715552
used_memory_peak_human:2.42G
used_memory_peak_perc:1.11%
used_memory_overhead:2136288
used_memory_startup:810072
used_memory_dataset:26661968
used_memory_dataset_perc:95.26%
allocator_allocated:27863664
allocator_active:31158272
allocator_resident:56844288
total_system_memory:16479883264
total_system_memory_human:15.35G
used_memory_lua:37888
used_memory_lua_human:37.00K
used_memory_scripts:0
used_memory_scripts_human:0B
number_of_cached_scripts:0
maxmemory:0
maxmemory_human:0B
maxmemory_policy:noeviction
allocator_frag_ratio:1.12
allocator_frag_bytes:3294608
allocator_rss_ratio:1.82
allocator_rss_bytes:25686016
rss_overhead_ratio:1.04
rss_overhead_bytes:2080768
mem_fragmentation_ratio:2.12
mem_fragmentation_bytes:31174528
mem_not_counted_for_evict:2554
mem_replication_backlog:0
mem_clients_slaves:0
mem_clients_normal:61512
mem_aof_buffer:2560
mem_allocator:jemalloc-5.1.0
active_defrag_running:0
lazyfree_pending_objects:0
lazyfreed_objects:0
