before:  
# Memory
used_memory:936568
used_memory_human:914.62K
used_memory_rss:35573760
used_memory_rss_human:33.93M
used_memory_peak:2601715552
used_memory_peak_human:2.42G
used_memory_peak_perc:0.04%
used_memory_overhead:874128
used_memory_startup:810072
used_memory_dataset:62440
used_memory_dataset_perc:49.36%
allocator_allocated:1023696
allocator_active:7507968
allocator_resident:33239040
total_system_memory:16479883264
total_system_memory_human:15.35G
used_memory_lua:37888
used_memory_lua_human:37.00K
used_memory_scripts:0
used_memory_scripts_human:0B
number_of_cached_scripts:0
maxmemory:0
maxmemory_human:0B
maxmemory_policy:noeviction
allocator_frag_ratio:7.33
allocator_frag_bytes:6484272
allocator_rss_ratio:4.43
allocator_rss_bytes:25731072
rss_overhead_ratio:1.07
rss_overhead_bytes:2334720
mem_fragmentation_ratio:39.72
mem_fragmentation_bytes:34678216
mem_not_counted_for_evict:2554
mem_replication_backlog:0
mem_clients_slaves:0
mem_clients_normal:61496
mem_aof_buffer:2560
mem_allocator:jemalloc-5.1.0
active_defrag_running:0
lazyfree_pending_objects:0
lazyfreed_objects:0


after: 
# Memory
used_memory:279033720
used_memory_human:266.11M
used_memory_rss:308219904
used_memory_rss_human:293.94M
used_memory_peak:2601715552
used_memory_peak_human:2.42G
used_memory_peak_perc:10.72%
used_memory_overhead:12971296
used_memory_startup:810072
used_memory_dataset:266062424
used_memory_dataset_perc:95.63%
allocator_allocated:277836088
allocator_active:278949888
allocator_resident:317222912
total_system_memory:16479883264
total_system_memory_human:15.35G
used_memory_lua:37888
used_memory_lua_human:37.00K
used_memory_scripts:0
used_memory_scripts_human:0B
number_of_cached_scripts:0
maxmemory:0
maxmemory_human:0B
maxmemory_policy:noeviction
allocator_frag_ratio:1.00
allocator_frag_bytes:1113800
allocator_rss_ratio:1.14
allocator_rss_bytes:38273024
rss_overhead_ratio:0.97
rss_overhead_bytes:-9003008
mem_fragmentation_ratio:1.11
mem_fragmentation_bytes:30499976
mem_not_counted_for_evict:2554
mem_replication_backlog:0
mem_clients_slaves:0
mem_clients_normal:61512
mem_aof_buffer:2560
mem_allocator:jemalloc-5.1.0
active_defrag_running:0
lazyfree_pending_objects:0
lazyfreed_objects:0
