before:  
# Memory
used_memory:934168
used_memory_human:912.27K
used_memory_rss:36773888
used_memory_rss_human:35.07M
used_memory_peak:2601715552
used_memory_peak_human:2.42G
used_memory_peak_perc:0.04%
used_memory_overhead:871576
used_memory_startup:810072
used_memory_dataset:62592
used_memory_dataset_perc:50.44%
allocator_allocated:1025168
allocator_active:8708096
allocator_resident:34439168
total_system_memory:16479883264
total_system_memory_human:15.35G
used_memory_lua:37888
used_memory_lua_human:37.00K
used_memory_scripts:0
used_memory_scripts_human:0B
number_of_cached_scripts:0
maxmemory:0
maxmemory_human:0B
maxmemory_policy:noeviction
allocator_frag_ratio:8.49
allocator_frag_bytes:7682928
allocator_rss_ratio:3.95
allocator_rss_bytes:25731072
rss_overhead_ratio:1.07
rss_overhead_bytes:2334720
mem_fragmentation_ratio:41.17
mem_fragmentation_bytes:35880744
mem_not_counted_for_evict:4
mem_replication_backlog:0
mem_clients_slaves:0
mem_clients_normal:61496
mem_aof_buffer:8
mem_allocator:jemalloc-5.1.0
active_defrag_running:0
lazyfree_pending_objects:0
lazyfreed_objects:0


after: 
# Memory
used_memory:391531072
used_memory_human:373.39M
used_memory_rss:424108032
used_memory_rss_human:404.46M
used_memory_peak:2601715552
used_memory_peak_human:2.42G
used_memory_peak_perc:15.05%
used_memory_overhead:19068448
used_memory_startup:810072
used_memory_dataset:372462624
used_memory_dataset_perc:95.33%
allocator_allocated:403919296
allocator_active:405032960
allocator_resident:432685056
total_system_memory:16479883264
total_system_memory_human:15.35G
used_memory_lua:37888
used_memory_lua_human:37.00K
used_memory_scripts:0
used_memory_scripts_human:0B
number_of_cached_scripts:0
maxmemory:0
maxmemory_human:0B
maxmemory_policy:noeviction
allocator_frag_ratio:1.00
allocator_frag_bytes:1113664
allocator_rss_ratio:1.07
allocator_rss_bytes:27652096
rss_overhead_ratio:0.98
rss_overhead_bytes:-8577024
mem_fragmentation_ratio:1.05
mem_fragmentation_bytes:20310952
mem_not_counted_for_evict:2554
mem_replication_backlog:0
mem_clients_slaves:0
mem_clients_normal:61512
mem_aof_buffer:2560
mem_allocator:jemalloc-5.1.0
active_defrag_running:0
lazyfree_pending_objects:0
lazyfreed_objects:0
