before:  
# Memory
used_memory:933864
used_memory_human:911.98K
used_memory_rss:34848768
used_memory_rss_human:33.23M
used_memory_peak:2601715552
used_memory_peak_human:2.42G
used_memory_peak_perc:0.04%
used_memory_overhead:871576
used_memory_startup:810072
used_memory_dataset:62288
used_memory_dataset_perc:50.32%
allocator_allocated:1023936
allocator_active:6782976
allocator_resident:45101056
total_system_memory:16479883264
total_system_memory_human:15.35G
used_memory_lua:37888
used_memory_lua_human:37.00K
used_memory_scripts:0
used_memory_scripts_human:0B
number_of_cached_scripts:0
maxmemory:0
maxmemory_human:0B
maxmemory_policy:noeviction
allocator_frag_ratio:6.62
allocator_frag_bytes:5759040
allocator_rss_ratio:6.65
allocator_rss_bytes:38318080
rss_overhead_ratio:0.77
rss_overhead_bytes:-10252288
mem_fragmentation_ratio:39.03
mem_fragmentation_bytes:33955928
mem_not_counted_for_evict:4
mem_replication_backlog:0
mem_clients_slaves:0
mem_clients_normal:61496
mem_aof_buffer:8
mem_allocator:jemalloc-5.1.0
active_defrag_running:0
lazyfree_pending_objects:0
lazyfreed_objects:0


after: 
# Memory
used_memory:112384992
used_memory_human:107.18M
used_memory_rss:140955648
used_memory_rss_human:134.43M
used_memory_peak:2601715552
used_memory_peak_human:2.42G
used_memory_peak_perc:4.32%
used_memory_overhead:5922720
used_memory_startup:810072
used_memory_dataset:106462272
used_memory_dataset_perc:95.42%
allocator_allocated:111411424
allocator_active:112898048
allocator_resident:150118400
total_system_memory:16479883264
total_system_memory_human:15.35G
used_memory_lua:37888
used_memory_lua_human:37.00K
used_memory_scripts:0
used_memory_scripts_human:0B
number_of_cached_scripts:0
maxmemory:0
maxmemory_human:0B
maxmemory_policy:noeviction
allocator_frag_ratio:1.01
allocator_frag_bytes:1486624
allocator_rss_ratio:1.33
allocator_rss_bytes:37220352
rss_overhead_ratio:0.94
rss_overhead_bytes:-9162752
mem_fragmentation_ratio:1.27
mem_fragmentation_bytes:29664752
mem_not_counted_for_evict:2554
mem_replication_backlog:0
mem_clients_slaves:0
mem_clients_normal:61512
mem_aof_buffer:2560
mem_allocator:jemalloc-5.1.0
active_defrag_running:0
lazyfree_pending_objects:0
lazyfreed_objects:0
