before:  
# Memory
used_memory:936264
used_memory_human:914.32K
used_memory_rss:34271232
used_memory_rss_human:32.68M
used_memory_peak:2601715552
used_memory_peak_human:2.42G
used_memory_peak_perc:0.04%
used_memory_overhead:874128
used_memory_startup:810072
used_memory_dataset:62136
used_memory_dataset_perc:49.24%
allocator_allocated:1025184
allocator_active:6205440
allocator_resident:31936512
total_system_memory:16479883264
total_system_memory_human:15.35G
used_memory_lua:37888
used_memory_lua_human:37.00K
used_memory_scripts:0
used_memory_scripts_human:0B
number_of_cached_scripts:0
maxmemory:0
maxmemory_human:0B
maxmemory_policy:noeviction
allocator_frag_ratio:6.05
allocator_frag_bytes:5180256
allocator_rss_ratio:5.15
allocator_rss_bytes:25731072
rss_overhead_ratio:1.07
rss_overhead_bytes:2334720
mem_fragmentation_ratio:38.28
mem_fragmentation_bytes:33375992
mem_not_counted_for_evict:2554
mem_replication_backlog:0
mem_clients_slaves:0
mem_clients_normal:61496
mem_aof_buffer:2560
mem_allocator:jemalloc-5.1.0
active_defrag_running:0
lazyfree_pending_objects:0
lazyfreed_objects:0


after: 
# Memory
used_memory:84260552
used_memory_human:80.36M
used_memory_rss:114180096
used_memory_rss_human:108.89M
used_memory_peak:2601715552
used_memory_peak_human:2.42G
used_memory_peak_perc:3.24%
used_memory_overhead:4398432
used_memory_startup:810072
used_memory_dataset:79862120
used_memory_dataset_perc:95.70%
allocator_allocated:84174120
allocator_active:86249472
allocator_resident:137109504
total_system_memory:16479883264
total_system_memory_human:15.35G
used_memory_lua:37888
used_memory_lua_human:37.00K
used_memory_scripts:0
used_memory_scripts_human:0B
number_of_cached_scripts:0
maxmemory:0
maxmemory_human:0B
maxmemory_policy:noeviction
allocator_frag_ratio:1.02
allocator_frag_bytes:2075352
allocator_rss_ratio:1.59
allocator_rss_bytes:50860032
rss_overhead_ratio:0.83
rss_overhead_bytes:-22929408
mem_fragmentation_ratio:1.36
mem_fragmentation_bytes:30128256
mem_not_counted_for_evict:2554
mem_replication_backlog:0
mem_clients_slaves:0
mem_clients_normal:61512
mem_aof_buffer:2560
mem_allocator:jemalloc-5.1.0
active_defrag_running:0
lazyfree_pending_objects:0
lazyfreed_objects:0
