before:  
# Memory
used_memory:933384
used_memory_human:911.51K
used_memory_rss:37711872
used_memory_rss_human:35.96M
used_memory_peak:2601715552
used_memory_peak_human:2.42G
used_memory_peak_perc:0.04%
used_memory_overhead:851080
used_memory_startup:810072
used_memory_dataset:82304
used_memory_dataset_perc:66.74%
allocator_allocated:1024464
allocator_active:9678848
allocator_resident:35364864
total_system_memory:16479883264
total_system_memory_human:15.35G
used_memory_lua:37888
used_memory_lua_human:37.00K
used_memory_scripts:0
used_memory_scripts_human:0B
number_of_cached_scripts:0
maxmemory:0
maxmemory_human:0B
maxmemory_policy:noeviction
allocator_frag_ratio:9.45
allocator_frag_bytes:8654384
allocator_rss_ratio:3.65
allocator_rss_bytes:25686016
rss_overhead_ratio:1.07
rss_overhead_bytes:2347008
mem_fragmentation_ratio:43.28
mem_fragmentation_bytes:36840496
mem_not_counted_for_evict:4
mem_replication_backlog:0
mem_clients_slaves:0
mem_clients_normal:41000
mem_aof_buffer:8
mem_allocator:jemalloc-5.1.0
active_defrag_running:0
lazyfree_pending_objects:0
lazyfreed_objects:0


after: 
# Memory
used_memory:12107008
used_memory_human:11.55M
used_memory_rss:46665728
used_memory_rss_human:44.50M
used_memory_peak:2601715552
used_memory_peak_human:2.42G
used_memory_peak_perc:0.47%
used_memory_overhead:1405216
used_memory_startup:810072
used_memory_dataset:10701792
used_memory_dataset_perc:94.73%
allocator_allocated:11610816
allocator_active:18694144
allocator_resident:44380160
total_system_memory:16479883264
total_system_memory_human:15.35G
used_memory_lua:37888
used_memory_lua_human:37.00K
used_memory_scripts:0
used_memory_scripts_human:0B
number_of_cached_scripts:0
maxmemory:0
maxmemory_human:0B
maxmemory_policy:noeviction
allocator_frag_ratio:1.61
allocator_frag_bytes:7083328
allocator_rss_ratio:2.37
allocator_rss_bytes:25686016
rss_overhead_ratio:1.05
rss_overhead_bytes:2285568
mem_fragmentation_ratio:4.06
mem_fragmentation_bytes:35173280
mem_not_counted_for_evict:2554
mem_replication_backlog:0
mem_clients_slaves:0
mem_clients_normal:61512
mem_aof_buffer:2560
mem_allocator:jemalloc-5.1.0
active_defrag_running:0
lazyfree_pending_objects:0
lazyfreed_objects:0
