before:  
# Memory
used_memory:936872
used_memory_human:914.91K
used_memory_rss:38150144
used_memory_rss_human:36.38M
used_memory_peak:2601715552
used_memory_peak_human:2.42G
used_memory_peak_perc:0.04%
used_memory_overhead:874128
used_memory_startup:810072
used_memory_dataset:62744
used_memory_dataset_perc:49.48%
allocator_allocated:1034232
allocator_active:10084352
allocator_resident:35815424
total_system_memory:16479883264
total_system_memory_human:15.35G
used_memory_lua:37888
used_memory_lua_human:37.00K
used_memory_scripts:0
used_memory_scripts_human:0B
number_of_cached_scripts:0
maxmemory:0
maxmemory_human:0B
maxmemory_policy:noeviction
allocator_frag_ratio:9.75
allocator_frag_bytes:9050120
allocator_rss_ratio:3.55
allocator_rss_bytes:25731072
rss_overhead_ratio:1.07
rss_overhead_bytes:2334720
mem_fragmentation_ratio:42.59
mem_fragmentation_bytes:37254296
mem_not_counted_for_evict:2554
mem_replication_backlog:0
mem_clients_slaves:0
mem_clients_normal:61496
mem_aof_buffer:2560
mem_allocator:jemalloc-5.1.0
active_defrag_running:0
lazyfree_pending_objects:0
lazyfreed_objects:0


after: 
# Memory
used_memory:557131176
used_memory_human:531.32M
used_memory_rss:588206080
used_memory_rss_human:560.96M
used_memory_peak:2601715552
used_memory_peak_human:2.42G
used_memory_peak_perc:21.41%
used_memory_overhead:25068448
used_memory_startup:810072
used_memory_dataset:532062728
used_memory_dataset_perc:95.64%
allocator_allocated:556391736
allocator_active:557498368
allocator_resident:608358400
total_system_memory:16479883264
total_system_memory_human:15.35G
used_memory_lua:37888
used_memory_lua_human:37.00K
used_memory_scripts:0
used_memory_scripts_human:0B
number_of_cached_scripts:0
maxmemory:0
maxmemory_human:0B
maxmemory_policy:noeviction
allocator_frag_ratio:1.00
allocator_frag_bytes:1106632
allocator_rss_ratio:1.09
allocator_rss_bytes:50860032
rss_overhead_ratio:0.97
rss_overhead_bytes:-20152320
mem_fragmentation_ratio:1.06
mem_fragmentation_bytes:31934976
mem_not_counted_for_evict:2554
mem_replication_backlog:0
mem_clients_slaves:0
mem_clients_normal:61512
mem_aof_buffer:2560
mem_allocator:jemalloc-5.1.0
active_defrag_running:0
lazyfree_pending_objects:0
lazyfreed_objects:0
