before:  
# Memory
used_memory:925480
used_memory_human:903.79K
used_memory_rss:18710528
used_memory_rss_human:17.84M
used_memory_peak:735381976
used_memory_peak_human:701.31M
used_memory_peak_perc:0.13%
used_memory_overhead:871888
used_memory_startup:810072
used_memory_dataset:53592
used_memory_dataset_perc:46.44%
allocator_allocated:1014288
allocator_active:10485760
allocator_resident:16261120
total_system_memory:16479883264
total_system_memory_human:15.35G
used_memory_lua:37888
used_memory_lua_human:37.00K
used_memory_scripts:0
used_memory_scripts_human:0B
number_of_cached_scripts:0
maxmemory:0
maxmemory_human:0B
maxmemory_policy:noeviction
allocator_frag_ratio:10.34
allocator_frag_bytes:9471472
allocator_rss_ratio:1.55
allocator_rss_bytes:5775360
rss_overhead_ratio:1.15
rss_overhead_bytes:2449408
mem_fragmentation_ratio:21.15
mem_fragmentation_bytes:17826072
mem_not_counted_for_evict:314
mem_replication_backlog:0
mem_clients_slaves:0
mem_clients_normal:61496
mem_aof_buffer:320
mem_allocator:jemalloc-5.1.0
active_defrag_running:0
lazyfree_pending_objects:0
lazyfreed_objects:0


after: 
# Memory
used_memory:85119784
used_memory_human:81.18M
used_memory_rss:93798400
used_memory_rss_human:89.45M
used_memory_peak:735381976
used_memory_peak_human:701.31M
used_memory_peak_perc:11.57%
used_memory_overhead:25066208
used_memory_startup:810072
used_memory_dataset:60053576
used_memory_dataset_perc:71.23%
allocator_allocated:85045296
allocator_active:85635072
allocator_resident:91373568
total_system_memory:16479883264
total_system_memory_human:15.35G
used_memory_lua:37888
used_memory_lua_human:37.00K
used_memory_scripts:0
used_memory_scripts_human:0B
number_of_cached_scripts:0
maxmemory:0
maxmemory_human:0B
maxmemory_policy:noeviction
allocator_frag_ratio:1.01
allocator_frag_bytes:589776
allocator_rss_ratio:1.07
allocator_rss_bytes:5738496
rss_overhead_ratio:1.03
rss_overhead_bytes:2424832
mem_fragmentation_ratio:1.10
mem_fragmentation_bytes:8868728
mem_not_counted_for_evict:314
mem_replication_backlog:0
mem_clients_slaves:0
mem_clients_normal:61512
mem_aof_buffer:320
mem_allocator:jemalloc-5.1.0
active_defrag_running:0
lazyfree_pending_objects:0
lazyfreed_objects:0
