before:  
# Memory
used_memory:924696
used_memory_human:903.02K
used_memory_rss:13033472
used_memory_rss_human:12.43M
used_memory_peak:735381976
used_memory_peak_human:701.31M
used_memory_peak_perc:0.13%
used_memory_overhead:871888
used_memory_startup:810072
used_memory_dataset:52808
used_memory_dataset_perc:46.07%
allocator_allocated:1015240
allocator_active:4825088
allocator_resident:10600448
total_system_memory:16479883264
total_system_memory_human:15.35G
used_memory_lua:37888
used_memory_lua_human:37.00K
used_memory_scripts:0
used_memory_scripts_human:0B
number_of_cached_scripts:0
maxmemory:0
maxmemory_human:0B
maxmemory_policy:noeviction
allocator_frag_ratio:4.75
allocator_frag_bytes:3809848
allocator_rss_ratio:2.20
allocator_rss_bytes:5775360
rss_overhead_ratio:1.23
rss_overhead_bytes:2433024
mem_fragmentation_ratio:14.75
mem_fragmentation_bytes:12149800
mem_not_counted_for_evict:314
mem_replication_backlog:0
mem_clients_slaves:0
mem_clients_normal:61496
mem_aof_buffer:320
mem_allocator:jemalloc-5.1.0
active_defrag_running:0
lazyfree_pending_objects:0
lazyfreed_objects:0


after: 
# Memory
used_memory:5186840
used_memory_human:4.95M
used_memory_rss:15147008
used_memory_rss_human:14.45M
used_memory_peak:735381976
used_memory_peak_human:701.31M
used_memory_peak_perc:0.71%
used_memory_overhead:2134048
used_memory_startup:810072
used_memory_dataset:3052792
used_memory_dataset_perc:69.75%
allocator_allocated:5280040
allocator_active:7114752
allocator_resident:12845056
total_system_memory:16479883264
total_system_memory_human:15.35G
used_memory_lua:37888
used_memory_lua_human:37.00K
used_memory_scripts:0
used_memory_scripts_human:0B
number_of_cached_scripts:0
maxmemory:0
maxmemory_human:0B
maxmemory_policy:noeviction
allocator_frag_ratio:1.35
allocator_frag_bytes:1834712
allocator_rss_ratio:1.81
allocator_rss_bytes:5730304
rss_overhead_ratio:1.18
rss_overhead_bytes:2301952
mem_fragmentation_ratio:2.93
mem_fragmentation_bytes:9983240
mem_not_counted_for_evict:314
mem_replication_backlog:0
mem_clients_slaves:0
mem_clients_normal:61512
mem_aof_buffer:320
mem_allocator:jemalloc-5.1.0
active_defrag_running:0
lazyfree_pending_objects:0
lazyfreed_objects:0
