before:  
# Memory
used_memory:924872
used_memory_human:903.20K
used_memory_rss:13955072
used_memory_rss_human:13.31M
used_memory_peak:735381976
used_memory_peak_human:701.31M
used_memory_peak_perc:0.13%
used_memory_overhead:871888
used_memory_startup:810072
used_memory_dataset:52984
used_memory_dataset_perc:46.15%
allocator_allocated:1007416
allocator_active:5750784
allocator_resident:11526144
total_system_memory:16479883264
total_system_memory_human:15.35G
used_memory_lua:37888
used_memory_lua_human:37.00K
used_memory_scripts:0
used_memory_scripts_human:0B
number_of_cached_scripts:0
maxmemory:0
maxmemory_human:0B
maxmemory_policy:noeviction
allocator_frag_ratio:5.71
allocator_frag_bytes:4743368
allocator_rss_ratio:2.00
allocator_rss_bytes:5775360
rss_overhead_ratio:1.21
rss_overhead_bytes:2428928
mem_fragmentation_ratio:15.79
mem_fragmentation_bytes:13071224
mem_not_counted_for_evict:314
mem_replication_backlog:0
mem_clients_slaves:0
mem_clients_normal:61496
mem_aof_buffer:320
mem_allocator:jemalloc-5.1.0
active_defrag_running:0
lazyfree_pending_objects:0
lazyfreed_objects:0


after: 
# Memory
used_memory:13973448
used_memory_human:13.33M
used_memory_rss:22740992
used_memory_rss_human:21.69M
used_memory_peak:735381976
used_memory_peak_human:701.31M
used_memory_peak_perc:1.90%
used_memory_overhead:4920480
used_memory_startup:810072
used_memory_dataset:9052968
used_memory_dataset_perc:68.77%
allocator_allocated:13809160
allocator_active:14413824
allocator_resident:31449088
total_system_memory:16479883264
total_system_memory_human:15.35G
used_memory_lua:37888
used_memory_lua_human:37.00K
used_memory_scripts:0
used_memory_scripts_human:0B
number_of_cached_scripts:0
maxmemory:0
maxmemory_human:0B
maxmemory_policy:noeviction
allocator_frag_ratio:1.04
allocator_frag_bytes:604664
allocator_rss_ratio:2.18
allocator_rss_bytes:17035264
rss_overhead_ratio:0.72
rss_overhead_bytes:-8708096
mem_fragmentation_ratio:1.66
mem_fragmentation_bytes:9042456
mem_not_counted_for_evict:314
mem_replication_backlog:0
mem_clients_slaves:0
mem_clients_normal:61512
mem_aof_buffer:320
mem_allocator:jemalloc-5.1.0
active_defrag_running:0
lazyfree_pending_objects:0
lazyfreed_objects:0
