before:  
# Memory
used_memory:925176
used_memory_human:903.49K
used_memory_rss:16314368
used_memory_rss_human:15.56M
used_memory_peak:735381976
used_memory_peak_human:701.31M
used_memory_peak_perc:0.13%
used_memory_overhead:871888
used_memory_startup:810072
used_memory_dataset:53288
used_memory_dataset_perc:46.30%
allocator_allocated:1010640
allocator_active:8097792
allocator_resident:13873152
total_system_memory:16479883264
total_system_memory_human:15.35G
used_memory_lua:37888
used_memory_lua_human:37.00K
used_memory_scripts:0
used_memory_scripts_human:0B
number_of_cached_scripts:0
maxmemory:0
maxmemory_human:0B
maxmemory_policy:noeviction
allocator_frag_ratio:8.01
allocator_frag_bytes:7087152
allocator_rss_ratio:1.71
allocator_rss_bytes:5775360
rss_overhead_ratio:1.18
rss_overhead_bytes:2441216
mem_fragmentation_ratio:18.45
mem_fragmentation_bytes:15430216
mem_not_counted_for_evict:314
mem_replication_backlog:0
mem_clients_slaves:0
mem_clients_normal:61496
mem_aof_buffer:320
mem_allocator:jemalloc-5.1.0
active_defrag_running:0
lazyfree_pending_objects:0
lazyfreed_objects:0


after: 
# Memory
used_memory:43022328
used_memory_human:41.03M
used_memory_rss:51621888
used_memory_rss_human:49.23M
used_memory_peak:735381976
used_memory_peak_human:701.31M
used_memory_peak_perc:5.85%
used_memory_overhead:12969056
used_memory_startup:810072
used_memory_dataset:30053272
used_memory_dataset_perc:71.20%
allocator_allocated:42937448
allocator_active:43524096
allocator_resident:49254400
total_system_memory:16479883264
total_system_memory_human:15.35G
used_memory_lua:37888
used_memory_lua_human:37.00K
used_memory_scripts:0
used_memory_scripts_human:0B
number_of_cached_scripts:0
maxmemory:0
maxmemory_human:0B
maxmemory_policy:noeviction
allocator_frag_ratio:1.01
allocator_frag_bytes:586648
allocator_rss_ratio:1.13
allocator_rss_bytes:5730304
rss_overhead_ratio:1.05
rss_overhead_bytes:2367488
mem_fragmentation_ratio:1.21
mem_fragmentation_bytes:8792392
mem_not_counted_for_evict:314
mem_replication_backlog:0
mem_clients_slaves:0
mem_clients_normal:61512
mem_aof_buffer:320
mem_allocator:jemalloc-5.1.0
active_defrag_running:0
lazyfree_pending_objects:0
lazyfreed_objects:0
