before:  
# Memory
used_memory:925328
used_memory_human:903.64K
used_memory_rss:17289216
used_memory_rss_human:16.49M
used_memory_peak:735381976
used_memory_peak_human:701.31M
used_memory_peak_perc:0.13%
used_memory_overhead:871888
used_memory_startup:810072
used_memory_dataset:53440
used_memory_dataset_perc:46.37%
allocator_allocated:1009208
allocator_active:9072640
allocator_resident:14848000
total_system_memory:16479883264
total_system_memory_human:15.35G
used_memory_lua:37888
used_memory_lua_human:37.00K
used_memory_scripts:0
used_memory_scripts_human:0B
number_of_cached_scripts:0
maxmemory:0
maxmemory_human:0B
maxmemory_policy:noeviction
allocator_frag_ratio:8.99
allocator_frag_bytes:8063432
allocator_rss_ratio:1.64
allocator_rss_bytes:5775360
rss_overhead_ratio:1.16
rss_overhead_bytes:2441216
mem_fragmentation_ratio:19.55
mem_fragmentation_bytes:16404912
mem_not_counted_for_evict:314
mem_replication_backlog:0
mem_clients_slaves:0
mem_clients_normal:61496
mem_aof_buffer:320
mem_allocator:jemalloc-5.1.0
active_defrag_running:0
lazyfree_pending_objects:0
lazyfreed_objects:0


after: 
# Memory
used_memory:61119632
used_memory_human:58.29M
used_memory_rss:71720960
used_memory_rss_human:68.40M
used_memory_peak:735381976
used_memory_peak_human:701.31M
used_memory_peak_perc:8.31%
used_memory_overhead:19066208
used_memory_startup:810072
used_memory_dataset:42053424
used_memory_dataset_perc:69.73%
allocator_allocated:61062408
allocator_active:61665280
allocator_resident:69496832
total_system_memory:16479883264
total_system_memory_human:15.35G
used_memory_lua:37888
used_memory_lua_human:37.00K
used_memory_scripts:0
used_memory_scripts_human:0B
number_of_cached_scripts:0
maxmemory:0
maxmemory_human:0B
maxmemory_policy:noeviction
allocator_frag_ratio:1.01
allocator_frag_bytes:602872
allocator_rss_ratio:1.13
allocator_rss_bytes:7831552
rss_overhead_ratio:1.03
rss_overhead_bytes:2224128
mem_fragmentation_ratio:1.18
mem_fragmentation_bytes:10771280
mem_not_counted_for_evict:314
mem_replication_backlog:0
mem_clients_slaves:0
mem_clients_normal:61512
mem_aof_buffer:320
mem_allocator:jemalloc-5.1.0
active_defrag_running:0
lazyfree_pending_objects:0
lazyfreed_objects:0
