before:  
# Memory
used_memory:924568
used_memory_human:902.90K
used_memory_rss:16965632
used_memory_rss_human:16.18M
used_memory_peak:735381976
used_memory_peak_human:701.31M
used_memory_peak_perc:0.13%
used_memory_overhead:851264
used_memory_startup:810072
used_memory_dataset:73304
used_memory_dataset_perc:64.02%
allocator_allocated:999904
allocator_active:8990720
allocator_resident:14721024
total_system_memory:16479883264
total_system_memory_human:15.35G
used_memory_lua:37888
used_memory_lua_human:37.00K
used_memory_scripts:0
used_memory_scripts_human:0B
number_of_cached_scripts:0
maxmemory:0
maxmemory_human:0B
maxmemory_policy:noeviction
allocator_frag_ratio:8.99
allocator_frag_bytes:7990816
allocator_rss_ratio:1.64
allocator_rss_bytes:5730304
rss_overhead_ratio:1.15
rss_overhead_bytes:2244608
mem_fragmentation_ratio:19.67
mem_fragmentation_bytes:16103040
mem_not_counted_for_evict:188
mem_replication_backlog:0
mem_clients_slaves:0
mem_clients_normal:41000
mem_aof_buffer:192
mem_allocator:jemalloc-5.1.0
active_defrag_running:0
lazyfree_pending_objects:0
lazyfreed_objects:0


after: 
# Memory
used_memory:2655768
used_memory_human:2.53M
used_memory_rss:17035264
used_memory_rss_human:16.25M
used_memory_peak:735381976
used_memory_peak_human:701.31M
used_memory_peak_perc:0.36%
used_memory_overhead:1402976
used_memory_startup:810072
used_memory_dataset:1252792
used_memory_dataset_perc:67.88%
allocator_allocated:2562912
allocator_active:6975488
allocator_resident:14675968
total_system_memory:16479883264
total_system_memory_human:15.35G
used_memory_lua:37888
used_memory_lua_human:37.00K
used_memory_scripts:0
used_memory_scripts_human:0B
number_of_cached_scripts:0
maxmemory:0
maxmemory_human:0B
maxmemory_policy:noeviction
allocator_frag_ratio:2.72
allocator_frag_bytes:4412576
allocator_rss_ratio:2.10
allocator_rss_bytes:7700480
rss_overhead_ratio:1.16
rss_overhead_bytes:2359296
mem_fragmentation_ratio:6.95
mem_fragmentation_bytes:14582952
mem_not_counted_for_evict:314
mem_replication_backlog:0
mem_clients_slaves:0
mem_clients_normal:61512
mem_aof_buffer:320
mem_allocator:jemalloc-5.1.0
active_defrag_running:0
lazyfree_pending_objects:0
lazyfreed_objects:0
