before:  
# Memory
used_memory:925024
used_memory_human:903.34K
used_memory_rss:15417344
used_memory_rss_human:14.70M
used_memory_peak:735381976
used_memory_peak_human:701.31M
used_memory_peak_perc:0.13%
used_memory_overhead:871888
used_memory_startup:810072
used_memory_dataset:53136
used_memory_dataset_perc:46.22%
allocator_allocated:1008088
allocator_active:7196672
allocator_resident:12972032
total_system_memory:16479883264
total_system_memory_human:15.35G
used_memory_lua:37888
used_memory_lua_human:37.00K
used_memory_scripts:0
used_memory_scripts_human:0B
number_of_cached_scripts:0
maxmemory:0
maxmemory_human:0B
maxmemory_policy:noeviction
allocator_frag_ratio:7.14
allocator_frag_bytes:6188584
allocator_rss_ratio:1.80
allocator_rss_bytes:5775360
rss_overhead_ratio:1.19
rss_overhead_bytes:2445312
mem_fragmentation_ratio:17.44
mem_fragmentation_bytes:14533344
mem_not_counted_for_evict:314
mem_replication_backlog:0
mem_clients_slaves:0
mem_clients_normal:61496
mem_aof_buffer:320
mem_allocator:jemalloc-5.1.0
active_defrag_running:0
lazyfree_pending_objects:0
lazyfreed_objects:0


after: 
# Memory
used_memory:17973600
used_memory_human:17.14M
used_memory_rss:26611712
used_memory_rss_human:25.38M
used_memory_peak:735381976
used_memory_peak_human:701.31M
used_memory_peak_perc:2.44%
used_memory_overhead:5920480
used_memory_startup:810072
used_memory_dataset:12053120
used_memory_dataset_perc:70.23%
allocator_allocated:17866816
allocator_active:18472960
allocator_resident:24203264
total_system_memory:16479883264
total_system_memory_human:15.35G
used_memory_lua:37888
used_memory_lua_human:37.00K
used_memory_scripts:0
used_memory_scripts_human:0B
number_of_cached_scripts:0
maxmemory:0
maxmemory_human:0B
maxmemory_policy:noeviction
allocator_frag_ratio:1.03
allocator_frag_bytes:606144
allocator_rss_ratio:1.31
allocator_rss_bytes:5730304
rss_overhead_ratio:1.10
rss_overhead_bytes:2408448
mem_fragmentation_ratio:1.50
mem_fragmentation_bytes:8854944
mem_not_counted_for_evict:314
mem_replication_backlog:0
mem_clients_slaves:0
mem_clients_normal:61512
mem_aof_buffer:320
mem_allocator:jemalloc-5.1.0
active_defrag_running:0
lazyfree_pending_objects:0
lazyfreed_objects:0
