before:  
# Memory
used_memory:920392
used_memory_human:898.82K
used_memory_rss:12640256
used_memory_rss_human:12.05M
used_memory_peak:735381976
used_memory_peak_human:701.31M
used_memory_peak_perc:0.13%
used_memory_overhead:871664
used_memory_startup:810072
used_memory_dataset:48728
used_memory_dataset_perc:44.17%
allocator_allocated:993432
allocator_active:4485120
allocator_resident:10260480
total_system_memory:16479883264
total_system_memory_human:15.35G
used_memory_lua:37888
used_memory_lua_human:37.00K
used_memory_scripts:0
used_memory_scripts_human:0B
number_of_cached_scripts:0
maxmemory:0
maxmemory_human:0B
maxmemory_policy:noeviction
allocator_frag_ratio:4.51
allocator_frag_bytes:3491688
allocator_rss_ratio:2.29
allocator_rss_bytes:5775360
rss_overhead_ratio:1.23
rss_overhead_bytes:2379776
mem_fragmentation_ratio:14.37
mem_fragmentation_bytes:11760888
mem_not_counted_for_evict:92
mem_replication_backlog:0
mem_clients_slaves:0
mem_clients_normal:61496
mem_aof_buffer:96
mem_allocator:jemalloc-5.1.0
active_defrag_running:0
lazyfree_pending_objects:0
lazyfreed_objects:0


after: 
# Memory
used_memory:19018984
used_memory_human:18.14M
used_memory_rss:27332608
used_memory_rss_human:26.07M
used_memory_peak:735381976
used_memory_peak_human:701.31M
used_memory_peak_perc:2.59%
used_memory_overhead:12970272
used_memory_startup:810072
used_memory_dataset:6048712
used_memory_dataset_perc:33.22%
allocator_allocated:19125056
allocator_active:19460096
allocator_resident:25190400
total_system_memory:16479883264
total_system_memory_human:15.35G
used_memory_lua:37888
used_memory_lua_human:37.00K
used_memory_scripts:0
used_memory_scripts_human:0B
number_of_cached_scripts:0
maxmemory:0
maxmemory_human:0B
maxmemory_policy:noeviction
allocator_frag_ratio:1.02
allocator_frag_bytes:335040
allocator_rss_ratio:1.29
allocator_rss_bytes:5730304
rss_overhead_ratio:1.09
rss_overhead_bytes:2142208
mem_fragmentation_ratio:1.44
mem_fragmentation_bytes:8315320
mem_not_counted_for_evict:1530
mem_replication_backlog:0
mem_clients_slaves:0
mem_clients_normal:61512
mem_aof_buffer:1536
mem_allocator:jemalloc-5.1.0
active_defrag_running:0
lazyfree_pending_objects:0
lazyfreed_objects:0
