before:  
# Memory
used_memory:920064
used_memory_human:898.50K
used_memory_rss:12750848
used_memory_rss_human:12.16M
used_memory_peak:735381976
used_memory_peak_human:701.31M
used_memory_peak_perc:0.13%
used_memory_overhead:851168
used_memory_startup:810072
used_memory_dataset:68896
used_memory_dataset_perc:62.64%
allocator_allocated:988704
allocator_active:4694016
allocator_resident:10424320
total_system_memory:16479883264
total_system_memory_human:15.35G
used_memory_lua:37888
used_memory_lua_human:37.00K
used_memory_scripts:0
used_memory_scripts_human:0B
number_of_cached_scripts:0
maxmemory:0
maxmemory_human:0B
maxmemory_policy:noeviction
allocator_frag_ratio:4.75
allocator_frag_bytes:3705312
allocator_rss_ratio:2.22
allocator_rss_bytes:5730304
rss_overhead_ratio:1.22
rss_overhead_bytes:2326528
mem_fragmentation_ratio:14.86
mem_fragmentation_bytes:11892760
mem_not_counted_for_evict:92
mem_replication_backlog:0
mem_clients_slaves:0
mem_clients_normal:41000
mem_aof_buffer:96
mem_allocator:jemalloc-5.1.0
active_defrag_running:0
lazyfree_pending_objects:0
lazyfreed_objects:0


after: 
# Memory
used_memory:1691136
used_memory_human:1.61M
used_memory_rss:13062144
used_memory_rss_human:12.46M
used_memory_peak:735381976
used_memory_peak_human:701.31M
used_memory_peak_perc:0.23%
used_memory_overhead:1402752
used_memory_startup:810072
used_memory_dataset:288384
used_memory_dataset_perc:32.73%
allocator_allocated:1813984
allocator_active:4943872
allocator_resident:10809344
total_system_memory:16479883264
total_system_memory_human:15.35G
used_memory_lua:37888
used_memory_lua_human:37.00K
used_memory_scripts:0
used_memory_scripts_human:0B
number_of_cached_scripts:0
maxmemory:0
maxmemory_human:0B
maxmemory_policy:noeviction
allocator_frag_ratio:2.73
allocator_frag_bytes:3129888
allocator_rss_ratio:2.19
allocator_rss_bytes:5865472
rss_overhead_ratio:1.21
rss_overhead_bytes:2252800
mem_fragmentation_ratio:7.65
mem_fragmentation_bytes:11355552
mem_not_counted_for_evict:92
mem_replication_backlog:0
mem_clients_slaves:0
mem_clients_normal:61512
mem_aof_buffer:96
mem_allocator:jemalloc-5.1.0
active_defrag_running:0
lazyfree_pending_objects:0
lazyfreed_objects:0
