before:  
# Memory
used_memory:923728
used_memory_human:902.08K
used_memory_rss:12197888
used_memory_rss_human:11.63M
used_memory_peak:735381976
used_memory_peak_human:701.31M
used_memory_peak_perc:0.13%
used_memory_overhead:875152
used_memory_startup:810072
used_memory_dataset:48576
used_memory_dataset_perc:42.74%
allocator_allocated:1038224
allocator_active:4136960
allocator_resident:9912320
total_system_memory:16479883264
total_system_memory_human:15.35G
used_memory_lua:37888
used_memory_lua_human:37.00K
used_memory_scripts:0
used_memory_scripts_human:0B
number_of_cached_scripts:0
maxmemory:0
maxmemory_human:0B
maxmemory_policy:noeviction
allocator_frag_ratio:3.98
allocator_frag_bytes:3098736
allocator_rss_ratio:2.40
allocator_rss_bytes:5775360
rss_overhead_ratio:1.23
rss_overhead_bytes:2285568
mem_fragmentation_ratio:13.82
mem_fragmentation_bytes:11315184
mem_not_counted_for_evict:3578
mem_replication_backlog:0
mem_clients_slaves:0
mem_clients_normal:61496
mem_aof_buffer:3584
mem_allocator:jemalloc-5.1.0
active_defrag_running:0
lazyfree_pending_objects:0
lazyfreed_objects:0


after: 
# Memory
used_memory:8368816
used_memory_human:7.98M
used_memory_rss:16609280
used_memory_rss_human:15.84M
used_memory_peak:735381976
used_memory_peak_human:701.31M
used_memory_peak_perc:1.14%
used_memory_overhead:5920256
used_memory_startup:810072
used_memory_dataset:2448560
used_memory_dataset_perc:32.39%
allocator_allocated:8441072
allocator_active:8765440
allocator_resident:14495744
total_system_memory:16479883264
total_system_memory_human:15.35G
used_memory_lua:37888
used_memory_lua_human:37.00K
used_memory_scripts:0
used_memory_scripts_human:0B
number_of_cached_scripts:0
maxmemory:0
maxmemory_human:0B
maxmemory_policy:noeviction
allocator_frag_ratio:1.04
allocator_frag_bytes:324368
allocator_rss_ratio:1.65
allocator_rss_bytes:5730304
rss_overhead_ratio:1.15
rss_overhead_bytes:2113536
mem_fragmentation_ratio:1.99
mem_fragmentation_bytes:8277616
mem_not_counted_for_evict:92
mem_replication_backlog:0
mem_clients_slaves:0
mem_clients_normal:61512
mem_aof_buffer:96
mem_allocator:jemalloc-5.1.0
active_defrag_running:0
lazyfree_pending_objects:0
lazyfreed_objects:0
