before:  
# Memory
used_memory:921504
used_memory_human:899.91K
used_memory_rss:11481088
used_memory_rss_human:10.95M
used_memory_peak:735381976
used_memory_peak_human:701.31M
used_memory_peak_perc:0.13%
used_memory_overhead:873104
used_memory_startup:810072
used_memory_dataset:48400
used_memory_dataset_perc:43.43%
allocator_allocated:1034856
allocator_active:3420160
allocator_resident:9195520
total_system_memory:16479883264
total_system_memory_human:15.35G
used_memory_lua:37888
used_memory_lua_human:37.00K
used_memory_scripts:0
used_memory_scripts_human:0B
number_of_cached_scripts:0
maxmemory:0
maxmemory_human:0B
maxmemory_policy:noeviction
allocator_frag_ratio:3.30
allocator_frag_bytes:2385304
allocator_rss_ratio:2.69
allocator_rss_bytes:5775360
rss_overhead_ratio:1.25
rss_overhead_bytes:2285568
mem_fragmentation_ratio:13.04
mem_fragmentation_bytes:10600608
mem_not_counted_for_evict:1530
mem_replication_backlog:0
mem_clients_slaves:0
mem_clients_normal:61496
mem_aof_buffer:1536
mem_allocator:jemalloc-5.1.0
active_defrag_running:0
lazyfree_pending_objects:0
lazyfreed_objects:0


after: 
# Memory
used_memory:6772128
used_memory_human:6.46M
used_memory_rss:15659008
used_memory_rss_human:14.93M
used_memory_peak:735381976
used_memory_peak_human:701.31M
used_memory_peak_perc:0.92%
used_memory_overhead:4923744
used_memory_startup:810072
used_memory_dataset:1848384
used_memory_dataset_perc:31.00%
allocator_allocated:6849408
allocator_active:7192576
allocator_resident:13402112
total_system_memory:16479883264
total_system_memory_human:15.35G
used_memory_lua:37888
used_memory_lua_human:37.00K
used_memory_scripts:0
used_memory_scripts_human:0B
number_of_cached_scripts:0
maxmemory:0
maxmemory_human:0B
maxmemory_policy:noeviction
allocator_frag_ratio:1.05
allocator_frag_bytes:343168
allocator_rss_ratio:1.86
allocator_rss_bytes:6209536
rss_overhead_ratio:1.17
rss_overhead_bytes:2256896
mem_fragmentation_ratio:2.32
mem_fragmentation_bytes:8916288
mem_not_counted_for_evict:3578
mem_replication_backlog:0
mem_clients_slaves:0
mem_clients_normal:61512
mem_aof_buffer:3584
mem_allocator:jemalloc-5.1.0
active_defrag_running:0
lazyfree_pending_objects:0
lazyfreed_objects:0
