before:  
# Memory
used_memory:920608
used_memory_human:899.03K
used_memory_rss:13361152
used_memory_rss_human:12.74M
used_memory_peak:735381976
used_memory_peak_human:701.31M
used_memory_peak_perc:0.13%
used_memory_overhead:871576
used_memory_startup:810072
used_memory_dataset:49032
used_memory_dataset_perc:44.36%
allocator_allocated:994888
allocator_active:5234688
allocator_resident:10964992
total_system_memory:16479883264
total_system_memory_human:15.35G
used_memory_lua:37888
used_memory_lua_human:37.00K
used_memory_scripts:0
used_memory_scripts_human:0B
number_of_cached_scripts:0
maxmemory:0
maxmemory_human:0B
maxmemory_policy:noeviction
allocator_frag_ratio:5.26
allocator_frag_bytes:4239800
allocator_rss_ratio:2.09
allocator_rss_bytes:5730304
rss_overhead_ratio:1.22
rss_overhead_bytes:2396160
mem_fragmentation_ratio:15.19
mem_fragmentation_bytes:12481568
mem_not_counted_for_evict:4
mem_replication_backlog:0
mem_clients_slaves:0
mem_clients_normal:61496
mem_aof_buffer:8
mem_allocator:jemalloc-5.1.0
active_defrag_running:0
lazyfree_pending_objects:0
lazyfreed_objects:0


after: 
# Memory
used_memory:37115000
used_memory_human:35.40M
used_memory_rss:45375488
used_memory_rss_human:43.27M
used_memory_peak:735381976
used_memory_peak_human:701.31M
used_memory_peak_perc:5.05%
used_memory_overhead:25065984
used_memory_startup:810072
used_memory_dataset:12049016
used_memory_dataset_perc:33.19%
allocator_allocated:37148256
allocator_active:37470208
allocator_resident:43200512
total_system_memory:16479883264
total_system_memory_human:15.35G
used_memory_lua:37888
used_memory_lua_human:37.00K
used_memory_scripts:0
used_memory_scripts_human:0B
number_of_cached_scripts:0
maxmemory:0
maxmemory_human:0B
maxmemory_policy:noeviction
allocator_frag_ratio:1.01
allocator_frag_bytes:321952
allocator_rss_ratio:1.15
allocator_rss_bytes:5730304
rss_overhead_ratio:1.05
rss_overhead_bytes:2174976
mem_fragmentation_ratio:1.22
mem_fragmentation_bytes:8332968
mem_not_counted_for_evict:92
mem_replication_backlog:0
mem_clients_slaves:0
mem_clients_normal:61512
mem_aof_buffer:96
mem_allocator:jemalloc-5.1.0
active_defrag_running:0
lazyfree_pending_objects:0
lazyfreed_objects:0
