before:  
# Memory
used_memory:920064
used_memory_human:898.50K
used_memory_rss:11317248
used_memory_rss_human:10.79M
used_memory_peak:735381976
used_memory_peak_human:701.31M
used_memory_peak_perc:0.13%
used_memory_overhead:871664
used_memory_startup:810072
used_memory_dataset:48400
used_memory_dataset_perc:44.00%
allocator_allocated:1033256
allocator_active:3203072
allocator_resident:8933376
total_system_memory:16479883264
total_system_memory_human:15.35G
used_memory_lua:37888
used_memory_lua_human:37.00K
used_memory_scripts:0
used_memory_scripts_human:0B
number_of_cached_scripts:0
maxmemory:0
maxmemory_human:0B
maxmemory_policy:noeviction
allocator_frag_ratio:3.10
allocator_frag_bytes:2169816
allocator_rss_ratio:2.79
allocator_rss_bytes:5730304
rss_overhead_ratio:1.27
rss_overhead_bytes:2383872
mem_fragmentation_ratio:12.30
mem_fragmentation_bytes:10397256
mem_not_counted_for_evict:92
mem_replication_backlog:0
mem_clients_slaves:0
mem_clients_normal:61496
mem_aof_buffer:96
mem_allocator:jemalloc-5.1.0
active_defrag_running:0
lazyfree_pending_objects:0
lazyfreed_objects:0


after: 
# Memory
used_memory:2783648
used_memory_human:2.65M
used_memory_rss:11943936
used_memory_rss_human:11.39M
used_memory_peak:735381976
used_memory_peak_human:701.31M
used_memory_peak_perc:0.38%
used_memory_overhead:2135264
used_memory_startup:810072
used_memory_dataset:648384
used_memory_dataset_perc:32.85%
allocator_allocated:2847728
allocator_active:3948544
allocator_resident:9678848
total_system_memory:16479883264
total_system_memory_human:15.35G
used_memory_lua:37888
used_memory_lua_human:37.00K
used_memory_scripts:0
used_memory_scripts_human:0B
number_of_cached_scripts:0
maxmemory:0
maxmemory_human:0B
maxmemory_policy:noeviction
allocator_frag_ratio:1.39
allocator_frag_bytes:1100816
allocator_rss_ratio:2.45
allocator_rss_bytes:5730304
rss_overhead_ratio:1.23
rss_overhead_bytes:2265088
mem_fragmentation_ratio:4.36
mem_fragmentation_bytes:9202752
mem_not_counted_for_evict:1530
mem_replication_backlog:0
mem_clients_slaves:0
mem_clients_normal:61512
mem_aof_buffer:1536
mem_allocator:jemalloc-5.1.0
active_defrag_running:0
lazyfree_pending_objects:0
lazyfreed_objects:0
