before:  
# Memory
used_memory:921984
used_memory_human:900.38K
used_memory_rss:13549568
used_memory_rss_human:12.92M
used_memory_peak:735381976
used_memory_peak_human:701.31M
used_memory_peak_perc:0.13%
used_memory_overhead:873104
used_memory_startup:810072
used_memory_dataset:48880
used_memory_dataset_perc:43.68%
allocator_allocated:994696
allocator_active:5398528
allocator_resident:11173888
total_system_memory:16479883264
total_system_memory_human:15.35G
used_memory_lua:37888
used_memory_lua_human:37.00K
used_memory_scripts:0
used_memory_scripts_human:0B
number_of_cached_scripts:0
maxmemory:0
maxmemory_human:0B
maxmemory_policy:noeviction
allocator_frag_ratio:5.43
allocator_frag_bytes:4403832
allocator_rss_ratio:2.07
allocator_rss_bytes:5775360
rss_overhead_ratio:1.21
rss_overhead_bytes:2375680
mem_fragmentation_ratio:15.38
mem_fragmentation_bytes:12668608
mem_not_counted_for_evict:1530
mem_replication_backlog:0
mem_clients_slaves:0
mem_clients_normal:61496
mem_aof_buffer:1536
mem_allocator:jemalloc-5.1.0
active_defrag_running:0
lazyfree_pending_objects:0
lazyfreed_objects:0


after: 
# Memory
used_memory:27518336
used_memory_human:26.24M
used_memory_rss:37871616
used_memory_rss_human:36.12M
used_memory_peak:735381976
used_memory_peak_human:701.31M
used_memory_peak_perc:3.74%
used_memory_overhead:19069472
used_memory_startup:810072
used_memory_dataset:8448864
used_memory_dataset_perc:31.63%
allocator_allocated:40101352
allocator_active:40452096
allocator_resident:48283648
total_system_memory:16479883264
total_system_memory_human:15.35G
used_memory_lua:37888
used_memory_lua_human:37.00K
used_memory_scripts:0
used_memory_scripts_human:0B
number_of_cached_scripts:0
maxmemory:0
maxmemory_human:0B
maxmemory_policy:noeviction
allocator_frag_ratio:1.01
allocator_frag_bytes:350744
allocator_rss_ratio:1.19
allocator_rss_bytes:7831552
rss_overhead_ratio:0.78
rss_overhead_bytes:-10412032
mem_fragmentation_ratio:0.95
mem_fragmentation_bytes:-2125816
mem_not_counted_for_evict:3578
mem_replication_backlog:0
mem_clients_slaves:0
mem_clients_normal:61512
mem_aof_buffer:3584
mem_allocator:jemalloc-5.1.0
active_defrag_running:0
lazyfree_pending_objects:0
lazyfreed_objects:0
