before:  
# Memory
used_memory:928056
used_memory_human:906.30K
used_memory_rss:33284096
used_memory_rss_human:31.74M
used_memory_peak:1826515400
used_memory_peak_human:1.70G
used_memory_peak_perc:0.05%
used_memory_overhead:871576
used_memory_startup:810072
used_memory_dataset:56480
used_memory_dataset_perc:47.87%
allocator_allocated:1087952
allocator_active:6746112
allocator_resident:42954752
total_system_memory:16479883264
total_system_memory_human:15.35G
used_memory_lua:37888
used_memory_lua_human:37.00K
used_memory_scripts:0
used_memory_scripts_human:0B
number_of_cached_scripts:0
maxmemory:0
maxmemory_human:0B
maxmemory_policy:noeviction
allocator_frag_ratio:6.20
allocator_frag_bytes:5658160
allocator_rss_ratio:6.37
allocator_rss_bytes:36208640
rss_overhead_ratio:0.77
rss_overhead_bytes:-9670656
mem_fragmentation_ratio:37.52
mem_fragmentation_bytes:32397064
mem_not_counted_for_evict:4
mem_replication_backlog:0
mem_clients_slaves:0
mem_clients_normal:61496
mem_aof_buffer:8
mem_allocator:jemalloc-5.1.0
active_defrag_running:0
lazyfree_pending_objects:0
lazyfreed_objects:0


after: 
# Memory
used_memory:2589122360
used_memory_human:2.41G
used_memory_rss:2622787584
used_memory_rss_human:2.44G
used_memory_peak:2601715552
used_memory_peak_human:2.42G
used_memory_peak_perc:99.52%
used_memory_overhead:25065896
used_memory_startup:810072
used_memory_dataset:2564056464
used_memory_dataset_perc:99.06%
allocator_allocated:2587503104
allocator_active:2588123136
allocator_resident:2638970880
total_system_memory:16479883264
total_system_memory_human:15.35G
used_memory_lua:37888
used_memory_lua_human:37.00K
used_memory_scripts:0
used_memory_scripts_human:0B
number_of_cached_scripts:0
maxmemory:0
maxmemory_human:0B
maxmemory_policy:noeviction
allocator_frag_ratio:1.00
allocator_frag_bytes:620032
allocator_rss_ratio:1.02
allocator_rss_bytes:50847744
rss_overhead_ratio:0.99
rss_overhead_bytes:-16183296
mem_fragmentation_ratio:1.01
mem_fragmentation_bytes:35448240
mem_not_counted_for_evict:4
mem_replication_backlog:0
mem_clients_slaves:0
mem_clients_normal:61512
mem_aof_buffer:8
mem_allocator:jemalloc-5.1.0
active_defrag_running:0
lazyfree_pending_objects:0
lazyfreed_objects:0
