before:  
# Memory
used_memory:927632
used_memory_human:905.89K
used_memory_rss:28913664
used_memory_rss_human:27.57M
used_memory_peak:735381976
used_memory_peak_human:701.31M
used_memory_peak_perc:0.13%
used_memory_overhead:871608
used_memory_startup:810072
used_memory_dataset:56024
used_memory_dataset_perc:47.66%
allocator_allocated:1061216
allocator_active:4173824
allocator_resident:25698304
total_system_memory:16479883264
total_system_memory_human:15.35G
used_memory_lua:37888
used_memory_lua_human:37.00K
used_memory_scripts:0
used_memory_scripts_human:0B
number_of_cached_scripts:0
maxmemory:0
maxmemory_human:0B
maxmemory_policy:noeviction
allocator_frag_ratio:3.93
allocator_frag_bytes:3112608
allocator_rss_ratio:6.16
allocator_rss_bytes:21524480
rss_overhead_ratio:1.13
rss_overhead_bytes:3215360
mem_fragmentation_ratio:32.61
mem_fragmentation_bytes:28027056
mem_not_counted_for_evict:36
mem_replication_backlog:0
mem_clients_slaves:0
mem_clients_normal:61496
mem_aof_buffer:40
mem_allocator:jemalloc-5.1.0
active_defrag_running:0
lazyfree_pending_objects:0
lazyfreed_objects:0


after: 
# Memory
used_memory:518776176
used_memory_human:494.74M
used_memory_rss:551211008
used_memory_rss_human:525.68M
used_memory_peak:735381976
used_memory_peak_human:701.31M
used_memory_peak_perc:70.55%
used_memory_overhead:5920168
used_memory_startup:810072
used_memory_dataset:512856008
used_memory_dataset_perc:99.01%
allocator_allocated:515937912
allocator_active:516558848
allocator_resident:562159616
total_system_memory:16479883264
total_system_memory_human:15.35G
used_memory_lua:37888
used_memory_lua_human:37.00K
used_memory_scripts:0
used_memory_scripts_human:0B
number_of_cached_scripts:0
maxmemory:0
maxmemory_human:0B
maxmemory_policy:noeviction
allocator_frag_ratio:1.00
allocator_frag_bytes:620936
allocator_rss_ratio:1.09
allocator_rss_bytes:45600768
rss_overhead_ratio:0.98
rss_overhead_bytes:-10948608
mem_fragmentation_ratio:1.07
mem_fragmentation_bytes:35437496
mem_not_counted_for_evict:4
mem_replication_backlog:0
mem_clients_slaves:0
mem_clients_normal:61512
mem_aof_buffer:8
mem_allocator:jemalloc-5.1.0
active_defrag_running:0
lazyfree_pending_objects:0
lazyfreed_objects:0
