before:  
# Memory
used_memory:927904
used_memory_human:906.16K
used_memory_rss:31232000
used_memory_rss_human:29.79M
used_memory_peak:1307618096
used_memory_peak_human:1.22G
used_memory_peak_perc:0.07%
used_memory_overhead:871576
used_memory_startup:810072
used_memory_dataset:56328
used_memory_dataset_perc:47.80%
allocator_allocated:1068720
allocator_active:5693440
allocator_resident:41902080
total_system_memory:16479883264
total_system_memory_human:15.35G
used_memory_lua:37888
used_memory_lua_human:37.00K
used_memory_scripts:0
used_memory_scripts_human:0B
number_of_cached_scripts:0
maxmemory:0
maxmemory_human:0B
maxmemory_policy:noeviction
allocator_frag_ratio:5.33
allocator_frag_bytes:4624720
allocator_rss_ratio:7.36
allocator_rss_bytes:36208640
rss_overhead_ratio:0.75
rss_overhead_bytes:-10670080
mem_fragmentation_ratio:35.22
mem_fragmentation_bytes:30345120
mem_not_counted_for_evict:4
mem_replication_backlog:0
mem_clients_slaves:0
mem_clients_normal:61496
mem_aof_buffer:8
mem_allocator:jemalloc-5.1.0
active_defrag_running:0
lazyfree_pending_objects:0
lazyfreed_objects:0


after: 
# Memory
used_memory:1813922208
used_memory_human:1.69G
used_memory_rss:1837924352
used_memory_rss_human:1.71G
used_memory_peak:1826515400
used_memory_peak_human:1.70G
used_memory_peak_perc:99.31%
used_memory_overhead:19065896
used_memory_startup:810072
used_memory_dataset:1794856312
used_memory_dataset_perc:98.99%
allocator_allocated:1820116928
allocator_active:1820737536
allocator_resident:1845764096
total_system_memory:16479883264
total_system_memory_human:15.35G
used_memory_lua:37888
used_memory_lua_human:37.00K
used_memory_scripts:0
used_memory_scripts_human:0B
number_of_cached_scripts:0
maxmemory:0
maxmemory_human:0B
maxmemory_policy:noeviction
allocator_frag_ratio:1.00
allocator_frag_bytes:620608
allocator_rss_ratio:1.01
allocator_rss_bytes:25026560
rss_overhead_ratio:1.00
rss_overhead_bytes:-7839744
mem_fragmentation_ratio:1.01
mem_fragmentation_bytes:17962032
mem_not_counted_for_evict:4
mem_replication_backlog:0
mem_clients_slaves:0
mem_clients_normal:61512
mem_aof_buffer:8
mem_allocator:jemalloc-5.1.0
active_defrag_running:0
lazyfree_pending_objects:0
lazyfreed_objects:0
