before:  
# Memory
used_memory:927752
used_memory_human:906.01K
used_memory_rss:29847552
used_memory_rss_human:28.46M
used_memory_peak:735381976
used_memory_peak_human:701.31M
used_memory_peak_perc:0.13%
used_memory_overhead:871576
used_memory_startup:810072
used_memory_dataset:56176
used_memory_dataset_perc:47.74%
allocator_allocated:1060312
allocator_active:5095424
allocator_resident:39206912
total_system_memory:16479883264
total_system_memory_human:15.35G
used_memory_lua:37888
used_memory_lua_human:37.00K
used_memory_scripts:0
used_memory_scripts_human:0B
number_of_cached_scripts:0
maxmemory:0
maxmemory_human:0B
maxmemory_policy:noeviction
allocator_frag_ratio:4.81
allocator_frag_bytes:4035112
allocator_rss_ratio:7.69
allocator_rss_bytes:34111488
rss_overhead_ratio:0.76
rss_overhead_bytes:-9359360
mem_fragmentation_ratio:33.66
mem_fragmentation_bytes:28960824
mem_not_counted_for_evict:4
mem_replication_backlog:0
mem_clients_slaves:0
mem_clients_normal:61496
mem_aof_buffer:8
mem_allocator:jemalloc-5.1.0
active_defrag_running:0
lazyfree_pending_objects:0
lazyfreed_objects:0


after: 
# Memory
used_memory:1295024904
used_memory_human:1.21G
used_memory_rss:1327448064
used_memory_rss_human:1.24G
used_memory_peak:1307618096
used_memory_peak_human:1.22G
used_memory_peak_perc:99.04%
used_memory_overhead:12972841
used_memory_startup:810072
used_memory_dataset:1282052063
used_memory_dataset_perc:99.06%
allocator_allocated:1295065584
allocator_active:1295679488
allocator_resident:1344430080
total_system_memory:16479883264
total_system_memory_human:15.35G
used_memory_lua:37888
used_memory_lua_human:37.00K
used_memory_scripts:0
used_memory_scripts_human:0B
number_of_cached_scripts:0
maxmemory:0
maxmemory_human:0B
maxmemory_policy:noeviction
allocator_frag_ratio:1.00
allocator_frag_bytes:613904
allocator_rss_ratio:1.04
allocator_rss_bytes:48750592
rss_overhead_ratio:0.99
rss_overhead_bytes:-16982016
mem_fragmentation_ratio:1.03
mem_fragmentation_bytes:32511016
mem_not_counted_for_evict:4
mem_replication_backlog:0
mem_clients_slaves:0
mem_clients_normal:65609
mem_aof_buffer:8
mem_allocator:jemalloc-5.1.0
active_defrag_running:0
lazyfree_pending_objects:0
lazyfreed_objects:0
