before:  
# Memory
used_memory:927448
used_memory_human:905.71K
used_memory_rss:29052928
used_memory_rss_human:27.71M
used_memory_peak:735381976
used_memory_peak_human:701.31M
used_memory_peak_perc:0.13%
used_memory_overhead:871576
used_memory_startup:810072
used_memory_dataset:55872
used_memory_dataset_perc:47.60%
allocator_allocated:1053024
allocator_active:4313088
allocator_resident:38424576
total_system_memory:16479883264
total_system_memory_human:15.35G
used_memory_lua:37888
used_memory_lua_human:37.00K
used_memory_scripts:0
used_memory_scripts_human:0B
number_of_cached_scripts:0
maxmemory:0
maxmemory_human:0B
maxmemory_policy:noeviction
allocator_frag_ratio:4.10
allocator_frag_bytes:3260064
allocator_rss_ratio:8.91
allocator_rss_bytes:34111488
rss_overhead_ratio:0.76
rss_overhead_bytes:-9371648
mem_fragmentation_ratio:32.78
mem_fragmentation_bytes:28166504
mem_not_counted_for_evict:4
mem_replication_backlog:0
mem_clients_slaves:0
mem_clients_normal:61496
mem_aof_buffer:8
mem_allocator:jemalloc-5.1.0
active_defrag_running:0
lazyfree_pending_objects:0
lazyfreed_objects:0


after: 
# Memory
used_memory:390100312
used_memory_human:372.03M
used_memory_rss:429834240
used_memory_rss_human:409.92M
used_memory_peak:735381976
used_memory_peak_human:701.31M
used_memory_peak_perc:53.05%
used_memory_overhead:5448552
used_memory_startup:810072
used_memory_dataset:384651760
used_memory_dataset_perc:98.81%
allocator_allocated:385969592
allocator_active:386732032
allocator_resident:444125184
total_system_memory:16479883264
total_system_memory_human:15.35G
used_memory_lua:37888
used_memory_lua_human:37.00K
used_memory_scripts:0
used_memory_scripts_human:0B
number_of_cached_scripts:0
maxmemory:0
maxmemory_human:0B
maxmemory_policy:noeviction
allocator_frag_ratio:1.00
allocator_frag_bytes:762440
allocator_rss_ratio:1.15
allocator_rss_bytes:57393152
rss_overhead_ratio:0.97
rss_overhead_bytes:-14290944
mem_fragmentation_ratio:1.11
mem_fragmentation_bytes:44002696
mem_not_counted_for_evict:4
mem_replication_backlog:0
mem_clients_slaves:0
mem_clients_normal:65608
mem_aof_buffer:8
mem_allocator:jemalloc-5.1.0
active_defrag_running:0
lazyfree_pending_objects:0
lazyfreed_objects:0
