before:  
# Memory
used_memory:927120
used_memory_human:905.39K
used_memory_rss:30875648
used_memory_rss_human:29.45M
used_memory_peak:735381976
used_memory_peak_human:701.31M
used_memory_peak_perc:0.13%
used_memory_overhead:851080
used_memory_startup:810072
used_memory_dataset:76040
used_memory_dataset_perc:64.96%
allocator_allocated:1012256
allocator_active:6197248
allocator_resident:27676672
total_system_memory:16479883264
total_system_memory_human:15.35G
used_memory_lua:37888
used_memory_lua_human:37.00K
used_memory_scripts:0
used_memory_scripts_human:0B
number_of_cached_scripts:0
maxmemory:0
maxmemory_human:0B
maxmemory_policy:noeviction
allocator_frag_ratio:6.12
allocator_frag_bytes:5184992
allocator_rss_ratio:4.47
allocator_rss_bytes:21479424
rss_overhead_ratio:1.12
rss_overhead_bytes:3198976
mem_fragmentation_ratio:35.69
mem_fragmentation_bytes:30010504
mem_not_counted_for_evict:4
mem_replication_backlog:0
mem_clients_slaves:0
mem_clients_normal:41000
mem_aof_buffer:8
mem_allocator:jemalloc-5.1.0
active_defrag_running:0
lazyfree_pending_objects:0
lazyfreed_objects:0


after: 
# Memory
used_memory:65321128
used_memory_human:62.30M
used_memory_rss:79040512
used_memory_rss_human:75.38M
used_memory_peak:735381976
used_memory_peak_human:701.31M
used_memory_peak_perc:8.88%
used_memory_overhead:1427824
used_memory_startup:810072
used_memory_dataset:63893304
used_memory_dataset_perc:99.04%
allocator_allocated:49616664
allocator_active:54317056
allocator_resident:75960320
total_system_memory:16479883264
total_system_memory_human:15.35G
used_memory_lua:37888
used_memory_lua_human:37.00K
used_memory_scripts:0
used_memory_scripts_human:0B
number_of_cached_scripts:0
maxmemory:0
maxmemory_human:0B
maxmemory_policy:noeviction
allocator_frag_ratio:1.09
allocator_frag_bytes:4700392
allocator_rss_ratio:1.40
allocator_rss_bytes:21643264
rss_overhead_ratio:1.04
rss_overhead_bytes:3080192
mem_fragmentation_ratio:1.60
mem_fragmentation_bytes:29570280
mem_not_counted_for_evict:25164
mem_replication_backlog:0
mem_clients_slaves:0
mem_clients_normal:61512
mem_aof_buffer:25168
mem_allocator:jemalloc-5.1.0
active_defrag_running:0
lazyfree_pending_objects:0
lazyfreed_objects:0
