before:  
# Memory
used_memory:927296
used_memory_human:905.56K
used_memory_rss:29298688
used_memory_rss_human:27.94M
used_memory_peak:735381976
used_memory_peak_human:701.31M
used_memory_peak_perc:0.13%
used_memory_overhead:871576
used_memory_startup:810072
used_memory_dataset:55720
used_memory_dataset_perc:47.53%
allocator_allocated:1093720
allocator_active:4358144
allocator_resident:38469632
total_system_memory:16479883264
total_system_memory_human:15.35G
used_memory_lua:37888
used_memory_lua_human:37.00K
used_memory_scripts:0
used_memory_scripts_human:0B
number_of_cached_scripts:0
maxmemory:0
maxmemory_human:0B
maxmemory_policy:noeviction
allocator_frag_ratio:3.98
allocator_frag_bytes:3264424
allocator_rss_ratio:8.83
allocator_rss_bytes:34111488
rss_overhead_ratio:0.76
rss_overhead_bytes:-9170944
mem_fragmentation_ratio:33.06
mem_fragmentation_bytes:28412416
mem_not_counted_for_evict:4
mem_replication_backlog:0
mem_clients_slaves:0
mem_clients_normal:61496
mem_aof_buffer:8
mem_allocator:jemalloc-5.1.0
active_defrag_running:0
lazyfree_pending_objects:0
lazyfreed_objects:0


after: 
# Memory
used_memory:132879848
used_memory_human:126.72M
used_memory_rss:158158848
used_memory_rss_human:150.83M
used_memory_peak:735381976
used_memory_peak_human:701.31M
used_memory_peak_perc:18.07%
used_memory_overhead:4628192
used_memory_startup:810072
used_memory_dataset:128251656
used_memory_dataset_perc:97.11%
allocator_allocated:129200752
allocator_active:131252224
allocator_resident:167944192
total_system_memory:16479883264
total_system_memory_human:15.35G
used_memory_lua:37888
used_memory_lua_human:37.00K
used_memory_scripts:0
used_memory_scripts_human:0B
number_of_cached_scripts:0
maxmemory:0
maxmemory_human:0B
maxmemory_policy:noeviction
allocator_frag_ratio:1.02
allocator_frag_bytes:2051472
allocator_rss_ratio:1.28
allocator_rss_bytes:36691968
rss_overhead_ratio:0.94
rss_overhead_bytes:-9785344
mem_fragmentation_ratio:1.23
mem_fragmentation_bytes:29083952
mem_not_counted_for_evict:2621430
mem_replication_backlog:0
mem_clients_slaves:0
mem_clients_normal:65608
mem_aof_buffer:2621440
mem_allocator:jemalloc-5.1.0
active_defrag_running:0
lazyfree_pending_objects:0
lazyfreed_objects:0
