before:  
# Memory
used_memory:932368
used_memory_human:910.52K
used_memory_rss:37343232
used_memory_rss_human:35.61M
used_memory_peak:2601715552
used_memory_peak_human:2.42G
used_memory_peak_perc:0.04%
used_memory_overhead:872208
used_memory_startup:810072
used_memory_dataset:60160
used_memory_dataset_perc:49.19%
allocator_allocated:1048024
allocator_active:9293824
allocator_resident:35012608
total_system_memory:16479883264
total_system_memory_human:15.35G
used_memory_lua:37888
used_memory_lua_human:37.00K
used_memory_scripts:0
used_memory_scripts_human:0B
number_of_cached_scripts:0
maxmemory:0
maxmemory_human:0B
maxmemory_policy:noeviction
allocator_frag_ratio:8.87
allocator_frag_bytes:8245800
allocator_rss_ratio:3.77
allocator_rss_bytes:25718784
rss_overhead_ratio:1.07
rss_overhead_bytes:2330624
mem_fragmentation_ratio:41.90
mem_fragmentation_bytes:36451888
mem_not_counted_for_evict:634
mem_replication_backlog:0
mem_clients_slaves:0
mem_clients_normal:61496
mem_aof_buffer:640
mem_allocator:jemalloc-5.1.0
active_defrag_running:0
lazyfree_pending_objects:0
lazyfreed_objects:0


after: 
# Memory
used_memory:24780944
used_memory_human:23.63M
used_memory_rss:54964224
used_memory_rss_human:52.42M
used_memory_peak:2601715552
used_memory_peak_human:2.42G
used_memory_peak_perc:0.95%
used_memory_overhead:4920800
used_memory_startup:810072
used_memory_dataset:19860144
used_memory_dataset_perc:82.85%
allocator_allocated:24899392
allocator_active:27058176
allocator_resident:52793344
total_system_memory:16479883264
total_system_memory_human:15.35G
used_memory_lua:37888
used_memory_lua_human:37.00K
used_memory_scripts:0
used_memory_scripts_human:0B
number_of_cached_scripts:0
maxmemory:0
maxmemory_human:0B
maxmemory_policy:noeviction
allocator_frag_ratio:1.09
allocator_frag_bytes:2158784
allocator_rss_ratio:1.95
allocator_rss_bytes:25735168
rss_overhead_ratio:1.04
rss_overhead_bytes:2170880
mem_fragmentation_ratio:2.22
mem_fragmentation_bytes:30206720
mem_not_counted_for_evict:634
mem_replication_backlog:0
mem_clients_slaves:0
mem_clients_normal:61512
mem_aof_buffer:640
mem_allocator:jemalloc-5.1.0
active_defrag_running:0
lazyfree_pending_objects:0
lazyfreed_objects:0
