before:  
# Memory
used_memory:932824
used_memory_human:910.96K
used_memory_rss:41164800
used_memory_rss_human:39.26M
used_memory_peak:2601715552
used_memory_peak_human:2.42G
used_memory_peak_perc:0.04%
used_memory_overhead:872208
used_memory_startup:810072
used_memory_dataset:60616
used_memory_dataset_perc:49.38%
allocator_allocated:1045984
allocator_active:13115392
allocator_resident:38834176
total_system_memory:16479883264
total_system_memory_human:15.35G
used_memory_lua:37888
used_memory_lua_human:37.00K
used_memory_scripts:0
used_memory_scripts_human:0B
number_of_cached_scripts:0
maxmemory:0
maxmemory_human:0B
maxmemory_policy:noeviction
allocator_frag_ratio:12.54
allocator_frag_bytes:12069408
allocator_rss_ratio:2.96
allocator_rss_bytes:25718784
rss_overhead_ratio:1.06
rss_overhead_bytes:2330624
mem_fragmentation_ratio:46.16
mem_fragmentation_bytes:40273000
mem_not_counted_for_evict:634
mem_replication_backlog:0
mem_clients_slaves:0
mem_clients_normal:61496
mem_aof_buffer:640
mem_allocator:jemalloc-5.1.0
active_defrag_running:0
lazyfree_pending_objects:0
lazyfreed_objects:0


after: 
# Memory
used_memory:111527128
used_memory_human:106.36M
used_memory_rss:142745600
used_memory_rss_human:136.13M
used_memory_peak:2601715552
used_memory_peak_human:2.42G
used_memory_peak_perc:4.29%
used_memory_overhead:19066528
used_memory_startup:810072
used_memory_dataset:92460600
used_memory_dataset_perc:83.51%
allocator_allocated:111627688
allocator_active:112730112
allocator_resident:140505088
total_system_memory:16479883264
total_system_memory_human:15.35G
used_memory_lua:37888
used_memory_lua_human:37.00K
used_memory_scripts:0
used_memory_scripts_human:0B
number_of_cached_scripts:0
maxmemory:0
maxmemory_human:0B
maxmemory_policy:noeviction
allocator_frag_ratio:1.01
allocator_frag_bytes:1102424
allocator_rss_ratio:1.25
allocator_rss_bytes:27774976
rss_overhead_ratio:1.02
rss_overhead_bytes:2240512
mem_fragmentation_ratio:1.28
mem_fragmentation_bytes:31251336
mem_not_counted_for_evict:634
mem_replication_backlog:0
mem_clients_slaves:0
mem_clients_normal:61512
mem_aof_buffer:640
mem_allocator:jemalloc-5.1.0
active_defrag_running:0
lazyfree_pending_objects:0
lazyfreed_objects:0
