before:  
# Memory
used_memory:932976
used_memory_human:911.11K
used_memory_rss:42102784
used_memory_rss_human:40.15M
used_memory_peak:2601715552
used_memory_peak_human:2.42G
used_memory_peak_perc:0.04%
used_memory_overhead:872208
used_memory_startup:810072
used_memory_dataset:60768
used_memory_dataset_perc:49.44%
allocator_allocated:1050016
allocator_active:14053376
allocator_resident:39772160
total_system_memory:16479883264
total_system_memory_human:15.35G
used_memory_lua:37888
used_memory_lua_human:37.00K
used_memory_scripts:0
used_memory_scripts_human:0B
number_of_cached_scripts:0
maxmemory:0
maxmemory_human:0B
maxmemory_policy:noeviction
allocator_frag_ratio:13.38
allocator_frag_bytes:13003360
allocator_rss_ratio:2.83
allocator_rss_bytes:25718784
rss_overhead_ratio:1.06
rss_overhead_bytes:2330624
mem_fragmentation_ratio:47.20
mem_fragmentation_bytes:41210832
mem_not_counted_for_evict:634
mem_replication_backlog:0
mem_clients_slaves:0
mem_clients_normal:61496
mem_aof_buffer:640
mem_allocator:jemalloc-5.1.0
active_defrag_running:0
lazyfree_pending_objects:0
lazyfreed_objects:0


after: 
# Memory
used_memory:157127280
used_memory_human:149.85M
used_memory_rss:185794560
used_memory_rss_human:177.19M
used_memory_peak:2601715552
used_memory_peak_human:2.42G
used_memory_peak_perc:6.04%
used_memory_overhead:25066528
used_memory_startup:810072
used_memory_dataset:132060752
used_memory_dataset_perc:84.48%
allocator_allocated:156843296
allocator_active:157949952
allocator_resident:198057984
total_system_memory:16479883264
total_system_memory_human:15.35G
used_memory_lua:37888
used_memory_lua_human:37.00K
used_memory_scripts:0
used_memory_scripts_human:0B
number_of_cached_scripts:0
maxmemory:0
maxmemory_human:0B
maxmemory_policy:noeviction
allocator_frag_ratio:1.01
allocator_frag_bytes:1106656
allocator_rss_ratio:1.25
allocator_rss_bytes:40108032
rss_overhead_ratio:0.94
rss_overhead_bytes:-12263424
mem_fragmentation_ratio:1.19
mem_fragmentation_bytes:29083512
mem_not_counted_for_evict:634
mem_replication_backlog:0
mem_clients_slaves:0
mem_clients_normal:61512
mem_aof_buffer:640
mem_allocator:jemalloc-5.1.0
active_defrag_running:0
lazyfree_pending_objects:0
lazyfreed_objects:0
