before:  
# Memory
used_memory:932520
used_memory_human:910.66K
used_memory_rss:38424576
used_memory_rss_human:36.64M
used_memory_peak:2601715552
used_memory_peak_human:2.42G
used_memory_peak_perc:0.04%
used_memory_overhead:872208
used_memory_startup:810072
used_memory_dataset:60312
used_memory_dataset_perc:49.26%
allocator_allocated:1034552
allocator_active:10383360
allocator_resident:36102144
total_system_memory:16479883264
total_system_memory_human:15.35G
used_memory_lua:37888
used_memory_lua_human:37.00K
used_memory_scripts:0
used_memory_scripts_human:0B
number_of_cached_scripts:0
maxmemory:0
maxmemory_human:0B
maxmemory_policy:noeviction
allocator_frag_ratio:10.04
allocator_frag_bytes:9348808
allocator_rss_ratio:3.48
allocator_rss_bytes:25718784
rss_overhead_ratio:1.06
rss_overhead_bytes:2322432
mem_fragmentation_ratio:43.10
mem_fragmentation_bytes:37533080
mem_not_counted_for_evict:634
mem_replication_backlog:0
mem_clients_slaves:0
mem_clients_normal:61496
mem_aof_buffer:640
mem_allocator:jemalloc-5.1.0
active_defrag_running:0
lazyfree_pending_objects:0
lazyfreed_objects:0


after: 
# Memory
used_memory:32381096
used_memory_human:30.88M
used_memory_rss:61534208
used_memory_rss_human:58.68M
used_memory_peak:2601715552
used_memory_peak_human:2.42G
used_memory_peak_perc:1.24%
used_memory_overhead:5920800
used_memory_startup:810072
used_memory_dataset:26460296
used_memory_dataset_perc:83.81%
allocator_allocated:32184048
allocator_active:33742848
allocator_resident:70422528
total_system_memory:16479883264
total_system_memory_human:15.35G
used_memory_lua:37888
used_memory_lua_human:37.00K
used_memory_scripts:0
used_memory_scripts_human:0B
number_of_cached_scripts:0
maxmemory:0
maxmemory_human:0B
maxmemory_policy:noeviction
allocator_frag_ratio:1.05
allocator_frag_bytes:1558800
allocator_rss_ratio:2.09
allocator_rss_bytes:36679680
rss_overhead_ratio:0.87
rss_overhead_bytes:-8888320
mem_fragmentation_ratio:1.92
mem_fragmentation_bytes:29467784
mem_not_counted_for_evict:634
mem_replication_backlog:0
mem_clients_slaves:0
mem_clients_normal:61512
mem_aof_buffer:640
mem_allocator:jemalloc-5.1.0
active_defrag_running:0
lazyfree_pending_objects:0
lazyfreed_objects:0
