before:  
# Memory
used_memory:931936
used_memory_human:910.09K
used_memory_rss:40046592
used_memory_rss_human:38.19M
used_memory_peak:2601715552
used_memory_peak_human:2.42G
used_memory_peak_perc:0.04%
used_memory_overhead:851456
used_memory_startup:810072
used_memory_dataset:80480
used_memory_dataset_perc:66.04%
allocator_allocated:1019832
allocator_active:11993088
allocator_resident:37666816
total_system_memory:16479883264
total_system_memory_human:15.35G
used_memory_lua:37888
used_memory_lua_human:37.00K
used_memory_scripts:0
used_memory_scripts_human:0B
number_of_cached_scripts:0
maxmemory:0
maxmemory_human:0B
maxmemory_policy:noeviction
allocator_frag_ratio:11.76
allocator_frag_bytes:10973256
allocator_rss_ratio:3.14
allocator_rss_bytes:25673728
rss_overhead_ratio:1.06
rss_overhead_bytes:2379776
mem_fragmentation_ratio:46.03
mem_fragmentation_bytes:39176664
mem_not_counted_for_evict:378
mem_replication_backlog:0
mem_clients_slaves:0
mem_clients_normal:41000
mem_aof_buffer:384
mem_allocator:jemalloc-5.1.0
active_defrag_running:0
lazyfree_pending_objects:0
lazyfreed_objects:0


after: 
# Memory
used_memory:4103264
used_memory_human:3.91M
used_memory_rss:40353792
used_memory_rss_human:38.48M
used_memory_peak:2601715552
used_memory_peak_human:2.42G
used_memory_peak_perc:0.16%
used_memory_overhead:1403296
used_memory_startup:810072
used_memory_dataset:2699968
used_memory_dataset_perc:81.99%
allocator_allocated:4100000
allocator_active:11460608
allocator_resident:38031360
total_system_memory:16479883264
total_system_memory_human:15.35G
used_memory_lua:37888
used_memory_lua_human:37.00K
used_memory_scripts:0
used_memory_scripts_human:0B
number_of_cached_scripts:0
maxmemory:0
maxmemory_human:0B
maxmemory_policy:noeviction
allocator_frag_ratio:2.80
allocator_frag_bytes:7360608
allocator_rss_ratio:3.32
allocator_rss_bytes:26570752
rss_overhead_ratio:1.06
rss_overhead_bytes:2322432
mem_fragmentation_ratio:10.16
mem_fragmentation_bytes:36383840
mem_not_counted_for_evict:634
mem_replication_backlog:0
mem_clients_slaves:0
mem_clients_normal:61512
mem_aof_buffer:640
mem_allocator:jemalloc-5.1.0
active_defrag_running:0
lazyfree_pending_objects:0
lazyfreed_objects:0
