before:  
# Memory
used_memory:932672
used_memory_human:910.81K
used_memory_rss:39538688
used_memory_rss_human:37.71M
used_memory_peak:2601715552
used_memory_peak_human:2.42G
used_memory_peak_perc:0.04%
used_memory_overhead:872208
used_memory_startup:810072
used_memory_dataset:60464
used_memory_dataset_perc:49.32%
allocator_allocated:1045408
allocator_active:11489280
allocator_resident:37208064
total_system_memory:16479883264
total_system_memory_human:15.35G
used_memory_lua:37888
used_memory_lua_human:37.00K
used_memory_scripts:0
used_memory_scripts_human:0B
number_of_cached_scripts:0
maxmemory:0
maxmemory_human:0B
maxmemory_policy:noeviction
allocator_frag_ratio:10.99
allocator_frag_bytes:10443872
allocator_rss_ratio:3.24
allocator_rss_bytes:25718784
rss_overhead_ratio:1.06
rss_overhead_bytes:2330624
mem_fragmentation_ratio:44.34
mem_fragmentation_bytes:38647040
mem_not_counted_for_evict:634
mem_replication_backlog:0
mem_clients_slaves:0
mem_clients_normal:61496
mem_aof_buffer:640
mem_allocator:jemalloc-5.1.0
active_defrag_running:0
lazyfree_pending_objects:0
lazyfreed_objects:0


after: 
# Memory
used_memory:79029824
used_memory_human:75.37M
used_memory_rss:107581440
used_memory_rss_human:102.60M
used_memory_peak:2601715552
used_memory_peak_human:2.42G
used_memory_peak_perc:3.04%
used_memory_overhead:12969376
used_memory_startup:810072
used_memory_dataset:66060448
used_memory_dataset_perc:84.45%
allocator_allocated:78788880
allocator_active:79896576
allocator_resident:113594368
total_system_memory:16479883264
total_system_memory_human:15.35G
used_memory_lua:37888
used_memory_lua_human:37.00K
used_memory_scripts:0
used_memory_scripts_human:0B
number_of_cached_scripts:0
maxmemory:0
maxmemory_human:0B
maxmemory_policy:noeviction
allocator_frag_ratio:1.01
allocator_frag_bytes:1107696
allocator_rss_ratio:1.42
allocator_rss_bytes:33697792
rss_overhead_ratio:0.95
rss_overhead_bytes:-6012928
mem_fragmentation_ratio:1.37
mem_fragmentation_bytes:28926784
mem_not_counted_for_evict:634
mem_replication_backlog:0
mem_clients_slaves:0
mem_clients_normal:61512
mem_aof_buffer:640
mem_allocator:jemalloc-5.1.0
active_defrag_running:0
lazyfree_pending_objects:0
lazyfreed_objects:0
