before:  
# Memory
used_memory:929392
used_memory_human:907.61K
used_memory_rss:21889024
used_memory_rss_human:20.88M
used_memory_peak:735381976
used_memory_peak_human:701.31M
used_memory_peak_perc:0.13%
used_memory_overhead:874128
used_memory_startup:810072
used_memory_dataset:55264
used_memory_dataset_perc:46.32%
allocator_allocated:1019912
allocator_active:5681152
allocator_resident:18956288
total_system_memory:16479883264
total_system_memory_human:15.35G
used_memory_lua:37888
used_memory_lua_human:37.00K
used_memory_scripts:0
used_memory_scripts_human:0B
number_of_cached_scripts:0
maxmemory:0
maxmemory_human:0B
maxmemory_policy:noeviction
allocator_frag_ratio:5.57
allocator_frag_bytes:4661240
allocator_rss_ratio:3.34
allocator_rss_bytes:13275136
rss_overhead_ratio:1.15
rss_overhead_bytes:2932736
mem_fragmentation_ratio:24.64
mem_fragmentation_bytes:21000656
mem_not_counted_for_evict:2554
mem_replication_backlog:0
mem_clients_slaves:0
mem_clients_normal:61496
mem_aof_buffer:2560
mem_allocator:jemalloc-5.1.0
active_defrag_running:0
lazyfree_pending_objects:0
lazyfreed_objects:0


after: 
# Memory
used_memory:380323696
used_memory_human:362.70M
used_memory_rss:403656704
used_memory_rss_human:384.96M
used_memory_peak:735381976
used_memory_peak_human:701.31M
used_memory_peak_perc:51.72%
used_memory_overhead:19068448
used_memory_startup:810072
used_memory_dataset:361255248
used_memory_dataset_perc:95.19%
allocator_allocated:379851720
allocator_active:380485632
allocator_resident:411639808
total_system_memory:16479883264
total_system_memory_human:15.35G
used_memory_lua:37888
used_memory_lua_human:37.00K
used_memory_scripts:0
used_memory_scripts_human:0B
number_of_cached_scripts:0
maxmemory:0
maxmemory_human:0B
maxmemory_policy:noeviction
allocator_frag_ratio:1.00
allocator_frag_bytes:633912
allocator_rss_ratio:1.08
allocator_rss_bytes:31154176
rss_overhead_ratio:0.98
rss_overhead_bytes:-7983104
mem_fragmentation_ratio:1.06
mem_fragmentation_bytes:23918352
mem_not_counted_for_evict:2554
mem_replication_backlog:0
mem_clients_slaves:0
mem_clients_normal:61512
mem_aof_buffer:2560
mem_allocator:jemalloc-5.1.0
active_defrag_running:0
lazyfree_pending_objects:0
lazyfreed_objects:0
