before:  
# Memory
used_memory:926384
used_memory_human:904.67K
used_memory_rss:12959744
used_memory_rss_human:12.36M
used_memory_peak:735381976
used_memory_peak_human:701.31M
used_memory_peak_perc:0.13%
used_memory_overhead:871576
used_memory_startup:810072
used_memory_dataset:54808
used_memory_dataset_perc:47.12%
allocator_allocated:1014504
allocator_active:3977216
allocator_resident:10387456
total_system_memory:16479883264
total_system_memory_human:15.35G
used_memory_lua:37888
used_memory_lua_human:37.00K
used_memory_scripts:0
used_memory_scripts_human:0B
number_of_cached_scripts:0
maxmemory:0
maxmemory_human:0B
maxmemory_policy:noeviction
allocator_frag_ratio:3.92
allocator_frag_bytes:2962712
allocator_rss_ratio:2.61
allocator_rss_bytes:6410240
rss_overhead_ratio:1.25
rss_overhead_bytes:2572288
mem_fragmentation_ratio:14.64
mem_fragmentation_bytes:12074384
mem_not_counted_for_evict:4
mem_replication_backlog:0
mem_clients_slaves:0
mem_clients_normal:61496
mem_aof_buffer:8
mem_allocator:jemalloc-5.1.0
active_defrag_running:0
lazyfree_pending_objects:0
lazyfreed_objects:0


after: 
# Memory
used_memory:81853224
used_memory_human:78.06M
used_memory_rss:91594752
used_memory_rss_human:87.35M
used_memory_peak:735381976
used_memory_peak_human:701.31M
used_memory_peak_perc:11.13%
used_memory_overhead:4398432
used_memory_startup:810072
used_memory_dataset:77454792
used_memory_dataset_perc:95.57%
allocator_allocated:93415384
allocator_active:94044160
allocator_resident:101482496
total_system_memory:16479883264
total_system_memory_human:15.35G
used_memory_lua:37888
used_memory_lua_human:37.00K
used_memory_scripts:0
used_memory_scripts_human:0B
number_of_cached_scripts:0
maxmemory:0
maxmemory_human:0B
maxmemory_policy:noeviction
allocator_frag_ratio:1.01
allocator_frag_bytes:628776
allocator_rss_ratio:1.08
allocator_rss_bytes:7438336
rss_overhead_ratio:0.90
rss_overhead_bytes:-9887744
mem_fragmentation_ratio:0.98
mem_fragmentation_bytes:-1705056
mem_not_counted_for_evict:2554
mem_replication_backlog:0
mem_clients_slaves:0
mem_clients_normal:61512
mem_aof_buffer:2560
mem_allocator:jemalloc-5.1.0
active_defrag_running:0
lazyfree_pending_objects:0
lazyfreed_objects:0
