before:  
# Memory
used_memory:928760
used_memory_human:906.99K
used_memory_rss:12750848
used_memory_rss_human:12.16M
used_memory_peak:735381976
used_memory_peak_human:701.31M
used_memory_peak_perc:0.13%
used_memory_overhead:874128
used_memory_startup:810072
used_memory_dataset:54632
used_memory_dataset_perc:46.03%
allocator_allocated:1015920
allocator_active:4177920
allocator_resident:10207232
total_system_memory:16479883264
total_system_memory_human:15.35G
used_memory_lua:37888
used_memory_lua_human:37.00K
used_memory_scripts:0
used_memory_scripts_human:0B
number_of_cached_scripts:0
maxmemory:0
maxmemory_human:0B
maxmemory_policy:noeviction
allocator_frag_ratio:4.11
allocator_frag_bytes:3162000
allocator_rss_ratio:2.44
allocator_rss_bytes:6029312
rss_overhead_ratio:1.25
rss_overhead_bytes:2543616
mem_fragmentation_ratio:14.36
mem_fragmentation_bytes:11863112
mem_not_counted_for_evict:2554
mem_replication_backlog:0
mem_clients_slaves:0
mem_clients_normal:61496
mem_aof_buffer:2560
mem_allocator:jemalloc-5.1.0
active_defrag_running:0
lazyfree_pending_objects:0
lazyfreed_objects:0


after: 
# Memory
used_memory:27990904
used_memory_human:26.69M
used_memory_rss:37543936
used_memory_rss_human:35.80M
used_memory_peak:735381976
used_memory_peak_human:701.31M
used_memory_peak_perc:3.81%
used_memory_overhead:2136288
used_memory_startup:810072
used_memory_dataset:25854616
used_memory_dataset_perc:95.12%
allocator_allocated:39522112
allocator_active:41738240
allocator_resident:47722496
total_system_memory:16479883264
total_system_memory_human:15.35G
used_memory_lua:37888
used_memory_lua_human:37.00K
used_memory_scripts:0
used_memory_scripts_human:0B
number_of_cached_scripts:0
maxmemory:0
maxmemory_human:0B
maxmemory_policy:noeviction
allocator_frag_ratio:1.06
allocator_frag_bytes:2216128
allocator_rss_ratio:1.14
allocator_rss_bytes:5984256
rss_overhead_ratio:0.79
rss_overhead_bytes:-10178560
mem_fragmentation_ratio:0.95
mem_fragmentation_bytes:-1859248
mem_not_counted_for_evict:2554
mem_replication_backlog:0
mem_clients_slaves:0
mem_clients_normal:61512
mem_aof_buffer:2560
mem_allocator:jemalloc-5.1.0
active_defrag_running:0
lazyfree_pending_objects:0
lazyfreed_objects:0
