before:  
# Memory
used_memory:929544
used_memory_human:907.76K
used_memory_rss:26017792
used_memory_rss_human:24.81M
used_memory_peak:735381976
used_memory_peak_human:701.31M
used_memory_peak_perc:0.13%
used_memory_overhead:874128
used_memory_startup:810072
used_memory_dataset:55416
used_memory_dataset_perc:46.38%
allocator_allocated:1016408
allocator_active:6447104
allocator_resident:23019520
total_system_memory:16479883264
total_system_memory_human:15.35G
used_memory_lua:37888
used_memory_lua_human:37.00K
used_memory_scripts:0
used_memory_scripts_human:0B
number_of_cached_scripts:0
maxmemory:0
maxmemory_human:0B
maxmemory_policy:noeviction
allocator_frag_ratio:6.34
allocator_frag_bytes:5430696
allocator_rss_ratio:3.57
allocator_rss_bytes:16572416
rss_overhead_ratio:1.13
rss_overhead_bytes:2998272
mem_fragmentation_ratio:29.28
mem_fragmentation_bytes:25129272
mem_not_counted_for_evict:2554
mem_replication_backlog:0
mem_clients_slaves:0
mem_clients_normal:61496
mem_aof_buffer:2560
mem_allocator:jemalloc-5.1.0
active_defrag_running:0
lazyfree_pending_objects:0
lazyfreed_objects:0


after: 
# Memory
used_memory:541123848
used_memory_human:516.06M
used_memory_rss:568111104
used_memory_rss_human:541.79M
used_memory_peak:735381976
used_memory_peak_human:701.31M
used_memory_peak_perc:73.58%
used_memory_overhead:25068448
used_memory_startup:810072
used_memory_dataset:516055400
used_memory_dataset_perc:95.51%
allocator_allocated:553620576
allocator_active:554250240
allocator_resident:575721472
total_system_memory:16479883264
total_system_memory_human:15.35G
used_memory_lua:37888
used_memory_lua_human:37.00K
used_memory_scripts:0
used_memory_scripts_human:0B
number_of_cached_scripts:0
maxmemory:0
maxmemory_human:0B
maxmemory_policy:noeviction
allocator_frag_ratio:1.00
allocator_frag_bytes:629664
allocator_rss_ratio:1.04
allocator_rss_bytes:21471232
rss_overhead_ratio:0.99
rss_overhead_bytes:-7610368
mem_fragmentation_ratio:1.03
mem_fragmentation_bytes:14603744
mem_not_counted_for_evict:2554
mem_replication_backlog:0
mem_clients_slaves:0
mem_clients_normal:61512
mem_aof_buffer:2560
mem_allocator:jemalloc-5.1.0
active_defrag_running:0
lazyfree_pending_objects:0
lazyfreed_objects:0
