before:  
# Memory
used_memory:929240
used_memory_human:907.46K
used_memory_rss:15884288
used_memory_rss_human:15.15M
used_memory_peak:735381976
used_memory_peak_human:701.31M
used_memory_peak_perc:0.13%
used_memory_overhead:874128
used_memory_startup:810072
used_memory_dataset:55112
used_memory_dataset_perc:46.25%
allocator_allocated:1013648
allocator_active:4808704
allocator_resident:13148160
total_system_memory:16479883264
total_system_memory_human:15.35G
used_memory_lua:37888
used_memory_lua_human:37.00K
used_memory_scripts:0
used_memory_scripts_human:0B
number_of_cached_scripts:0
maxmemory:0
maxmemory_human:0B
maxmemory_policy:noeviction
allocator_frag_ratio:4.74
allocator_frag_bytes:3795056
allocator_rss_ratio:2.73
allocator_rss_bytes:8339456
rss_overhead_ratio:1.21
rss_overhead_bytes:2736128
mem_fragmentation_ratio:17.88
mem_fragmentation_bytes:14996072
mem_not_counted_for_evict:2554
mem_replication_backlog:0
mem_clients_slaves:0
mem_clients_normal:61496
mem_aof_buffer:2560
mem_allocator:jemalloc-5.1.0
active_defrag_running:0
lazyfree_pending_objects:0
lazyfreed_objects:0


after: 
# Memory
used_memory:271026392
used_memory_human:258.47M
used_memory_rss:288071680
used_memory_rss_human:274.73M
used_memory_peak:735381976
used_memory_peak_human:701.31M
used_memory_peak_perc:36.86%
used_memory_overhead:12971296
used_memory_startup:810072
used_memory_dataset:258055096
used_memory_dataset_perc:95.50%
allocator_allocated:270053648
allocator_active:270680064
allocator_resident:309051392
total_system_memory:16479883264
total_system_memory_human:15.35G
used_memory_lua:37888
used_memory_lua_human:37.00K
used_memory_scripts:0
used_memory_scripts_human:0B
number_of_cached_scripts:0
maxmemory:0
maxmemory_human:0B
maxmemory_policy:noeviction
allocator_frag_ratio:1.00
allocator_frag_bytes:626416
allocator_rss_ratio:1.14
allocator_rss_bytes:38371328
rss_overhead_ratio:0.93
rss_overhead_bytes:-20979712
mem_fragmentation_ratio:1.07
mem_fragmentation_bytes:18129112
mem_not_counted_for_evict:2554
mem_replication_backlog:0
mem_clients_slaves:0
mem_clients_normal:61512
mem_aof_buffer:2560
mem_allocator:jemalloc-5.1.0
active_defrag_running:0
lazyfree_pending_objects:0
lazyfreed_objects:0
