before:  
# Memory
used_memory:928808
used_memory_human:907.04K
used_memory_rss:24313856
used_memory_rss_human:23.19M
used_memory_peak:735381976
used_memory_peak_human:701.31M
used_memory_peak_perc:0.13%
used_memory_overhead:853632
used_memory_startup:810072
used_memory_dataset:75176
used_memory_dataset_perc:63.31%
allocator_allocated:11866776
allocator_active:15802368
allocator_resident:21831680
total_system_memory:16479883264
total_system_memory_human:15.35G
used_memory_lua:37888
used_memory_lua_human:37.00K
used_memory_scripts:0
used_memory_scripts_human:0B
number_of_cached_scripts:0
maxmemory:0
maxmemory_human:0B
maxmemory_policy:noeviction
allocator_frag_ratio:1.33
allocator_frag_bytes:3935592
allocator_rss_ratio:1.38
allocator_rss_bytes:6029312
rss_overhead_ratio:1.11
rss_overhead_bytes:2482176
mem_fragmentation_ratio:2.07
mem_fragmentation_bytes:12596000
mem_not_counted_for_evict:2554
mem_replication_backlog:0
mem_clients_slaves:0
mem_clients_normal:41000
mem_aof_buffer:2560
mem_allocator:jemalloc-5.1.0
active_defrag_running:0
lazyfree_pending_objects:0
lazyfreed_objects:0


after: 
# Memory
used_memory:11779832
used_memory_human:11.23M
used_memory_rss:21680128
used_memory_rss_human:20.68M
used_memory_peak:735381976
used_memory_peak_human:701.31M
used_memory_peak_perc:1.60%
used_memory_overhead:1405216
used_memory_startup:810072
used_memory_dataset:10374616
used_memory_dataset_perc:94.57%
allocator_allocated:10630744
allocator_active:13344768
allocator_resident:19329024
total_system_memory:16479883264
total_system_memory_human:15.35G
used_memory_lua:37888
used_memory_lua_human:37.00K
used_memory_scripts:0
used_memory_scripts_human:0B
number_of_cached_scripts:0
maxmemory:0
maxmemory_human:0B
maxmemory_policy:noeviction
allocator_frag_ratio:1.26
allocator_frag_bytes:2714024
allocator_rss_ratio:1.45
allocator_rss_bytes:5984256
rss_overhead_ratio:1.12
rss_overhead_bytes:2351104
mem_fragmentation_ratio:2.06
mem_fragmentation_bytes:11163000
mem_not_counted_for_evict:2554
mem_replication_backlog:0
mem_clients_slaves:0
mem_clients_normal:61512
mem_aof_buffer:2560
mem_allocator:jemalloc-5.1.0
active_defrag_running:0
lazyfree_pending_objects:0
lazyfreed_objects:0
