before:  
# Memory
used_memory:926536
used_memory_human:904.82K
used_memory_rss:14503936
used_memory_rss_human:13.83M
used_memory_peak:735381976
used_memory_peak_human:701.31M
used_memory_peak_perc:0.13%
used_memory_overhead:871576
used_memory_startup:810072
used_memory_dataset:54960
used_memory_dataset_perc:47.19%
allocator_allocated:1006872
allocator_active:4272128
allocator_resident:24399872
total_system_memory:16479883264
total_system_memory_human:15.35G
used_memory_lua:37888
used_memory_lua_human:37.00K
used_memory_scripts:0
used_memory_scripts_human:0B
number_of_cached_scripts:0
maxmemory:0
maxmemory_human:0B
maxmemory_policy:noeviction
allocator_frag_ratio:4.24
allocator_frag_bytes:3265256
allocator_rss_ratio:5.71
allocator_rss_bytes:20127744
rss_overhead_ratio:0.59
rss_overhead_bytes:-9895936
mem_fragmentation_ratio:16.38
mem_fragmentation_bytes:13618424
mem_not_counted_for_evict:4
mem_replication_backlog:0
mem_clients_slaves:0
mem_clients_normal:61496
mem_aof_buffer:8
mem_allocator:jemalloc-5.1.0
active_defrag_running:0
lazyfree_pending_objects:0
lazyfreed_objects:0


after: 
# Memory
used_memory:109177664
used_memory_human:104.12M
used_memory_rss:121135104
used_memory_rss_human:115.52M
used_memory_peak:735381976
used_memory_peak_human:701.31M
used_memory_peak_perc:14.85%
used_memory_overhead:5922720
used_memory_startup:810072
used_memory_dataset:103254944
used_memory_dataset_perc:95.28%
allocator_allocated:109239384
allocator_active:109867008
allocator_resident:142282752
total_system_memory:16479883264
total_system_memory_human:15.35G
used_memory_lua:37888
used_memory_lua_human:37.00K
used_memory_scripts:0
used_memory_scripts_human:0B
number_of_cached_scripts:0
maxmemory:0
maxmemory_human:0B
maxmemory_policy:noeviction
allocator_frag_ratio:1.01
allocator_frag_bytes:627624
allocator_rss_ratio:1.30
allocator_rss_bytes:32415744
rss_overhead_ratio:0.85
rss_overhead_bytes:-21147648
mem_fragmentation_ratio:1.11
mem_fragmentation_bytes:12006784
mem_not_counted_for_evict:2554
mem_replication_backlog:0
mem_clients_slaves:0
mem_clients_normal:61512
mem_aof_buffer:2560
mem_allocator:jemalloc-5.1.0
active_defrag_running:0
lazyfree_pending_objects:0
lazyfreed_objects:0
