before:  
# Memory
used_memory:926864
used_memory_human:905.14K
used_memory_rss:15249408
used_memory_rss_human:14.54M
used_memory_peak:735381976
used_memory_peak_human:701.31M
used_memory_peak_perc:0.13%
used_memory_overhead:874640
used_memory_startup:810072
used_memory_dataset:52224
used_memory_dataset_perc:44.72%
allocator_allocated:1006528
allocator_active:7069696
allocator_resident:12845056
total_system_memory:16479883264
total_system_memory_human:15.35G
used_memory_lua:37888
used_memory_lua_human:37.00K
used_memory_scripts:0
used_memory_scripts_human:0B
number_of_cached_scripts:0
maxmemory:0
maxmemory_human:0B
maxmemory_policy:noeviction
allocator_frag_ratio:7.02
allocator_frag_bytes:6063168
allocator_rss_ratio:1.82
allocator_rss_bytes:5775360
rss_overhead_ratio:1.19
rss_overhead_bytes:2404352
mem_fragmentation_ratio:17.21
mem_fragmentation_bytes:14363568
mem_not_counted_for_evict:3066
mem_replication_backlog:0
mem_clients_slaves:0
mem_clients_normal:61496
mem_aof_buffer:3072
mem_allocator:jemalloc-5.1.0
active_defrag_running:0
lazyfree_pending_objects:0
lazyfreed_objects:0


after: 
# Memory
used_memory:12372560
used_memory_human:11.80M
used_memory_rss:20901888
used_memory_rss_human:19.93M
used_memory_peak:735381976
used_memory_peak_human:701.31M
used_memory_peak_perc:1.68%
used_memory_overhead:5920352
used_memory_startup:810072
used_memory_dataset:6452208
used_memory_dataset_perc:55.80%
allocator_allocated:12399016
allocator_active:12877824
allocator_resident:18608128
total_system_memory:16479883264
total_system_memory_human:15.35G
used_memory_lua:37888
used_memory_lua_human:37.00K
used_memory_scripts:0
used_memory_scripts_human:0B
number_of_cached_scripts:0
maxmemory:0
maxmemory_human:0B
maxmemory_policy:noeviction
allocator_frag_ratio:1.04
allocator_frag_bytes:478808
allocator_rss_ratio:1.44
allocator_rss_bytes:5730304
rss_overhead_ratio:1.12
rss_overhead_bytes:2293760
mem_fragmentation_ratio:1.70
mem_fragmentation_bytes:8613600
mem_not_counted_for_evict:188
mem_replication_backlog:0
mem_clients_slaves:0
mem_clients_normal:61512
mem_aof_buffer:192
mem_allocator:jemalloc-5.1.0
active_defrag_running:0
lazyfree_pending_objects:0
lazyfreed_objects:0
