before:  
# Memory
used_memory:924136
used_memory_human:902.48K
used_memory_rss:15732736
used_memory_rss_human:15.00M
used_memory_peak:735381976
used_memory_peak_human:701.31M
used_memory_peak_perc:0.13%
used_memory_overhead:871760
used_memory_startup:810072
used_memory_dataset:52376
used_memory_dataset_perc:45.92%
allocator_allocated:1001160
allocator_active:7356416
allocator_resident:13340672
total_system_memory:16479883264
total_system_memory_human:15.35G
used_memory_lua:37888
used_memory_lua_human:37.00K
used_memory_scripts:0
used_memory_scripts_human:0B
number_of_cached_scripts:0
maxmemory:0
maxmemory_human:0B
maxmemory_policy:noeviction
allocator_frag_ratio:7.35
allocator_frag_bytes:6355256
allocator_rss_ratio:1.81
allocator_rss_bytes:5984256
rss_overhead_ratio:1.18
rss_overhead_bytes:2392064
mem_fragmentation_ratio:17.82
mem_fragmentation_bytes:14849624
mem_not_counted_for_evict:188
mem_replication_backlog:0
mem_clients_slaves:0
mem_clients_normal:61496
mem_aof_buffer:192
mem_allocator:jemalloc-5.1.0
active_defrag_running:0
lazyfree_pending_objects:0
lazyfreed_objects:0


after: 
# Memory
used_memory:29021288
used_memory_human:27.68M
used_memory_rss:37371904
used_memory_rss_human:35.64M
used_memory_peak:735381976
used_memory_peak_human:701.31M
used_memory_peak_perc:3.95%
used_memory_overhead:12968928
used_memory_startup:810072
used_memory_dataset:16052360
used_memory_dataset_perc:56.90%
allocator_allocated:28951608
allocator_active:29425664
allocator_resident:35155968
total_system_memory:16479883264
total_system_memory_human:15.35G
used_memory_lua:37888
used_memory_lua_human:37.00K
used_memory_scripts:0
used_memory_scripts_human:0B
number_of_cached_scripts:0
maxmemory:0
maxmemory_human:0B
maxmemory_policy:noeviction
allocator_frag_ratio:1.02
allocator_frag_bytes:474056
allocator_rss_ratio:1.19
allocator_rss_bytes:5730304
rss_overhead_ratio:1.06
rss_overhead_bytes:2215936
mem_fragmentation_ratio:1.30
mem_fragmentation_bytes:8529944
mem_not_counted_for_evict:188
mem_replication_backlog:0
mem_clients_slaves:0
mem_clients_normal:61512
mem_aof_buffer:192
mem_allocator:jemalloc-5.1.0
active_defrag_running:0
lazyfree_pending_objects:0
lazyfreed_objects:0
