before:  
# Memory
used_memory:924288
used_memory_human:902.62K
used_memory_rss:18157568
used_memory_rss_human:17.32M
used_memory_peak:735381976
used_memory_peak_human:701.31M
used_memory_peak_perc:0.13%
used_memory_overhead:871760
used_memory_startup:810072
used_memory_dataset:52528
used_memory_dataset_perc:45.99%
allocator_allocated:1004688
allocator_active:9973760
allocator_resident:15749120
total_system_memory:16479883264
total_system_memory_human:15.35G
used_memory_lua:37888
used_memory_lua_human:37.00K
used_memory_scripts:0
used_memory_scripts_human:0B
number_of_cached_scripts:0
maxmemory:0
maxmemory_human:0B
maxmemory_policy:noeviction
allocator_frag_ratio:9.93
allocator_frag_bytes:8969072
allocator_rss_ratio:1.58
allocator_rss_bytes:5775360
rss_overhead_ratio:1.15
rss_overhead_bytes:2408448
mem_fragmentation_ratio:20.56
mem_fragmentation_bytes:17274304
mem_not_counted_for_evict:188
mem_replication_backlog:0
mem_clients_slaves:0
mem_clients_normal:61496
mem_aof_buffer:192
mem_allocator:jemalloc-5.1.0
active_defrag_running:0
lazyfree_pending_objects:0
lazyfreed_objects:0


after: 
# Memory
used_memory:41518592
used_memory_human:39.60M
used_memory_rss:49909760
used_memory_rss_human:47.60M
used_memory_peak:735381976
used_memory_peak_human:701.31M
used_memory_peak_perc:5.65%
used_memory_overhead:19066080
used_memory_startup:810072
used_memory_dataset:22452512
used_memory_dataset_perc:55.15%
allocator_allocated:41456496
allocator_active:41910272
allocator_resident:47640576
total_system_memory:16479883264
total_system_memory_human:15.35G
used_memory_lua:37888
used_memory_lua_human:37.00K
used_memory_scripts:0
used_memory_scripts_human:0B
number_of_cached_scripts:0
maxmemory:0
maxmemory_human:0B
maxmemory_policy:noeviction
allocator_frag_ratio:1.01
allocator_frag_bytes:453776
allocator_rss_ratio:1.14
allocator_rss_bytes:5730304
rss_overhead_ratio:1.05
rss_overhead_bytes:2269184
mem_fragmentation_ratio:1.21
mem_fragmentation_bytes:8563320
mem_not_counted_for_evict:188
mem_replication_backlog:0
mem_clients_slaves:0
mem_clients_normal:61512
mem_aof_buffer:192
mem_allocator:jemalloc-5.1.0
active_defrag_running:0
lazyfree_pending_objects:0
lazyfreed_objects:0
