before:  
# Memory
used_memory:924440
used_memory_human:902.77K
used_memory_rss:17948672
used_memory_rss_human:17.12M
used_memory_peak:735381976
used_memory_peak_human:701.31M
used_memory_peak_perc:0.13%
used_memory_overhead:871760
used_memory_startup:810072
used_memory_dataset:52680
used_memory_dataset_perc:46.06%
allocator_allocated:1003504
allocator_active:9764864
allocator_resident:15540224
total_system_memory:16479883264
total_system_memory_human:15.35G
used_memory_lua:37888
used_memory_lua_human:37.00K
used_memory_scripts:0
used_memory_scripts_human:0B
number_of_cached_scripts:0
maxmemory:0
maxmemory_human:0B
maxmemory_policy:noeviction
allocator_frag_ratio:9.73
allocator_frag_bytes:8761360
allocator_rss_ratio:1.59
allocator_rss_bytes:5775360
rss_overhead_ratio:1.15
rss_overhead_bytes:2408448
mem_fragmentation_ratio:20.32
mem_fragmentation_bytes:17065256
mem_not_counted_for_evict:188
mem_replication_backlog:0
mem_clients_slaves:0
mem_clients_normal:61496
mem_aof_buffer:192
mem_allocator:jemalloc-5.1.0
active_defrag_running:0
lazyfree_pending_objects:0
lazyfreed_objects:0


after: 
# Memory
used_memory:57118744
used_memory_human:54.47M
used_memory_rss:65744896
used_memory_rss_human:62.70M
used_memory_peak:735381976
used_memory_peak_human:701.31M
used_memory_peak_perc:7.77%
used_memory_overhead:25066080
used_memory_startup:810072
used_memory_dataset:32052664
used_memory_dataset_perc:56.92%
allocator_allocated:57202552
allocator_active:57671680
allocator_resident:63401984
total_system_memory:16479883264
total_system_memory_human:15.35G
used_memory_lua:37888
used_memory_lua_human:37.00K
used_memory_scripts:0
used_memory_scripts_human:0B
number_of_cached_scripts:0
maxmemory:0
maxmemory_human:0B
maxmemory_policy:noeviction
allocator_frag_ratio:1.01
allocator_frag_bytes:469128
allocator_rss_ratio:1.10
allocator_rss_bytes:5730304
rss_overhead_ratio:1.04
rss_overhead_bytes:2342912
mem_fragmentation_ratio:1.15
mem_fragmentation_bytes:8647608
mem_not_counted_for_evict:188
mem_replication_backlog:0
mem_clients_slaves:0
mem_clients_normal:61512
mem_aof_buffer:192
mem_allocator:jemalloc-5.1.0
active_defrag_running:0
lazyfree_pending_objects:0
lazyfreed_objects:0
