before:  
# Memory
used_memory:923832
used_memory_human:902.18K
used_memory_rss:13291520
used_memory_rss_human:12.68M
used_memory_peak:735381976
used_memory_peak_human:701.31M
used_memory_peak_perc:0.13%
used_memory_overhead:871760
used_memory_startup:810072
used_memory_dataset:52072
used_memory_dataset_perc:45.77%
allocator_allocated:1001488
allocator_active:5111808
allocator_resident:10887168
total_system_memory:16479883264
total_system_memory_human:15.35G
used_memory_lua:37888
used_memory_lua_human:37.00K
used_memory_scripts:0
used_memory_scripts_human:0B
number_of_cached_scripts:0
maxmemory:0
maxmemory_human:0B
maxmemory_policy:noeviction
allocator_frag_ratio:5.10
allocator_frag_bytes:4110320
allocator_rss_ratio:2.13
allocator_rss_bytes:5775360
rss_overhead_ratio:1.22
rss_overhead_bytes:2404352
mem_fragmentation_ratio:15.06
mem_fragmentation_bytes:12408712
mem_not_counted_for_evict:188
mem_replication_backlog:0
mem_clients_slaves:0
mem_clients_normal:61496
mem_aof_buffer:192
mem_allocator:jemalloc-5.1.0
active_defrag_running:0
lazyfree_pending_objects:0
lazyfreed_objects:0


after: 
# Memory
used_memory:9775288
used_memory_human:9.32M
used_memory_rss:18743296
used_memory_rss_human:17.88M
used_memory_peak:735381976
used_memory_peak_human:701.31M
used_memory_peak_perc:1.33%
used_memory_overhead:4923232
used_memory_startup:810072
used_memory_dataset:4852056
used_memory_dataset_perc:54.12%
allocator_allocated:9704640
allocator_active:10207232
allocator_resident:16351232
total_system_memory:16479883264
total_system_memory_human:15.35G
used_memory_lua:37888
used_memory_lua_human:37.00K
used_memory_scripts:0
used_memory_scripts_human:0B
number_of_cached_scripts:0
maxmemory:0
maxmemory_human:0B
maxmemory_policy:noeviction
allocator_frag_ratio:1.05
allocator_frag_bytes:502592
allocator_rss_ratio:1.60
allocator_rss_bytes:6144000
rss_overhead_ratio:1.15
rss_overhead_bytes:2392064
mem_fragmentation_ratio:1.95
mem_fragmentation_bytes:9151152
mem_not_counted_for_evict:3066
mem_replication_backlog:0
mem_clients_slaves:0
mem_clients_normal:61512
mem_aof_buffer:3072
mem_allocator:jemalloc-5.1.0
active_defrag_running:0
lazyfree_pending_objects:0
lazyfreed_objects:0
