before:  
# Memory
used_memory:926536
used_memory_human:904.82K
used_memory_rss:12410880
used_memory_rss_human:11.84M
used_memory_peak:735381976
used_memory_peak_human:701.31M
used_memory_peak_perc:0.13%
used_memory_overhead:874640
used_memory_startup:810072
used_memory_dataset:51896
used_memory_dataset_perc:44.56%
allocator_allocated:1004240
allocator_active:4235264
allocator_resident:9965568
total_system_memory:16479883264
total_system_memory_human:15.35G
used_memory_lua:37888
used_memory_lua_human:37.00K
used_memory_scripts:0
used_memory_scripts_human:0B
number_of_cached_scripts:0
maxmemory:0
maxmemory_human:0B
maxmemory_policy:noeviction
allocator_frag_ratio:4.22
allocator_frag_bytes:3231024
allocator_rss_ratio:2.35
allocator_rss_bytes:5730304
rss_overhead_ratio:1.25
rss_overhead_bytes:2445312
mem_fragmentation_ratio:14.02
mem_fragmentation_bytes:11525368
mem_not_counted_for_evict:3066
mem_replication_backlog:0
mem_clients_slaves:0
mem_clients_normal:61496
mem_aof_buffer:3072
mem_allocator:jemalloc-5.1.0
active_defrag_running:0
lazyfree_pending_objects:0
lazyfreed_objects:0


after: 
# Memory
used_memory:3785800
used_memory_human:3.61M
used_memory_rss:13561856
used_memory_rss_human:12.93M
used_memory_peak:735381976
used_memory_peak_human:701.31M
used_memory_peak_perc:0.51%
used_memory_overhead:2133920
used_memory_startup:810072
used_memory_dataset:1651880
used_memory_dataset_perc:55.51%
allocator_allocated:3797384
allocator_active:5566464
allocator_resident:11296768
total_system_memory:16479883264
total_system_memory_human:15.35G
used_memory_lua:37888
used_memory_lua_human:37.00K
used_memory_scripts:0
used_memory_scripts_human:0B
number_of_cached_scripts:0
maxmemory:0
maxmemory_human:0B
maxmemory_policy:noeviction
allocator_frag_ratio:1.47
allocator_frag_bytes:1769080
allocator_rss_ratio:2.03
allocator_rss_bytes:5730304
rss_overhead_ratio:1.20
rss_overhead_bytes:2265088
mem_fragmentation_ratio:3.68
mem_fragmentation_bytes:9876240
mem_not_counted_for_evict:188
mem_replication_backlog:0
mem_clients_slaves:0
mem_clients_normal:61512
mem_aof_buffer:192
mem_allocator:jemalloc-5.1.0
active_defrag_running:0
lazyfree_pending_objects:0
lazyfreed_objects:0
