before:  
# Memory
used_memory:923672
used_memory_human:902.02K
used_memory_rss:16273408
used_memory_rss_human:15.52M
used_memory_peak:735381976
used_memory_peak_human:701.31M
used_memory_peak_perc:0.13%
used_memory_overhead:851232
used_memory_startup:810072
used_memory_dataset:72440
used_memory_dataset_perc:63.77%
allocator_allocated:2165928
allocator_active:5095424
allocator_resident:13873152
total_system_memory:16479883264
total_system_memory_human:15.35G
used_memory_lua:37888
used_memory_lua_human:37.00K
used_memory_scripts:0
used_memory_scripts_human:0B
number_of_cached_scripts:0
maxmemory:0
maxmemory_human:0B
maxmemory_policy:noeviction
allocator_frag_ratio:2.35
allocator_frag_bytes:2929496
allocator_rss_ratio:2.72
allocator_rss_bytes:8777728
rss_overhead_ratio:1.17
rss_overhead_bytes:2400256
mem_fragmentation_ratio:8.01
mem_fragmentation_bytes:14240688
mem_not_counted_for_evict:156
mem_replication_backlog:0
mem_clients_slaves:0
mem_clients_normal:41000
mem_aof_buffer:160
mem_allocator:jemalloc-5.1.0
active_defrag_running:0
lazyfree_pending_objects:0
lazyfreed_objects:0


after: 
# Memory
used_memory:2097608
used_memory_human:2.00M
used_memory_rss:12644352
used_memory_rss_human:12.06M
used_memory_peak:735381976
used_memory_peak_human:701.31M
used_memory_peak_perc:0.29%
used_memory_overhead:1405728
used_memory_startup:810072
used_memory_dataset:691880
used_memory_dataset_perc:53.74%
allocator_allocated:2228736
allocator_active:4501504
allocator_resident:10297344
total_system_memory:16479883264
total_system_memory_human:15.35G
used_memory_lua:37888
used_memory_lua_human:37.00K
used_memory_scripts:0
used_memory_scripts_human:0B
number_of_cached_scripts:0
maxmemory:0
maxmemory_human:0B
maxmemory_policy:noeviction
allocator_frag_ratio:2.02
allocator_frag_bytes:2272768
allocator_rss_ratio:2.29
allocator_rss_bytes:5795840
rss_overhead_ratio:1.23
rss_overhead_bytes:2347008
mem_fragmentation_ratio:5.96
mem_fragmentation_bytes:10523048
mem_not_counted_for_evict:3066
mem_replication_backlog:0
mem_clients_slaves:0
mem_clients_normal:61512
mem_aof_buffer:3072
mem_allocator:jemalloc-5.1.0
active_defrag_running:0
lazyfree_pending_objects:0
lazyfreed_objects:0
