before:  
# Memory
used_memory:929336
used_memory_human:907.55K
used_memory_rss:33923072
used_memory_rss_human:32.35M
used_memory_peak:2601715552
used_memory_peak_human:2.42G
used_memory_peak_perc:0.04%
used_memory_overhead:871760
used_memory_startup:810072
used_memory_dataset:57576
used_memory_dataset_perc:48.28%
allocator_allocated:1005600
allocator_active:5869568
allocator_resident:31588352
total_system_memory:16479883264
total_system_memory_human:15.35G
used_memory_lua:37888
used_memory_lua_human:37.00K
used_memory_scripts:0
used_memory_scripts_human:0B
number_of_cached_scripts:0
maxmemory:0
maxmemory_human:0B
maxmemory_policy:noeviction
allocator_frag_ratio:5.84
allocator_frag_bytes:4863968
allocator_rss_ratio:5.38
allocator_rss_bytes:25718784
rss_overhead_ratio:1.07
rss_overhead_bytes:2334720
mem_fragmentation_ratio:38.19
mem_fragmentation_bytes:33034760
mem_not_counted_for_evict:188
mem_replication_backlog:0
mem_clients_slaves:0
mem_clients_normal:61496
mem_aof_buffer:192
mem_allocator:jemalloc-5.1.0
active_defrag_running:0
lazyfree_pending_objects:0
lazyfreed_objects:0


after: 
# Memory
used_memory:12377912
used_memory_human:11.80M
used_memory_rss:41484288
used_memory_rss_human:39.56M
used_memory_peak:2601715552
used_memory_peak_human:2.42G
used_memory_peak_perc:0.48%
used_memory_overhead:5920352
used_memory_startup:810072
used_memory_dataset:6457560
used_memory_dataset_perc:55.82%
allocator_allocated:12390232
allocator_active:13443072
allocator_resident:39342080
total_system_memory:16479883264
total_system_memory_human:15.35G
used_memory_lua:37888
used_memory_lua_human:37.00K
used_memory_scripts:0
used_memory_scripts_human:0B
number_of_cached_scripts:0
maxmemory:0
maxmemory_human:0B
maxmemory_policy:noeviction
allocator_frag_ratio:1.08
allocator_frag_bytes:1052840
allocator_rss_ratio:2.93
allocator_rss_bytes:25899008
rss_overhead_ratio:1.05
rss_overhead_bytes:2142208
mem_fragmentation_ratio:3.38
mem_fragmentation_bytes:29202192
mem_not_counted_for_evict:188
mem_replication_backlog:0
mem_clients_slaves:0
mem_clients_normal:61512
mem_aof_buffer:192
mem_allocator:jemalloc-5.1.0
active_defrag_running:0
lazyfree_pending_objects:0
lazyfreed_objects:0
