before:  
# Memory
used_memory:929160
used_memory_human:907.38K
used_memory_rss:33816576
used_memory_rss_human:32.25M
used_memory_peak:2601715552
used_memory_peak_human:2.42G
used_memory_peak_perc:0.04%
used_memory_overhead:871760
used_memory_startup:810072
used_memory_dataset:57400
used_memory_dataset_perc:48.20%
allocator_allocated:1005416
allocator_active:5767168
allocator_resident:31485952
total_system_memory:16479883264
total_system_memory_human:15.35G
used_memory_lua:37888
used_memory_lua_human:37.00K
used_memory_scripts:0
used_memory_scripts_human:0B
number_of_cached_scripts:0
maxmemory:0
maxmemory_human:0B
maxmemory_policy:noeviction
allocator_frag_ratio:5.74
allocator_frag_bytes:4761752
allocator_rss_ratio:5.46
allocator_rss_bytes:25718784
rss_overhead_ratio:1.07
rss_overhead_bytes:2330624
mem_fragmentation_ratio:38.08
mem_fragmentation_bytes:32928440
mem_not_counted_for_evict:188
mem_replication_backlog:0
mem_clients_slaves:0
mem_clients_normal:61496
mem_aof_buffer:192
mem_allocator:jemalloc-5.1.0
active_defrag_running:0
lazyfree_pending_objects:0
lazyfreed_objects:0


after: 
# Memory
used_memory:9777736
used_memory_human:9.32M
used_memory_rss:39890944
used_memory_rss_human:38.04M
used_memory_peak:2601715552
used_memory_peak_human:2.42G
used_memory_peak_perc:0.38%
used_memory_overhead:4920352
used_memory_startup:810072
used_memory_dataset:4857384
used_memory_dataset_perc:54.17%
allocator_allocated:9876264
allocator_active:11595776
allocator_resident:37756928
total_system_memory:16479883264
total_system_memory_human:15.35G
used_memory_lua:37888
used_memory_lua_human:37.00K
used_memory_scripts:0
used_memory_scripts_human:0B
number_of_cached_scripts:0
maxmemory:0
maxmemory_human:0B
maxmemory_policy:noeviction
allocator_frag_ratio:1.17
allocator_frag_bytes:1719512
allocator_rss_ratio:3.26
allocator_rss_bytes:26161152
rss_overhead_ratio:1.06
rss_overhead_bytes:2134016
mem_fragmentation_ratio:4.08
mem_fragmentation_bytes:30124680
mem_not_counted_for_evict:188
mem_replication_backlog:0
mem_clients_slaves:0
mem_clients_normal:61512
mem_aof_buffer:192
mem_allocator:jemalloc-5.1.0
active_defrag_running:0
lazyfree_pending_objects:0
lazyfreed_objects:0
