before:  
# Memory
used_memory:929488
used_memory_human:907.70K
used_memory_rss:33787904
used_memory_rss_human:32.22M
used_memory_peak:2601715552
used_memory_peak_human:2.42G
used_memory_peak_perc:0.04%
used_memory_overhead:871760
used_memory_startup:810072
used_memory_dataset:57728
used_memory_dataset_perc:48.34%
allocator_allocated:1003928
allocator_active:5738496
allocator_resident:31457280
total_system_memory:16479883264
total_system_memory_human:15.35G
used_memory_lua:37888
used_memory_lua_human:37.00K
used_memory_scripts:0
used_memory_scripts_human:0B
number_of_cached_scripts:0
maxmemory:0
maxmemory_human:0B
maxmemory_policy:noeviction
allocator_frag_ratio:5.72
allocator_frag_bytes:4734568
allocator_rss_ratio:5.48
allocator_rss_bytes:25718784
rss_overhead_ratio:1.07
rss_overhead_bytes:2330624
mem_fragmentation_ratio:38.03
mem_fragmentation_bytes:32899440
mem_not_counted_for_evict:188
mem_replication_backlog:0
mem_clients_slaves:0
mem_clients_normal:61496
mem_aof_buffer:192
mem_allocator:jemalloc-5.1.0
active_defrag_running:0
lazyfree_pending_objects:0
lazyfreed_objects:0


after: 
# Memory
used_memory:29026640
used_memory_human:27.68M
used_memory_rss:57856000
used_memory_rss_human:55.18M
used_memory_peak:2601715552
used_memory_peak_human:2.42G
used_memory_peak_perc:1.12%
used_memory_overhead:12968928
used_memory_startup:810072
used_memory_dataset:16057712
used_memory_dataset_perc:56.91%
allocator_allocated:29015248
allocator_active:29949952
allocator_resident:55767040
total_system_memory:16479883264
total_system_memory_human:15.35G
used_memory_lua:37888
used_memory_lua_human:37.00K
used_memory_scripts:0
used_memory_scripts_human:0B
number_of_cached_scripts:0
maxmemory:0
maxmemory_human:0B
maxmemory_policy:noeviction
allocator_frag_ratio:1.03
allocator_frag_bytes:934704
allocator_rss_ratio:1.86
allocator_rss_bytes:25817088
rss_overhead_ratio:1.04
rss_overhead_bytes:2088960
mem_fragmentation_ratio:2.00
mem_fragmentation_bytes:28951072
mem_not_counted_for_evict:188
mem_replication_backlog:0
mem_clients_slaves:0
mem_clients_normal:61512
mem_aof_buffer:192
mem_allocator:jemalloc-5.1.0
active_defrag_running:0
lazyfree_pending_objects:0
lazyfreed_objects:0
