before:  
# Memory
used_memory:929640
used_memory_human:907.85K
used_memory_rss:34258944
used_memory_rss_human:32.67M
used_memory_peak:2601715552
used_memory_peak_human:2.42G
used_memory_peak_perc:0.04%
used_memory_overhead:871760
used_memory_startup:810072
used_memory_dataset:57880
used_memory_dataset_perc:48.41%
allocator_allocated:1002144
allocator_active:6213632
allocator_resident:31932416
total_system_memory:16479883264
total_system_memory_human:15.35G
used_memory_lua:37888
used_memory_lua_human:37.00K
used_memory_scripts:0
used_memory_scripts_human:0B
number_of_cached_scripts:0
maxmemory:0
maxmemory_human:0B
maxmemory_policy:noeviction
allocator_frag_ratio:6.20
allocator_frag_bytes:5211488
allocator_rss_ratio:5.14
allocator_rss_bytes:25718784
rss_overhead_ratio:1.07
rss_overhead_bytes:2326528
mem_fragmentation_ratio:38.55
mem_fragmentation_bytes:33370328
mem_not_counted_for_evict:188
mem_replication_backlog:0
mem_clients_slaves:0
mem_clients_normal:61496
mem_aof_buffer:192
mem_allocator:jemalloc-5.1.0
active_defrag_running:0
lazyfree_pending_objects:0
lazyfreed_objects:0


after: 
# Memory
used_memory:41523944
used_memory_human:39.60M
used_memory_rss:72568832
used_memory_rss_human:69.21M
used_memory_peak:2601715552
used_memory_peak_human:2.42G
used_memory_peak_perc:1.60%
used_memory_overhead:19066080
used_memory_startup:810072
used_memory_dataset:22457864
used_memory_dataset_perc:55.16%
allocator_allocated:41521448
allocator_active:42450944
allocator_resident:70356992
total_system_memory:16479883264
total_system_memory_human:15.35G
used_memory_lua:37888
used_memory_lua_human:37.00K
used_memory_scripts:0
used_memory_scripts_human:0B
number_of_cached_scripts:0
maxmemory:0
maxmemory_human:0B
maxmemory_policy:noeviction
allocator_frag_ratio:1.02
allocator_frag_bytes:929496
allocator_rss_ratio:1.66
allocator_rss_bytes:27906048
rss_overhead_ratio:1.03
rss_overhead_bytes:2211840
mem_fragmentation_ratio:1.75
mem_fragmentation_bytes:31157896
mem_not_counted_for_evict:188
mem_replication_backlog:0
mem_clients_slaves:0
mem_clients_normal:61512
mem_aof_buffer:192
mem_allocator:jemalloc-5.1.0
active_defrag_running:0
lazyfree_pending_objects:0
lazyfreed_objects:0
