before:  
# Memory
used_memory:929792
used_memory_human:908.00K
used_memory_rss:35516416
used_memory_rss_human:33.87M
used_memory_peak:2601715552
used_memory_peak_human:2.42G
used_memory_peak_perc:0.04%
used_memory_overhead:871760
used_memory_startup:810072
used_memory_dataset:58032
used_memory_dataset_perc:48.47%
allocator_allocated:1007064
allocator_active:7462912
allocator_resident:33181696
total_system_memory:16479883264
total_system_memory_human:15.35G
used_memory_lua:37888
used_memory_lua_human:37.00K
used_memory_scripts:0
used_memory_scripts_human:0B
number_of_cached_scripts:0
maxmemory:0
maxmemory_human:0B
maxmemory_policy:noeviction
allocator_frag_ratio:7.41
allocator_frag_bytes:6455848
allocator_rss_ratio:4.45
allocator_rss_bytes:25718784
rss_overhead_ratio:1.07
rss_overhead_bytes:2334720
mem_fragmentation_ratio:39.96
mem_fragmentation_bytes:34627648
mem_not_counted_for_evict:188
mem_replication_backlog:0
mem_clients_slaves:0
mem_clients_normal:61496
mem_aof_buffer:192
mem_allocator:jemalloc-5.1.0
active_defrag_running:0
lazyfree_pending_objects:0
lazyfreed_objects:0


after: 
# Memory
used_memory:57124096
used_memory_human:54.48M
used_memory_rss:85807104
used_memory_rss_human:81.83M
used_memory_peak:2601715552
used_memory_peak_human:2.42G
used_memory_peak_perc:2.20%
used_memory_overhead:25066080
used_memory_startup:810072
used_memory_dataset:32058016
used_memory_dataset_perc:56.93%
allocator_allocated:57081328
allocator_active:58003456
allocator_resident:83832832
total_system_memory:16479883264
total_system_memory_human:15.35G
used_memory_lua:37888
used_memory_lua_human:37.00K
used_memory_scripts:0
used_memory_scripts_human:0B
number_of_cached_scripts:0
maxmemory:0
maxmemory_human:0B
maxmemory_policy:noeviction
allocator_frag_ratio:1.02
allocator_frag_bytes:922128
allocator_rss_ratio:1.45
allocator_rss_bytes:25829376
rss_overhead_ratio:1.02
rss_overhead_bytes:1974272
mem_fragmentation_ratio:1.51
mem_fragmentation_bytes:28835608
mem_not_counted_for_evict:188
mem_replication_backlog:0
mem_clients_slaves:0
mem_clients_normal:61512
mem_aof_buffer:192
mem_allocator:jemalloc-5.1.0
active_defrag_running:0
lazyfree_pending_objects:0
lazyfreed_objects:0
