before:  
# Memory
used_memory:929160
used_memory_human:907.38K
used_memory_rss:33329152
used_memory_rss_human:31.79M
used_memory_peak:2601715552
used_memory_peak_human:2.42G
used_memory_peak_perc:0.04%
used_memory_overhead:871760
used_memory_startup:810072
used_memory_dataset:57400
used_memory_dataset_perc:48.20%
allocator_allocated:1005736
allocator_active:5279744
allocator_resident:30998528
total_system_memory:16479883264
total_system_memory_human:15.35G
used_memory_lua:37888
used_memory_lua_human:37.00K
used_memory_scripts:0
used_memory_scripts_human:0B
number_of_cached_scripts:0
maxmemory:0
maxmemory_human:0B
maxmemory_policy:noeviction
allocator_frag_ratio:5.25
allocator_frag_bytes:4274008
allocator_rss_ratio:5.87
allocator_rss_bytes:25718784
rss_overhead_ratio:1.08
rss_overhead_bytes:2330624
mem_fragmentation_ratio:37.53
mem_fragmentation_bytes:32441016
mem_not_counted_for_evict:188
mem_replication_backlog:0
mem_clients_slaves:0
mem_clients_normal:61496
mem_aof_buffer:192
mem_allocator:jemalloc-5.1.0
active_defrag_running:0
lazyfree_pending_objects:0
lazyfreed_objects:0


after: 
# Memory
used_memory:3791304
used_memory_human:3.62M
used_memory_rss:34742272
used_memory_rss_human:33.13M
used_memory_peak:2601715552
used_memory_peak_human:2.42G
used_memory_peak_perc:0.15%
used_memory_overhead:2133920
used_memory_startup:810072
used_memory_dataset:1657384
used_memory_dataset_perc:55.59%
allocator_allocated:3747560
allocator_active:6725632
allocator_resident:32485376
total_system_memory:16479883264
total_system_memory_human:15.35G
used_memory_lua:37888
used_memory_lua_human:37.00K
used_memory_scripts:0
used_memory_scripts_human:0B
number_of_cached_scripts:0
maxmemory:0
maxmemory_human:0B
maxmemory_policy:noeviction
allocator_frag_ratio:1.79
allocator_frag_bytes:2978072
allocator_rss_ratio:4.83
allocator_rss_bytes:25759744
rss_overhead_ratio:1.07
rss_overhead_bytes:2256896
mem_fragmentation_ratio:9.55
mem_fragmentation_bytes:31106168
mem_not_counted_for_evict:188
mem_replication_backlog:0
mem_clients_slaves:0
mem_clients_normal:61512
mem_aof_buffer:192
mem_allocator:jemalloc-5.1.0
active_defrag_running:0
lazyfree_pending_objects:0
lazyfreed_objects:0
