before:  
# Memory
used_memory:932040
used_memory_human:910.20K
used_memory_rss:36143104
used_memory_rss_human:34.47M
used_memory_peak:2601715552
used_memory_peak_human:2.42G
used_memory_peak_perc:0.04%
used_memory_overhead:854144
used_memory_startup:810072
used_memory_dataset:77896
used_memory_dataset_perc:63.87%
allocator_allocated:1008536
allocator_active:8155136
allocator_resident:33828864
total_system_memory:16479883264
total_system_memory_human:15.35G
used_memory_lua:37888
used_memory_lua_human:37.00K
used_memory_scripts:0
used_memory_scripts_human:0B
number_of_cached_scripts:0
maxmemory:0
maxmemory_human:0B
maxmemory_policy:noeviction
allocator_frag_ratio:8.09
allocator_frag_bytes:7146600
allocator_rss_ratio:4.15
allocator_rss_bytes:25673728
rss_overhead_ratio:1.07
rss_overhead_bytes:2314240
mem_fragmentation_ratio:41.54
mem_fragmentation_bytes:35273072
mem_not_counted_for_evict:3066
mem_replication_backlog:0
mem_clients_slaves:0
mem_clients_normal:41000
mem_aof_buffer:3072
mem_allocator:jemalloc-5.1.0
active_defrag_running:0
lazyfree_pending_objects:0
lazyfreed_objects:0


after: 
# Memory
used_memory:2100232
used_memory_human:2.00M
used_memory_rss:36392960
used_memory_rss_human:34.71M
used_memory_peak:2601715552
used_memory_peak_human:2.42G
used_memory_peak_perc:0.08%
used_memory_overhead:1402848
used_memory_startup:810072
used_memory_dataset:697384
used_memory_dataset_perc:54.05%
allocator_allocated:2175208
allocator_active:8069120
allocator_resident:34185216
total_system_memory:16479883264
total_system_memory_human:15.35G
used_memory_lua:37888
used_memory_lua_human:37.00K
used_memory_scripts:0
used_memory_scripts_human:0B
number_of_cached_scripts:0
maxmemory:0
maxmemory_human:0B
maxmemory_policy:noeviction
allocator_frag_ratio:3.71
allocator_frag_bytes:5893912
allocator_rss_ratio:4.24
allocator_rss_bytes:26116096
rss_overhead_ratio:1.06
rss_overhead_bytes:2207744
mem_fragmentation_ratio:17.88
mem_fragmentation_bytes:34357352
mem_not_counted_for_evict:188
mem_replication_backlog:0
mem_clients_slaves:0
mem_clients_normal:61512
mem_aof_buffer:192
mem_allocator:jemalloc-5.1.0
active_defrag_running:0
lazyfree_pending_objects:0
lazyfreed_objects:0
